# JRE version: OpenJDK Runtime Environment Temurin-17.0.9+9 (17.0.9+9) (build 17.0.9+9)
# Java VM: OpenJDK 64-Bit Server VM Temurin-17.0.9+9 (17.0.9+9, mixed mode, emulated-client, tiered, compressed oops, compressed class ptrs, g1 gc, windows-amd64)
GC Precious Log:
 CPUs: 4 total, 4 available
 Memory: 8103M
 Large Page Support: Disabled
 NUMA Support: Disabled
 Compressed Oops: Enabled (32-bit)
 Heap Region Size: 1M
 Heap Min Capacity: 8M
 Heap Initial Capacity: 128M
 Heap Max Capacity: 2026M
 Pre-touch: Disabled
 Parallel Workers: 4
 Concurrent Workers: 1
 Concurrent Refinement Workers: 4
 Periodic GC: Disabled
Heap:
 garbage-first heap   total 51200K, used 18073K [0x0000000081600000, 0x0000000100000000)
  region size 1024K, 3 young (3072K), 3 survivors (3072K)
 Metaspace       used 33678K, committed 33984K, reserved 1114112K
  class space    used 4270K, committed 4416K, reserved 1048576K
GC Heap History (17 events):
Event: 0.943 GC heap before
{Heap before GC invocations=0 (full 0):
 garbage-first heap   total 131072K, used 15360K [0x0000000081600000, 0x0000000100000000)
  region size 1024K, 13 young (13312K), 0 survivors (0K)
 Metaspace       used 11674K, committed 11904K, reserved 1114112K
  class space    used 1175K, committed 1280K, reserved 1048576K
}
Event: 0.950 GC heap after
{Heap after GC invocations=1 (full 0):
 garbage-first heap   total 131072K, used 8549K [0x0000000081600000, 0x0000000100000000)
  region size 1024K, 2 young (2048K), 2 survivors (2048K)
 Metaspace       used 11674K, committed 11904K, reserved 1114112K
  class space    used 1175K, committed 1280K, reserved 1048576K
}
Event: 1.286 GC heap before
{Heap before GC invocations=1 (full 0):
 garbage-first heap   total 131072K, used 15717K [0x0000000081600000, 0x0000000100000000)
  region size 1024K, 10 young (10240K), 2 survivors (2048K)
 Metaspace       used 15342K, committed 15616K, reserved 1114112K
  class space    used 1618K, committed 1728K, reserved 1048576K
}
Event: 1.292 GC heap after
{Heap after GC invocations=2 (full 0):
 garbage-first heap   total 131072K, used 10140K [0x0000000081600000, 0x0000000100000000)
  region size 1024K, 2 young (2048K), 2 survivors (2048K)
 Metaspace       used 15342K, committed 15616K, reserved 1114112K
  class space    used 1618K, committed 1728K, reserved 1048576K
}
Event: 2.172 GC heap before
{Heap before GC invocations=2 (full 0):
 garbage-first heap   total 131072K, used 27548K [0x0000000081600000, 0x0000000100000000)
  region size 1024K, 20 young (20480K), 2 survivors (2048K)
 Metaspace       used 19314K, committed 19648K, reserved 1114112K
  class space    used 2213K, committed 2368K, reserved 1048576K
}
Event: 2.179 GC heap after
{Heap after GC invocations=3 (full 0):
 garbage-first heap   total 131072K, used 11520K [0x0000000081600000, 0x0000000100000000)
  region size 1024K, 3 young (3072K), 3 survivors (3072K)
 Metaspace       used 19314K, committed 19648K, reserved 1114112K
  class space    used 2213K, committed 2368K, reserved 1048576K
}
Event: 2.346 GC heap before
{Heap before GC invocations=3 (full 0):
 garbage-first heap   total 131072K, used 19712K [0x0000000081600000, 0x0000000100000000)
  region size 1024K, 12 young (12288K), 3 survivors (3072K)
 Metaspace       used 21211K, committed 21504K, reserved 1114112K
  class space    used 2472K, committed 2624K, reserved 1048576K
}
Event: 2.350 GC heap after
{Heap after GC invocations=4 (full 0):
 garbage-first heap   total 131072K, used 11849K [0x0000000081600000, 0x0000000100000000)
  region size 1024K, 4 young (4096K), 4 survivors (4096K)
 Metaspace       used 21211K, committed 21504K, reserved 1114112K
  class space    used 2472K, committed 2624K, reserved 1048576K
}
Event: 2.880 GC heap before
{Heap before GC invocations=5 (full 0):
 garbage-first heap   total 51200K, used 38473K [0x0000000081600000, 0x0000000100000000)
  region size 1024K, 30 young (30720K), 4 survivors (4096K)
 Metaspace       used 27049K, committed 27328K, reserved 1114112K
  class space    used 3224K, committed 3392K, reserved 1048576K
}
Event: 2.893 GC heap after
{Heap after GC invocations=6 (full 0):
 garbage-first heap   total 51200K, used 13624K [0x0000000081600000, 0x0000000100000000)
  region size 1024K, 4 young (4096K), 4 survivors (4096K)
 Metaspace       used 27049K, committed 27328K, reserved 1114112K
  class space    used 3224K, committed 3392K, reserved 1048576K
}
Event: 2.931 GC heap before
{Heap before GC invocations=6 (full 0):
 garbage-first heap   total 51200K, used 14648K [0x0000000081600000, 0x0000000100000000)
  region size 1024K, 5 young (5120K), 4 survivors (4096K)
 Metaspace       used 27259K, committed 27584K, reserved 1114112K
  class space    used 3254K, committed 3392K, reserved 1048576K
}
Event: 2.937 GC heap after
{Heap after GC invocations=7 (full 0):
 garbage-first heap   total 51200K, used 13942K [0x0000000081600000, 0x0000000100000000)
  region size 1024K, 1 young (1024K), 1 survivors (1024K)
 Metaspace       used 27259K, committed 27584K, reserved 1114112K
  class space    used 3254K, committed 3392K, reserved 1048576K
}
Event: 3.590 GC heap before
{Heap before GC invocations=7 (full 0):
 garbage-first heap   total 51200K, used 33398K [0x0000000081600000, 0x0000000100000000)
  region size 1024K, 21 young (21504K), 1 survivors (1024K)
 Metaspace       used 29270K, committed 29632K, reserved 1114112K
  class space    used 3501K, committed 3648K, reserved 1048576K
}
Event: 3.596 GC heap after
{Heap after GC invocations=8 (full 0):
 garbage-first heap   total 51200K, used 15699K [0x0000000081600000, 0x0000000100000000)
  region size 1024K, 3 young (3072K), 3 survivors (3072K)
 Metaspace       used 29270K, committed 29632K, reserved 1114112K
  class space    used 3501K, committed 3648K, reserved 1048576K
}
Event: 4.404 GC heap before
{Heap before GC invocations=8 (full 0):
 garbage-first heap   total 51200K, used 35155K [0x0000000081600000, 0x0000000100000000)
  region size 1024K, 22 young (22528K), 3 survivors (3072K)
 Metaspace       used 31086K, committed 31424K, reserved 1114112K
  class space    used 3772K, committed 3904K, reserved 1048576K
}
Event: 4.415 GC heap after
{Heap after GC invocations=9 (full 0):
 garbage-first heap   total 51200K, used 17020K [0x0000000081600000, 0x0000000100000000)
  region size 1024K, 2 young (2048K), 2 survivors (2048K)
 Metaspace       used 31086K, committed 31424K, reserved 1114112K
  class space    used 3772K, committed 3904K, reserved 1048576K
}
Event: 5.811 GC heap before
{Heap before GC invocations=9 (full 0):
 garbage-first heap   total 51200K, used 36476K [0x0000000081600000, 0x0000000100000000)
  region size 1024K, 21 young (21504K), 2 survivors (2048K)
 Metaspace       used 33678K, committed 33984K, reserved 1114112K
  class space    used 4270K, committed 4416K, reserved 1048576K
}

