# JRE version: OpenJDK Runtime Environment Temurin-17.0.9+9 (17.0.9+9) (build 17.0.9+9)
# Java VM: OpenJDK 64-Bit Server VM Temurin-17.0.9+9 (17.0.9+9, mixed mode, emulated-client, tiered, compressed oops, compressed class ptrs, g1 gc, windows-amd64)
GC Precious Log:
 CPUs: 4 total, 4 available
 Memory: 8103M
 Large Page Support: Disabled
 NUMA Support: Disabled
 Compressed Oops: Enabled (32-bit)
 Heap Region Size: 1M
 Heap Min Capacity: 8M
 Heap Initial Capacity: 128M
 Heap Max Capacity: 2026M
 Pre-touch: Disabled
 Parallel Workers: 4
 Concurrent Workers: 1
 Concurrent Refinement Workers: 4
 Periodic GC: Disabled
Heap:
 garbage-first heap   total 71680K, used 29570K [0x0000000081600000, 0x0000000100000000)
  region size 1024K, 3 young (3072K), 3 survivors (3072K)
 Metaspace       used 56117K, committed 56704K, reserved 1114112K
  class space    used 7582K, committed 7872K, reserved 1048576K
GC Heap History (20 events):
Event: 1.894 GC heap after
{Heap after GC invocations=3 (full 0):
 garbage-first heap   total 131072K, used 9771K [0x0000000081600000, 0x0000000100000000)
  region size 1024K, 3 young (3072K), 3 survivors (3072K)
 Metaspace       used 21289K, committed 21504K, reserved 1114112K
  class space    used 2508K, committed 2624K, reserved 1048576K
}
Event: 2.192 GC heap before
{Heap before GC invocations=4 (full 0):
 garbage-first heap   total 40960K, used 29227K [0x0000000081600000, 0x0000000100000000)
  region size 1024K, 24 young (24576K), 3 survivors (3072K)
 Metaspace       used 24996K, committed 25280K, reserved 1114112K
  class space    used 3142K, committed 3264K, reserved 1048576K
}
Event: 2.198 GC heap after
{Heap after GC invocations=5 (full 0):
 garbage-first heap   total 40960K, used 11002K [0x0000000081600000, 0x0000000100000000)
  region size 1024K, 4 young (4096K), 4 survivors (4096K)
 Metaspace       used 24996K, committed 25280K, reserved 1114112K
  class space    used 3142K, committed 3264K, reserved 1048576K
}
Event: 2.212 GC heap before
{Heap before GC invocations=5 (full 0):
 garbage-first heap   total 40960K, used 12026K [0x0000000081600000, 0x0000000100000000)
  region size 1024K, 5 young (5120K), 4 survivors (4096K)
 Metaspace       used 25209K, committed 25472K, reserved 1114112K
  class space    used 3165K, committed 3264K, reserved 1048576K
}
Event: 2.219 GC heap after
{Heap after GC invocations=6 (full 0):
 garbage-first heap   total 40960K, used 11287K [0x0000000081600000, 0x0000000100000000)
  region size 1024K, 1 young (1024K), 1 survivors (1024K)
 Metaspace       used 25209K, committed 25472K, reserved 1114112K
  class space    used 3165K, committed 3264K, reserved 1048576K
}
Event: 2.370 GC heap before
{Heap before GC invocations=6 (full 0):
 garbage-first heap   total 40960K, used 25623K [0x0000000081600000, 0x0000000100000000)
  region size 1024K, 16 young (16384K), 1 survivors (1024K)
 Metaspace       used 28159K, committed 28480K, reserved 1114112K
  class space    used 3436K, committed 3584K, reserved 1048576K
}
Event: 2.373 GC heap after
{Heap after GC invocations=7 (full 0):
 garbage-first heap   total 81920K, used 12125K [0x0000000081600000, 0x0000000100000000)
  region size 1024K, 2 young (2048K), 2 survivors (2048K)
 Metaspace       used 28159K, committed 28480K, reserved 1114112K
  class space    used 3436K, committed 3584K, reserved 1048576K
}
Event: 3.086 GC heap before
{Heap before GC invocations=7 (full 0):
 garbage-first heap   total 81920K, used 58205K [0x0000000081600000, 0x0000000100000000)
  region size 1024K, 47 young (48128K), 2 survivors (2048K)
 Metaspace       used 33197K, committed 33472K, reserved 1114112K
  class space    used 4152K, committed 4288K, reserved 1048576K
}
Event: 3.094 GC heap after
{Heap after GC invocations=8 (full 0):
 garbage-first heap   total 81920K, used 15713K [0x0000000081600000, 0x0000000100000000)
  region size 1024K, 5 young (5120K), 5 survivors (5120K)
 Metaspace       used 33197K, committed 33472K, reserved 1114112K
  class space    used 4152K, committed 4288K, reserved 1048576K
}
Event: 3.749 GC heap before
{Heap before GC invocations=8 (full 0):
 garbage-first heap   total 81920K, used 41313K [0x0000000081600000, 0x0000000100000000)
  region size 1024K, 31 young (31744K), 5 survivors (5120K)
 Metaspace       used 36068K, committed 36416K, reserved 1114112K
  class space    used 4623K, committed 4800K, reserved 1048576K
}
Event: 3.767 GC heap after
{Heap after GC invocations=9 (full 0):
 garbage-first heap   total 81920K, used 17984K [0x0000000081600000, 0x0000000100000000)
  region size 1024K, 3 young (3072K), 3 survivors (3072K)
 Metaspace       used 36068K, committed 36416K, reserved 1114112K
  class space    used 4623K, committed 4800K, reserved 1048576K
}
Event: 4.788 GC heap before
{Heap before GC invocations=10 (full 0):
 garbage-first heap   total 71680K, used 58944K [0x0000000081600000, 0x0000000100000000)
  region size 1024K, 42 young (43008K), 3 survivors (3072K)
 Metaspace       used 41387K, committed 41856K, reserved 1114112K
  class space    used 5387K, committed 5632K, reserved 1048576K
}
Event: 4.797 GC heap after
{Heap after GC invocations=11 (full 0):
 garbage-first heap   total 71680K, used 21029K [0x0000000081600000, 0x0000000100000000)
  region size 1024K, 6 young (6144K), 6 survivors (6144K)
 Metaspace       used 41387K, committed 41856K, reserved 1114112K
  class space    used 5387K, committed 5632K, reserved 1048576K
}
Event: 4.826 GC heap before
{Heap before GC invocations=11 (full 0):
 garbage-first heap   total 71680K, used 22053K [0x0000000081600000, 0x0000000100000000)
  region size 1024K, 7 young (7168K), 6 survivors (6144K)
 Metaspace       used 41603K, committed 42048K, reserved 1114112K
  class space    used 5415K, committed 5632K, reserved 1048576K
}
Event: 4.835 GC heap after
{Heap after GC invocations=12 (full 0):
 garbage-first heap   total 71680K, used 21737K [0x0000000081600000, 0x0000000100000000)
  region size 1024K, 1 young (1024K), 1 survivors (1024K)
 Metaspace       used 41603K, committed 42048K, reserved 1114112K
  class space    used 5415K, committed 5632K, reserved 1048576K
}
Event: 5.662 GC heap before
{Heap before GC invocations=12 (full 0):
 garbage-first heap   total 71680K, used 53481K [0x0000000081600000, 0x0000000100000000)
  region size 1024K, 32 young (32768K), 1 survivors (1024K)
 Metaspace       used 45347K, committed 45760K, reserved 1114112K
  class space    used 6080K, committed 6272K, reserved 1048576K
}
Event: 5.667 GC heap after
{Heap after GC invocations=13 (full 0):
 garbage-first heap   total 71680K, used 23223K [0x0000000081600000, 0x0000000100000000)
  region size 1024K, 3 young (3072K), 3 survivors (3072K)
 Metaspace       used 45347K, committed 45760K, reserved 1114112K
  class space    used 6080K, committed 6272K, reserved 1048576K
}
Event: 6.478 GC heap before
{Heap before GC invocations=13 (full 0):
 garbage-first heap   total 71680K, used 53943K [0x0000000081600000, 0x0000000100000000)
  region size 1024K, 33 young (33792K), 3 survivors (3072K)
 Metaspace       used 51484K, committed 52032K, reserved 1114112K
  class space    used 6915K, committed 7168K, reserved 1048576K
}
Event: 6.488 GC heap after
{Heap after GC invocations=14 (full 0):
 garbage-first heap   total 71680K, used 26782K [0x0000000081600000, 0x0000000100000000)
  region size 1024K, 5 young (5120K), 5 survivors (5120K)
 Metaspace       used 51484K, committed 52032K, reserved 1114112K
  class space    used 6915K, committed 7168K, reserved 1048576K
}
Event: 63.325 GC heap before
{Heap before GC invocations=14 (full 0):
 garbage-first heap   total 71680K, used 54430K [0x0000000081600000, 0x0000000100000000)
  region size 1024K, 32 young (32768K), 5 survivors (5120K)
 Metaspace       used 56117K, committed 56704K, reserved 1114112K
  class space    used 7582K, committed 7872K, reserved 1048576K
}

