# JRE version: OpenJDK Runtime Environment Temurin-17.0.9+9 (17.0.9+9) (build 17.0.9+9)
# Java VM: OpenJDK 64-Bit Server VM Temurin-17.0.9+9 (17.0.9+9, mixed mode, emulated-client, tiered, compressed oops, compressed class ptrs, g1 gc, windows-amd64)
GC Precious Log:
 CPUs: 4 total, 4 available
 Memory: 8103M
 Large Page Support: Disabled
 NUMA Support: Disabled
 Compressed Oops: Enabled (32-bit)
 Heap Region Size: 1M
 Heap Min Capacity: 8M
 Heap Initial Capacity: 128M
 Heap Max Capacity: 2026M
 Pre-touch: Disabled
 Parallel Workers: 4
 Concurrent Workers: 1
 Concurrent Refinement Workers: 4
 Periodic GC: Disabled
Heap:
 garbage-first heap   total 107520K, used 23659K [0x0000000081600000, 0x0000000100000000)
  region size 1024K, 2 young (2048K), 2 survivors (2048K)
 Metaspace       used 67118K, committed 67648K, reserved 1114112K
  class space    used 8917K, committed 9152K, reserved 1048576K
GC Heap History (20 events):
Event: 6.479 GC heap after
{Heap after GC invocations=15 (full 0):
 garbage-first heap   total 61440K, used 17287K [0x0000000081600000, 0x0000000100000000)
  region size 1024K, 3 young (3072K), 3 survivors (3072K)
 Metaspace       used 38529K, committed 38976K, reserved 1114112K
  class space    used 4781K, committed 4992K, reserved 1048576K
}
Event: 6.511 GC heap before
{Heap before GC invocations=15 (full 0):
 garbage-first heap   total 61440K, used 18311K [0x0000000081600000, 0x0000000100000000)
  region size 1024K, 4 young (4096K), 3 survivors (3072K)
 Metaspace       used 38709K, committed 39168K, reserved 1114112K
  class space    used 4806K, committed 4992K, reserved 1048576K
}
Event: 6.517 GC heap after
{Heap after GC invocations=16 (full 0):
 garbage-first heap   total 73728K, used 17624K [0x0000000081600000, 0x0000000100000000)
  region size 1024K, 1 young (1024K), 1 survivors (1024K)
 Metaspace       used 38709K, committed 39168K, reserved 1114112K
  class space    used 4806K, committed 4992K, reserved 1048576K
}
Event: 7.119 GC heap before
{Heap before GC invocations=16 (full 0):
 garbage-first heap   total 73728K, used 56536K [0x0000000081600000, 0x0000000100000000)
  region size 1024K, 39 young (39936K), 1 survivors (1024K)
 Metaspace       used 42009K, committed 42496K, reserved 1114112K
  class space    used 5263K, committed 5504K, reserved 1048576K
}
Event: 7.122 GC heap after
{Heap after GC invocations=17 (full 0):
 garbage-first heap   total 73728K, used 17967K [0x0000000081600000, 0x0000000100000000)
  region size 1024K, 1 young (1024K), 1 survivors (1024K)
 Metaspace       used 42009K, committed 42496K, reserved 1114112K
  class space    used 5263K, committed 5504K, reserved 1048576K
}
Event: 7.741 GC heap before
{Heap before GC invocations=17 (full 0):
 garbage-first heap   total 73728K, used 57903K [0x0000000081600000, 0x0000000100000000)
  region size 1024K, 40 young (40960K), 1 survivors (1024K)
 Metaspace       used 45690K, committed 46208K, reserved 1114112K
  class space    used 5842K, committed 6080K, reserved 1048576K
}
Event: 7.745 GC heap after
{Heap after GC invocations=18 (full 0):
 garbage-first heap   total 73728K, used 19314K [0x0000000081600000, 0x0000000100000000)
  region size 1024K, 3 young (3072K), 3 survivors (3072K)
 Metaspace       used 45690K, committed 46208K, reserved 1114112K
  class space    used 5842K, committed 6080K, reserved 1048576K
}
Event: 8.571 GC heap before
{Heap before GC invocations=18 (full 0):
 garbage-first heap   total 73728K, used 58226K [0x0000000081600000, 0x0000000100000000)
  region size 1024K, 41 young (41984K), 3 survivors (3072K)
 Metaspace       used 52019K, committed 52480K, reserved 1114112K
  class space    used 6613K, committed 6848K, reserved 1048576K
}
Event: 8.577 GC heap after
{Heap after GC invocations=19 (full 0):
 garbage-first heap   total 73728K, used 20615K [0x0000000081600000, 0x0000000100000000)
  region size 1024K, 4 young (4096K), 4 survivors (4096K)
 Metaspace       used 52019K, committed 52480K, reserved 1114112K
  class space    used 6613K, committed 6848K, reserved 1048576K
}
Event: 9.172 GC heap before
{Heap before GC invocations=19 (full 0):
 garbage-first heap   total 73728K, used 58503K [0x0000000081600000, 0x0000000100000000)
  region size 1024K, 41 young (41984K), 4 survivors (4096K)
 Metaspace       used 55325K, committed 55872K, reserved 1114112K
  class space    used 7092K, committed 7360K, reserved 1048576K
}
Event: 9.178 GC heap after
{Heap after GC invocations=20 (full 0):
 garbage-first heap   total 73728K, used 21700K [0x0000000081600000, 0x0000000100000000)
  region size 1024K, 4 young (4096K), 4 survivors (4096K)
 Metaspace       used 55325K, committed 55872K, reserved 1114112K
  class space    used 7092K, committed 7360K, reserved 1048576K
}
Event: 9.710 GC heap before
{Heap before GC invocations=20 (full 0):
 garbage-first heap   total 73728K, used 58564K [0x0000000081600000, 0x0000000100000000)
  region size 1024K, 41 young (41984K), 4 survivors (4096K)
 Metaspace       used 59654K, committed 60160K, reserved 1114112K
  class space    used 7733K, committed 8000K, reserved 1048576K
}
Event: 9.715 GC heap after
{Heap after GC invocations=21 (full 0):
 garbage-first heap   total 73728K, used 22412K [0x0000000081600000, 0x0000000100000000)
  region size 1024K, 4 young (4096K), 4 survivors (4096K)
 Metaspace       used 59654K, committed 60160K, reserved 1114112K
  class space    used 7733K, committed 8000K, reserved 1048576K
}
Event: 9.742 GC heap before
{Heap before GC invocations=21 (full 0):
 garbage-first heap   total 73728K, used 24460K [0x0000000081600000, 0x0000000100000000)
  region size 1024K, 8 young (8192K), 4 survivors (4096K)
 Metaspace       used 59791K, committed 60288K, reserved 1114112K
  class space    used 7751K, committed 8000K, reserved 1048576K
}
Event: 9.747 GC heap after
{Heap after GC invocations=22 (full 0):
 garbage-first heap   total 73728K, used 22611K [0x0000000081600000, 0x0000000100000000)
  region size 1024K, 3 young (3072K), 3 survivors (3072K)
 Metaspace       used 59791K, committed 60288K, reserved 1114112K
  class space    used 7751K, committed 8000K, reserved 1048576K
}
Event: 10.534 GC heap before
{Heap before GC invocations=23 (full 0):
 garbage-first heap   total 73728K, used 60499K [0x0000000081600000, 0x0000000100000000)
  region size 1024K, 40 young (40960K), 3 survivors (3072K)
 Metaspace       used 63403K, committed 63872K, reserved 1114112K
  class space    used 8400K, committed 8640K, reserved 1048576K
}
Event: 10.538 GC heap after
{Heap after GC invocations=24 (full 0):
 garbage-first heap   total 73728K, used 22814K [0x0000000081600000, 0x0000000100000000)
  region size 1024K, 3 young (3072K), 3 survivors (3072K)
 Metaspace       used 63403K, committed 63872K, reserved 1114112K
  class space    used 8400K, committed 8640K, reserved 1048576K
}
Event: 10.557 GC heap before
{Heap before GC invocations=24 (full 0):
 garbage-first heap   total 73728K, used 23838K [0x0000000081600000, 0x0000000100000000)
  region size 1024K, 4 young (4096K), 3 survivors (3072K)
 Metaspace       used 63511K, committed 64000K, reserved 1114112K
  class space    used 8414K, committed 8640K, reserved 1048576K
}
Event: 10.563 GC heap after
{Heap after GC invocations=25 (full 0):
 garbage-first heap   total 73728K, used 22808K [0x0000000081600000, 0x0000000100000000)
  region size 1024K, 1 young (1024K), 1 survivors (1024K)
 Metaspace       used 63511K, committed 64000K, reserved 1114112K
  class space    used 8414K, committed 8640K, reserved 1048576K
}
Event: 11.203 GC heap before
{Heap before GC invocations=25 (full 0):
 garbage-first heap   total 73728K, used 59672K [0x0000000081600000, 0x0000000100000000)
  region size 1024K, 38 young (38912K), 1 survivors (1024K)
 Metaspace       used 67118K, committed 67648K, reserved 1114112K
  class space    used 8917K, committed 9152K, reserved 1048576K
}

