# JRE version: OpenJDK Runtime Environment Temurin-17.0.9+9 (17.0.9+9) (build 17.0.9+9)
# Java VM: OpenJDK 64-Bit Server VM Temurin-17.0.9+9 (17.0.9+9, mixed mode, emulated-client, tiered, compressed oops, compressed class ptrs, g1 gc, windows-amd64)
GC Precious Log:
 CPUs: 4 total, 4 available
 Memory: 8103M
 Large Page Support: Disabled
 NUMA Support: Disabled
 Compressed Oops: Enabled (32-bit)
 Heap Region Size: 1M
 Heap Min Capacity: 8M
 Heap Initial Capacity: 128M
 Heap Max Capacity: 1G
 Pre-touch: Disabled
 Parallel Workers: 4
 Concurrent Workers: 1
 Concurrent Refinement Workers: 4
 Periodic GC: Disabled
Heap:
 garbage-first heap   total 78848K, used 38737K [0x00000000c0000000, 0x0000000100000000)
  region size 1024K, 1 young (1024K), 0 survivors (0K)
 Metaspace       used 58965K, committed 59520K, reserved 1114112K
  class space    used 7022K, committed 7296K, reserved 1048576K
GC Heap History (20 events):
Event: 4.454 GC heap before
{Heap before GC invocations=5 (full 0):
 garbage-first heap   total 65536K, used 49524K [0x00000000c0000000, 0x0000000100000000)
  region size 1024K, 37 young (37888K), 4 survivors (4096K)
 Metaspace       used 28553K, committed 28800K, reserved 1114112K
  class space    used 3373K, committed 3520K, reserved 1048576K
}
Event: 4.467 GC heap after
{Heap after GC invocations=6 (full 0):
 garbage-first heap   total 65536K, used 20909K [0x00000000c0000000, 0x0000000100000000)
  region size 1024K, 4 young (4096K), 4 survivors (4096K)
 Metaspace       used 28553K, committed 28800K, reserved 1114112K
  class space    used 3373K, committed 3520K, reserved 1048576K
}
Event: 5.213 GC heap before
{Heap before GC invocations=6 (full 0):
 garbage-first heap   total 65536K, used 41389K [0x00000000c0000000, 0x0000000100000000)
  region size 1024K, 24 young (24576K), 4 survivors (4096K)
 Metaspace       used 30797K, committed 31168K, reserved 1114112K
  class space    used 3668K, committed 3840K, reserved 1048576K
}
Event: 5.229 GC heap after
{Heap after GC invocations=7 (full 0):
 garbage-first heap   total 65536K, used 22843K [0x00000000c0000000, 0x0000000100000000)
  region size 1024K, 2 young (2048K), 2 survivors (2048K)
 Metaspace       used 30797K, committed 31168K, reserved 1114112K
  class space    used 3668K, committed 3840K, reserved 1048576K
}
Event: 6.142 GC heap before
{Heap before GC invocations=7 (full 0):
 garbage-first heap   total 65536K, used 44347K [0x00000000c0000000, 0x0000000100000000)
  region size 1024K, 24 young (24576K), 2 survivors (2048K)
 Metaspace       used 34284K, committed 34624K, reserved 1114112K
  class space    used 4160K, committed 4288K, reserved 1048576K
}
Event: 6.156 GC heap after
{Heap after GC invocations=8 (full 0):
 garbage-first heap   total 65536K, used 25211K [0x00000000c0000000, 0x0000000100000000)
  region size 1024K, 3 young (3072K), 3 survivors (3072K)
 Metaspace       used 34284K, committed 34624K, reserved 1114112K
  class space    used 4160K, committed 4288K, reserved 1048576K
}
Event: 6.447 GC heap before
{Heap before GC invocations=8 (full 0):
 garbage-first heap   total 65536K, used 34427K [0x00000000c0000000, 0x0000000100000000)
  region size 1024K, 13 young (13312K), 3 survivors (3072K)
 Metaspace       used 35694K, committed 35968K, reserved 1114112K
  class space    used 4352K, committed 4480K, reserved 1048576K
}
Event: 6.459 GC heap after
{Heap after GC invocations=9 (full 0):
 garbage-first heap   total 78848K, used 26205K [0x00000000c0000000, 0x0000000100000000)
  region size 1024K, 1 young (1024K), 1 survivors (1024K)
 Metaspace       used 35694K, committed 35968K, reserved 1114112K
  class space    used 4352K, committed 4480K, reserved 1048576K
}
Event: 7.734 GC heap before
{Heap before GC invocations=10 (full 0):
 garbage-first heap   total 78848K, used 57949K [0x00000000c0000000, 0x0000000100000000)
  region size 1024K, 33 young (33792K), 1 survivors (1024K)
 Metaspace       used 41034K, committed 41472K, reserved 1114112K
  class space    used 5205K, committed 5440K, reserved 1048576K
}
Event: 7.741 GC heap after
{Heap after GC invocations=11 (full 0):
 garbage-first heap   total 78848K, used 28678K [0x00000000c0000000, 0x0000000100000000)
  region size 1024K, 4 young (4096K), 4 survivors (4096K)
 Metaspace       used 41034K, committed 41472K, reserved 1114112K
  class space    used 5205K, committed 5440K, reserved 1048576K
}
Event: 8.447 GC heap before
{Heap before GC invocations=12 (full 0):
 garbage-first heap   total 78848K, used 59398K [0x00000000c0000000, 0x0000000100000000)
  region size 1024K, 34 young (34816K), 4 survivors (4096K)
 Metaspace       used 45731K, committed 46144K, reserved 1114112K
  class space    used 5552K, committed 5760K, reserved 1048576K
}
Event: 8.456 GC heap after
{Heap after GC invocations=13 (full 0):
 garbage-first heap   total 78848K, used 30984K [0x00000000c0000000, 0x0000000100000000)
  region size 1024K, 5 young (5120K), 5 survivors (5120K)
 Metaspace       used 45731K, committed 46144K, reserved 1114112K
  class space    used 5552K, committed 5760K, reserved 1048576K
}
Event: 8.867 GC heap before
{Heap before GC invocations=13 (full 0):
 garbage-first heap   total 78848K, used 60680K [0x00000000c0000000, 0x0000000100000000)
  region size 1024K, 34 young (34816K), 5 survivors (5120K)
 Metaspace       used 50466K, committed 51008K, reserved 1114112K
  class space    used 6021K, committed 6272K, reserved 1048576K
}
Event: 8.877 GC heap after
{Heap after GC invocations=14 (full 0):
 garbage-first heap   total 78848K, used 38545K [0x00000000c0000000, 0x0000000100000000)
  region size 1024K, 5 young (5120K), 5 survivors (5120K)
 Metaspace       used 50466K, committed 51008K, reserved 1114112K
  class space    used 6021K, committed 6272K, reserved 1048576K
}
Event: 9.209 GC heap before
{Heap before GC invocations=14 (full 0):
 garbage-first heap   total 78848K, used 59025K [0x00000000c0000000, 0x0000000100000000)
  region size 1024K, 26 young (26624K), 5 survivors (5120K)
 Metaspace       used 55251K, committed 55680K, reserved 1114112K
  class space    used 6607K, committed 6784K, reserved 1048576K
}
Event: 9.214 GC heap after
{Heap after GC invocations=15 (full 0):
 garbage-first heap   total 78848K, used 40535K [0x00000000c0000000, 0x0000000100000000)
  region size 1024K, 2 young (2048K), 2 survivors (2048K)
 Metaspace       used 55251K, committed 55680K, reserved 1114112K
  class space    used 6607K, committed 6784K, reserved 1048576K
}
Event: 9.949 GC heap before
{Heap before GC invocations=15 (full 0):
 garbage-first heap   total 78848K, used 59991K [0x00000000c0000000, 0x0000000100000000)
  region size 1024K, 22 young (22528K), 2 survivors (2048K)
 Metaspace       used 58820K, committed 59328K, reserved 1114112K
  class space    used 7000K, committed 7296K, reserved 1048576K
}
Event: 9.954 GC heap after
{Heap after GC invocations=16 (full 0):
 garbage-first heap   total 78848K, used 42045K [0x00000000c0000000, 0x0000000100000000)
  region size 1024K, 3 young (3072K), 3 survivors (3072K)
 Metaspace       used 58820K, committed 59328K, reserved 1114112K
  class space    used 7000K, committed 7296K, reserved 1048576K
}
Event: 47.208 GC heap before
{Heap before GC invocations=17 (full 0):
 garbage-first heap   total 78848K, used 44093K [0x00000000c0000000, 0x0000000100000000)
  region size 1024K, 6 young (6144K), 3 survivors (3072K)
 Metaspace       used 58965K, committed 59520K, reserved 1114112K
  class space    used 7022K, committed 7296K, reserved 1048576K
}
Event: 47.278 GC heap after
{Heap after GC invocations=18 (full 1):
 garbage-first heap   total 78848K, used 38737K [0x00000000c0000000, 0x0000000100000000)
  region size 1024K, 0 young (0K), 0 survivors (0K)
 Metaspace       used 58965K, committed 59520K, reserved 1114112K
  class space    used 7022K, committed 7296K, reserved 1048576K
}

