# JRE version: OpenJDK Runtime Environment Temurin-17.0.9+9 (17.0.9+9) (build 17.0.9+9)
# Java VM: OpenJDK 64-Bit Server VM Temurin-17.0.9+9 (17.0.9+9, mixed mode, emulated-client, tiered, compressed oops, compressed class ptrs, g1 gc, windows-amd64)
GC Precious Log:
 CPUs: 4 total, 4 available
 Memory: 8103M
 Large Page Support: Disabled
 NUMA Support: Disabled
 Compressed Oops: Enabled (32-bit)
 Heap Region Size: 1M
 Heap Min Capacity: 8M
 Heap Initial Capacity: 128M
 Heap Max Capacity: 1G
 Pre-touch: Disabled
 Parallel Workers: 4
 Concurrent Workers: 1
 Concurrent Refinement Workers: 4
 Periodic GC: Disabled
Heap:
 garbage-first heap   total 106496K, used 44437K [0x00000000c0000000, 0x0000000100000000)
  region size 1024K, 1 young (1024K), 0 survivors (0K)
 Metaspace       used 61065K, committed 61632K, reserved 1114112K
  class space    used 7328K, committed 7616K, reserved 1048576K
GC Heap History (20 events):
Event: 15.235 GC heap before
{Heap before GC invocations=13 (full 0):
 garbage-first heap   total 65536K, used 53345K [0x00000000c0000000, 0x0000000100000000)
  region size 1024K, 24 young (24576K), 3 survivors (3072K)
 Metaspace       used 41291K, committed 41728K, reserved 1114112K
  class space    used 5246K, committed 5504K, reserved 1048576K
}
Event: 15.242 GC heap after
{Heap after GC invocations=14 (full 0):
 garbage-first heap   total 65536K, used 30425K [0x00000000c0000000, 0x0000000100000000)
  region size 1024K, 3 young (3072K), 3 survivors (3072K)
 Metaspace       used 41291K, committed 41728K, reserved 1114112K
  class space    used 5246K, committed 5504K, reserved 1048576K
}
Event: 15.702 GC heap before
{Heap before GC invocations=14 (full 0):
 garbage-first heap   total 65536K, used 49881K [0x00000000c0000000, 0x0000000100000000)
  region size 1024K, 22 young (22528K), 3 survivors (3072K)
 Metaspace       used 44496K, committed 44928K, reserved 1114112K
  class space    used 5454K, committed 5632K, reserved 1048576K
}
Event: 15.708 GC heap after
{Heap after GC invocations=15 (full 0):
 garbage-first heap   total 65536K, used 31682K [0x00000000c0000000, 0x0000000100000000)
  region size 1024K, 2 young (2048K), 2 survivors (2048K)
 Metaspace       used 44496K, committed 44928K, reserved 1114112K
  class space    used 5454K, committed 5632K, reserved 1048576K
}
Event: 15.892 GC heap before
{Heap before GC invocations=16 (full 0):
 garbage-first heap   total 76800K, used 58306K [0x00000000c0000000, 0x0000000100000000)
  region size 1024K, 20 young (20480K), 2 survivors (2048K)
 Metaspace       used 45781K, committed 46208K, reserved 1114112K
  class space    used 5577K, committed 5760K, reserved 1048576K
}
Event: 15.898 GC heap after
{Heap after GC invocations=17 (full 0):
 garbage-first heap   total 76800K, used 34718K [0x00000000c0000000, 0x0000000100000000)
  region size 1024K, 3 young (3072K), 3 survivors (3072K)
 Metaspace       used 45781K, committed 46208K, reserved 1114112K
  class space    used 5577K, committed 5760K, reserved 1048576K
}
Event: 16.198 GC heap before
{Heap before GC invocations=17 (full 0):
 garbage-first heap   total 76800K, used 58270K [0x00000000c0000000, 0x0000000100000000)
  region size 1024K, 27 young (27648K), 3 survivors (3072K)
 Metaspace       used 48382K, committed 48896K, reserved 1114112K
  class space    used 5911K, committed 6144K, reserved 1048576K
}
Event: 16.206 GC heap after
{Heap after GC invocations=18 (full 0):
 garbage-first heap   total 76800K, used 37428K [0x00000000c0000000, 0x0000000100000000)
  region size 1024K, 4 young (4096K), 4 survivors (4096K)
 Metaspace       used 48382K, committed 48896K, reserved 1114112K
  class space    used 5911K, committed 6144K, reserved 1048576K
}
Event: 16.601 GC heap before
{Heap before GC invocations=18 (full 0):
 garbage-first heap   total 76800K, used 58932K [0x00000000c0000000, 0x0000000100000000)
  region size 1024K, 25 young (25600K), 4 survivors (4096K)
 Metaspace       used 53436K, committed 53952K, reserved 1114112K
  class space    used 6420K, committed 6656K, reserved 1048576K
}
Event: 16.610 GC heap after
{Heap after GC invocations=19 (full 0):
 garbage-first heap   total 106496K, used 43497K [0x00000000c0000000, 0x0000000100000000)
  region size 1024K, 4 young (4096K), 4 survivors (4096K)
 Metaspace       used 53436K, committed 53952K, reserved 1114112K
  class space    used 6420K, committed 6656K, reserved 1048576K
}
Event: 17.324 GC heap before
{Heap before GC invocations=19 (full 0):
 garbage-first heap   total 106496K, used 78313K [0x00000000c0000000, 0x0000000100000000)
  region size 1024K, 39 young (39936K), 4 survivors (4096K)
 Metaspace       used 57780K, committed 58304K, reserved 1114112K
  class space    used 6949K, committed 7168K, reserved 1048576K
}
Event: 17.331 GC heap after
{Heap after GC invocations=20 (full 0):
 garbage-first heap   total 106496K, used 46891K [0x00000000c0000000, 0x0000000100000000)
  region size 1024K, 3 young (3072K), 3 survivors (3072K)
 Metaspace       used 57780K, committed 58304K, reserved 1114112K
  class space    used 6949K, committed 7168K, reserved 1048576K
}
Event: 19.168 GC heap before
{Heap before GC invocations=20 (full 0):
 garbage-first heap   total 106496K, used 80683K [0x00000000c0000000, 0x0000000100000000)
  region size 1024K, 37 young (37888K), 3 survivors (3072K)
 Metaspace       used 61012K, committed 61568K, reserved 1114112K
  class space    used 7323K, committed 7616K, reserved 1048576K
}
Event: 19.177 GC heap after
{Heap after GC invocations=21 (full 0):
 garbage-first heap   total 106496K, used 49752K [0x00000000c0000000, 0x0000000100000000)
  region size 1024K, 3 young (3072K), 3 survivors (3072K)
 Metaspace       used 61012K, committed 61568K, reserved 1114112K
  class space    used 7323K, committed 7616K, reserved 1048576K
}
Event: 54.420 GC heap before
{Heap before GC invocations=21 (full 0):
 garbage-first heap   total 106496K, used 50776K [0x00000000c0000000, 0x0000000100000000)
  region size 1024K, 5 young (5120K), 3 survivors (3072K)
 Metaspace       used 61069K, committed 61632K, reserved 1114112K
  class space    used 7329K, committed 7616K, reserved 1048576K
}
Event: 54.489 GC heap after
{Heap after GC invocations=22 (full 1):
 garbage-first heap   total 106496K, used 44437K [0x00000000c0000000, 0x0000000100000000)
  region size 1024K, 0 young (0K), 0 survivors (0K)
 Metaspace       used 61065K, committed 61632K, reserved 1114112K
  class space    used 7328K, committed 7616K, reserved 1048576K
}
Event: 64.653 GC heap before
{Heap before GC invocations=22 (full 1):
 garbage-first heap   total 106496K, used 44437K [0x00000000c0000000, 0x0000000100000000)
  region size 1024K, 1 young (1024K), 0 survivors (0K)
 Metaspace       used 61065K, committed 61632K, reserved 1114112K
  class space    used 7328K, committed 7616K, reserved 1048576K
}
Event: 64.703 GC heap after
{Heap after GC invocations=23 (full 2):
 garbage-first heap   total 106496K, used 44437K [0x00000000c0000000, 0x0000000100000000)
  region size 1024K, 0 young (0K), 0 survivors (0K)
 Metaspace       used 61065K, committed 61632K, reserved 1114112K
  class space    used 7328K, committed 7616K, reserved 1048576K
}
Event: 74.976 GC heap before
{Heap before GC invocations=23 (full 2):
 garbage-first heap   total 106496K, used 44437K [0x00000000c0000000, 0x0000000100000000)
  region size 1024K, 1 young (1024K), 0 survivors (0K)
 Metaspace       used 61065K, committed 61632K, reserved 1114112K
  class space    used 7328K, committed 7616K, reserved 1048576K
}
Event: 75.049 GC heap after
{Heap after GC invocations=24 (full 3):
 garbage-first heap   total 106496K, used 44437K [0x00000000c0000000, 0x0000000100000000)
  region size 1024K, 0 young (0K), 0 survivors (0K)
 Metaspace       used 61065K, committed 61632K, reserved 1114112K
  class space    used 7328K, committed 7616K, reserved 1048576K
}

