# JRE version: OpenJDK Runtime Environment Temurin-17.0.9+9 (17.0.9+9) (build 17.0.9+9)
# Java VM: OpenJDK 64-Bit Server VM Temurin-17.0.9+9 (17.0.9+9, mixed mode, emulated-client, tiered, compressed oops, compressed class ptrs, g1 gc, windows-amd64)
GC Precious Log:
 CPUs: 4 total, 4 available
 Memory: 8103M
 Large Page Support: Disabled
 NUMA Support: Disabled
 Compressed Oops: Enabled (32-bit)
 Heap Region Size: 1M
 Heap Min Capacity: 8M
 Heap Initial Capacity: 128M
 Heap Max Capacity: 1G
 Pre-touch: Disabled
 Parallel Workers: 4
 Concurrent Workers: 1
 Concurrent Refinement Workers: 4
 Periodic GC: Disabled
Heap:
 garbage-first heap   total 122880K, used 41006K [0x00000000c0000000, 0x0000000100000000)
  region size 1024K, 1 young (1024K), 0 survivors (0K)
 Metaspace       used 62393K, committed 62848K, reserved 1114112K
  class space    used 7543K, committed 7744K, reserved 1048576K
GC Heap History (20 events):
Event: 8883.079 GC heap before
{Heap before GC invocations=535 (full 404):
 garbage-first heap   total 122880K, used 41006K [0x00000000c0000000, 0x0000000100000000)
  region size 1024K, 1 young (1024K), 0 survivors (0K)
 Metaspace       used 62393K, committed 62848K, reserved 1114112K
  class space    used 7543K, committed 7744K, reserved 1048576K
}
Event: 8883.138 GC heap after
{Heap after GC invocations=536 (full 405):
 garbage-first heap   total 122880K, used 41006K [0x00000000c0000000, 0x0000000100000000)
  region size 1024K, 0 young (0K), 0 survivors (0K)
 Metaspace       used 62393K, committed 62848K, reserved 1114112K
  class space    used 7543K, committed 7744K, reserved 1048576K
}
Event: 8893.275 GC heap before
{Heap before GC invocations=536 (full 405):
 garbage-first heap   total 122880K, used 41006K [0x00000000c0000000, 0x0000000100000000)
  region size 1024K, 1 young (1024K), 0 survivors (0K)
 Metaspace       used 62393K, committed 62848K, reserved 1114112K
  class space    used 7543K, committed 7744K, reserved 1048576K
}
Event: 8893.337 GC heap after
{Heap after GC invocations=537 (full 406):
 garbage-first heap   total 122880K, used 41006K [0x00000000c0000000, 0x0000000100000000)
  region size 1024K, 0 young (0K), 0 survivors (0K)
 Metaspace       used 62393K, committed 62848K, reserved 1114112K
  class space    used 7543K, committed 7744K, reserved 1048576K
}
Event: 8903.588 GC heap before
{Heap before GC invocations=537 (full 406):
 garbage-first heap   total 122880K, used 41006K [0x00000000c0000000, 0x0000000100000000)
  region size 1024K, 1 young (1024K), 0 survivors (0K)
 Metaspace       used 62393K, committed 62848K, reserved 1114112K
  class space    used 7543K, committed 7744K, reserved 1048576K
}
Event: 8903.708 GC heap after
{Heap after GC invocations=538 (full 407):
 garbage-first heap   total 122880K, used 41006K [0x00000000c0000000, 0x0000000100000000)
  region size 1024K, 0 young (0K), 0 survivors (0K)
 Metaspace       used 62393K, committed 62848K, reserved 1114112K
  class space    used 7543K, committed 7744K, reserved 1048576K
}
Event: 8913.877 GC heap before
{Heap before GC invocations=538 (full 407):
 garbage-first heap   total 122880K, used 41006K [0x00000000c0000000, 0x0000000100000000)
  region size 1024K, 1 young (1024K), 0 survivors (0K)
 Metaspace       used 62393K, committed 62848K, reserved 1114112K
  class space    used 7543K, committed 7744K, reserved 1048576K
}
Event: 8913.943 GC heap after
{Heap after GC invocations=539 (full 408):
 garbage-first heap   total 122880K, used 41006K [0x00000000c0000000, 0x0000000100000000)
  region size 1024K, 0 young (0K), 0 survivors (0K)
 Metaspace       used 62393K, committed 62848K, reserved 1114112K
  class space    used 7543K, committed 7744K, reserved 1048576K
}
Event: 8924.248 GC heap before
{Heap before GC invocations=539 (full 408):
 garbage-first heap   total 122880K, used 41006K [0x00000000c0000000, 0x0000000100000000)
  region size 1024K, 1 young (1024K), 0 survivors (0K)
 Metaspace       used 62393K, committed 62848K, reserved 1114112K
  class space    used 7543K, committed 7744K, reserved 1048576K
}
Event: 8924.346 GC heap after
{Heap after GC invocations=540 (full 409):
 garbage-first heap   total 122880K, used 41006K [0x00000000c0000000, 0x0000000100000000)
  region size 1024K, 0 young (0K), 0 survivors (0K)
 Metaspace       used 62393K, committed 62848K, reserved 1114112K
  class space    used 7543K, committed 7744K, reserved 1048576K
}
Event: 8934.716 GC heap before
{Heap before GC invocations=540 (full 409):
 garbage-first heap   total 122880K, used 41006K [0x00000000c0000000, 0x0000000100000000)
  region size 1024K, 1 young (1024K), 0 survivors (0K)
 Metaspace       used 62393K, committed 62848K, reserved 1114112K
  class space    used 7543K, committed 7744K, reserved 1048576K
}
Event: 8934.779 GC heap after
{Heap after GC invocations=541 (full 410):
 garbage-first heap   total 122880K, used 41006K [0x00000000c0000000, 0x0000000100000000)
  region size 1024K, 0 young (0K), 0 survivors (0K)
 Metaspace       used 62393K, committed 62848K, reserved 1114112K
  class space    used 7543K, committed 7744K, reserved 1048576K
}
Event: 8944.934 GC heap before
{Heap before GC invocations=541 (full 410):
 garbage-first heap   total 122880K, used 41006K [0x00000000c0000000, 0x0000000100000000)
  region size 1024K, 1 young (1024K), 0 survivors (0K)
 Metaspace       used 62393K, committed 62848K, reserved 1114112K
  class space    used 7543K, committed 7744K, reserved 1048576K
}
Event: 8945.001 GC heap after
{Heap after GC invocations=542 (full 411):
 garbage-first heap   total 122880K, used 41006K [0x00000000c0000000, 0x0000000100000000)
  region size 1024K, 0 young (0K), 0 survivors (0K)
 Metaspace       used 62393K, committed 62848K, reserved 1114112K
  class space    used 7543K, committed 7744K, reserved 1048576K
}
Event: 8955.204 GC heap before
{Heap before GC invocations=542 (full 411):
 garbage-first heap   total 122880K, used 41006K [0x00000000c0000000, 0x0000000100000000)
  region size 1024K, 1 young (1024K), 0 survivors (0K)
 Metaspace       used 62393K, committed 62848K, reserved 1114112K
  class space    used 7543K, committed 7744K, reserved 1048576K
}
Event: 8955.277 GC heap after
{Heap after GC invocations=543 (full 412):
 garbage-first heap   total 122880K, used 41006K [0x00000000c0000000, 0x0000000100000000)
  region size 1024K, 0 young (0K), 0 survivors (0K)
 Metaspace       used 62393K, committed 62848K, reserved 1114112K
  class space    used 7543K, committed 7744K, reserved 1048576K
}
Event: 8965.439 GC heap before
{Heap before GC invocations=543 (full 412):
 garbage-first heap   total 122880K, used 41006K [0x00000000c0000000, 0x0000000100000000)
  region size 1024K, 1 young (1024K), 0 survivors (0K)
 Metaspace       used 62393K, committed 62848K, reserved 1114112K
  class space    used 7543K, committed 7744K, reserved 1048576K
}
Event: 8965.503 GC heap after
{Heap after GC invocations=544 (full 413):
 garbage-first heap   total 122880K, used 41006K [0x00000000c0000000, 0x0000000100000000)
  region size 1024K, 0 young (0K), 0 survivors (0K)
 Metaspace       used 62393K, committed 62848K, reserved 1114112K
  class space    used 7543K, committed 7744K, reserved 1048576K
}
Event: 8975.665 GC heap before
{Heap before GC invocations=544 (full 413):
 garbage-first heap   total 122880K, used 41006K [0x00000000c0000000, 0x0000000100000000)
  region size 1024K, 1 young (1024K), 0 survivors (0K)
 Metaspace       used 62393K, committed 62848K, reserved 1114112K
  class space    used 7543K, committed 7744K, reserved 1048576K
}
Event: 8975.726 GC heap after
{Heap after GC invocations=545 (full 414):
 garbage-first heap   total 122880K, used 41006K [0x00000000c0000000, 0x0000000100000000)
  region size 1024K, 0 young (0K), 0 survivors (0K)
 Metaspace       used 62393K, committed 62848K, reserved 1114112K
  class space    used 7543K, committed 7744K, reserved 1048576K
}

