# JRE version: OpenJDK Runtime Environment Temurin-17.0.9+9 (17.0.9+9) (build 17.0.9+9)
# Java VM: OpenJDK 64-Bit Server VM Temurin-17.0.9+9 (17.0.9+9, mixed mode, emulated-client, tiered, compressed oops, compressed class ptrs, g1 gc, windows-amd64)
GC Precious Log:
 CPUs: 4 total, 4 available
 Memory: 8103M
 Large Page Support: Disabled
 NUMA Support: Disabled
 Compressed Oops: Enabled (32-bit)
 Heap Region Size: 1M
 Heap Min Capacity: 8M
 Heap Initial Capacity: 128M
 Heap Max Capacity: 1G
 Pre-touch: Disabled
 Parallel Workers: 4
 Concurrent Workers: 1
 Concurrent Refinement Workers: 4
 Periodic GC: Disabled
Heap:
 garbage-first heap   total 119808K, used 35036K [0x00000000c0000000, 0x0000000100000000)
  region size 1024K, 1 young (1024K), 0 survivors (0K)
 Metaspace       used 61603K, committed 62080K, reserved 1114112K
  class space    used 7422K, committed 7616K, reserved 1048576K
GC Heap History (20 events):
Event: 3788.508 GC heap before
{Heap before GC invocations=324 (full 282):
 garbage-first heap   total 119808K, used 84807K [0x00000000c0000000, 0x0000000100000000)
  region size 1024K, 39 young (39936K), 0 survivors (0K)
 Metaspace       used 61611K, committed 62080K, reserved 1114112K
  class space    used 7424K, committed 7616K, reserved 1048576K
}
Event: 3788.582 GC heap after
{Heap after GC invocations=325 (full 283):
 garbage-first heap   total 119808K, used 35061K [0x00000000c0000000, 0x0000000100000000)
  region size 1024K, 0 young (0K), 0 survivors (0K)
 Metaspace       used 61611K, committed 62080K, reserved 1114112K
  class space    used 7424K, committed 7616K, reserved 1048576K
}
Event: 3798.817 GC heap before
{Heap before GC invocations=325 (full 283):
 garbage-first heap   total 119808K, used 35061K [0x00000000c0000000, 0x0000000100000000)
  region size 1024K, 1 young (1024K), 0 survivors (0K)
 Metaspace       used 61611K, committed 62080K, reserved 1114112K
  class space    used 7424K, committed 7616K, reserved 1048576K
}
Event: 3798.894 GC heap after
{Heap after GC invocations=326 (full 284):
 garbage-first heap   total 119808K, used 35036K [0x00000000c0000000, 0x0000000100000000)
  region size 1024K, 0 young (0K), 0 survivors (0K)
 Metaspace       used 61603K, committed 62080K, reserved 1114112K
  class space    used 7422K, committed 7616K, reserved 1048576K
}
Event: 3809.230 GC heap before
{Heap before GC invocations=326 (full 284):
 garbage-first heap   total 119808K, used 35036K [0x00000000c0000000, 0x0000000100000000)
  region size 1024K, 1 young (1024K), 0 survivors (0K)
 Metaspace       used 61603K, committed 62080K, reserved 1114112K
  class space    used 7422K, committed 7616K, reserved 1048576K
}
Event: 3809.328 GC heap after
{Heap after GC invocations=327 (full 285):
 garbage-first heap   total 119808K, used 35036K [0x00000000c0000000, 0x0000000100000000)
  region size 1024K, 0 young (0K), 0 survivors (0K)
 Metaspace       used 61603K, committed 62080K, reserved 1114112K
  class space    used 7422K, committed 7616K, reserved 1048576K
}
Event: 3819.504 GC heap before
{Heap before GC invocations=327 (full 285):
 garbage-first heap   total 119808K, used 35036K [0x00000000c0000000, 0x0000000100000000)
  region size 1024K, 1 young (1024K), 0 survivors (0K)
 Metaspace       used 61603K, committed 62080K, reserved 1114112K
  class space    used 7422K, committed 7616K, reserved 1048576K
}
Event: 3819.559 GC heap after
{Heap after GC invocations=328 (full 286):
 garbage-first heap   total 119808K, used 35036K [0x00000000c0000000, 0x0000000100000000)
  region size 1024K, 0 young (0K), 0 survivors (0K)
 Metaspace       used 61603K, committed 62080K, reserved 1114112K
  class space    used 7422K, committed 7616K, reserved 1048576K
}
Event: 3829.760 GC heap before
{Heap before GC invocations=328 (full 286):
 garbage-first heap   total 119808K, used 35036K [0x00000000c0000000, 0x0000000100000000)
  region size 1024K, 1 young (1024K), 0 survivors (0K)
 Metaspace       used 61603K, committed 62080K, reserved 1114112K
  class space    used 7422K, committed 7616K, reserved 1048576K
}
Event: 3829.826 GC heap after
{Heap after GC invocations=329 (full 287):
 garbage-first heap   total 119808K, used 35036K [0x00000000c0000000, 0x0000000100000000)
  region size 1024K, 0 young (0K), 0 survivors (0K)
 Metaspace       used 61603K, committed 62080K, reserved 1114112K
  class space    used 7422K, committed 7616K, reserved 1048576K
}
Event: 3840.001 GC heap before
{Heap before GC invocations=329 (full 287):
 garbage-first heap   total 119808K, used 35036K [0x00000000c0000000, 0x0000000100000000)
  region size 1024K, 1 young (1024K), 0 survivors (0K)
 Metaspace       used 61603K, committed 62080K, reserved 1114112K
  class space    used 7422K, committed 7616K, reserved 1048576K
}
Event: 3840.053 GC heap after
{Heap after GC invocations=330 (full 288):
 garbage-first heap   total 119808K, used 35036K [0x00000000c0000000, 0x0000000100000000)
  region size 1024K, 0 young (0K), 0 survivors (0K)
 Metaspace       used 61603K, committed 62080K, reserved 1114112K
  class space    used 7422K, committed 7616K, reserved 1048576K
}
Event: 3850.321 GC heap before
{Heap before GC invocations=330 (full 288):
 garbage-first heap   total 119808K, used 35036K [0x00000000c0000000, 0x0000000100000000)
  region size 1024K, 1 young (1024K), 0 survivors (0K)
 Metaspace       used 61603K, committed 62080K, reserved 1114112K
  class space    used 7422K, committed 7616K, reserved 1048576K
}
Event: 3850.395 GC heap after
{Heap after GC invocations=331 (full 289):
 garbage-first heap   total 119808K, used 35036K [0x00000000c0000000, 0x0000000100000000)
  region size 1024K, 0 young (0K), 0 survivors (0K)
 Metaspace       used 61603K, committed 62080K, reserved 1114112K
  class space    used 7422K, committed 7616K, reserved 1048576K
}
Event: 3860.594 GC heap before
{Heap before GC invocations=331 (full 289):
 garbage-first heap   total 119808K, used 35036K [0x00000000c0000000, 0x0000000100000000)
  region size 1024K, 1 young (1024K), 0 survivors (0K)
 Metaspace       used 61603K, committed 62080K, reserved 1114112K
  class space    used 7422K, committed 7616K, reserved 1048576K
}
Event: 3860.649 GC heap after
{Heap after GC invocations=332 (full 290):
 garbage-first heap   total 119808K, used 35036K [0x00000000c0000000, 0x0000000100000000)
  region size 1024K, 0 young (0K), 0 survivors (0K)
 Metaspace       used 61603K, committed 62080K, reserved 1114112K
  class space    used 7422K, committed 7616K, reserved 1048576K
}
Event: 3870.831 GC heap before
{Heap before GC invocations=332 (full 290):
 garbage-first heap   total 119808K, used 35036K [0x00000000c0000000, 0x0000000100000000)
  region size 1024K, 1 young (1024K), 0 survivors (0K)
 Metaspace       used 61603K, committed 62080K, reserved 1114112K
  class space    used 7422K, committed 7616K, reserved 1048576K
}
Event: 3870.879 GC heap after
{Heap after GC invocations=333 (full 291):
 garbage-first heap   total 119808K, used 35036K [0x00000000c0000000, 0x0000000100000000)
  region size 1024K, 0 young (0K), 0 survivors (0K)
 Metaspace       used 61603K, committed 62080K, reserved 1114112K
  class space    used 7422K, committed 7616K, reserved 1048576K
}
Event: 3881.160 GC heap before
{Heap before GC invocations=333 (full 291):
 garbage-first heap   total 119808K, used 35036K [0x00000000c0000000, 0x0000000100000000)
  region size 1024K, 1 young (1024K), 0 survivors (0K)
 Metaspace       used 61603K, committed 62080K, reserved 1114112K
  class space    used 7422K, committed 7616K, reserved 1048576K
}
Event: 3881.232 GC heap after
{Heap after GC invocations=334 (full 292):
 garbage-first heap   total 119808K, used 35036K [0x00000000c0000000, 0x0000000100000000)
  region size 1024K, 0 young (0K), 0 survivors (0K)
 Metaspace       used 61603K, committed 62080K, reserved 1114112K
  class space    used 7422K, committed 7616K, reserved 1048576K
}

