# JRE version: OpenJDK Runtime Environment Temurin-17.0.9+9 (17.0.9+9) (build 17.0.9+9)
# Java VM: OpenJDK 64-Bit Server VM Temurin-17.0.9+9 (17.0.9+9, mixed mode, emulated-client, tiered, compressed oops, compressed class ptrs, g1 gc, windows-amd64)
GC Precious Log:
 CPUs: 4 total, 4 available
 Memory: 8103M
 Large Page Support: Disabled
 NUMA Support: Disabled
 Compressed Oops: Enabled (32-bit)
 Heap Region Size: 1M
 Heap Min Capacity: 8M
 Heap Initial Capacity: 128M
 Heap Max Capacity: 1G
 Pre-touch: Disabled
 Parallel Workers: 4
 Concurrent Workers: 1
 Concurrent Refinement Workers: 4
 Periodic GC: Disabled
Heap:
 garbage-first heap   total 99328K, used 35765K [0x00000000c0000000, 0x0000000100000000)
  region size 1024K, 1 young (1024K), 0 survivors (0K)
 Metaspace       used 61667K, committed 62144K, reserved 1114112K
  class space    used 7401K, committed 7616K, reserved 1048576K
GC Heap History (20 events):
Event: 913.030 GC heap before
{Heap before GC invocations=88 (full 42):
 garbage-first heap   total 99328K, used 35793K [0x00000000c0000000, 0x0000000100000000)
  region size 1024K, 1 young (1024K), 0 survivors (0K)
 Metaspace       used 61667K, committed 62144K, reserved 1114112K
  class space    used 7401K, committed 7616K, reserved 1048576K
}
Event: 913.109 GC heap after
{Heap after GC invocations=89 (full 43):
 garbage-first heap   total 99328K, used 35793K [0x00000000c0000000, 0x0000000100000000)
  region size 1024K, 0 young (0K), 0 survivors (0K)
 Metaspace       used 61667K, committed 62144K, reserved 1114112K
  class space    used 7401K, committed 7616K, reserved 1048576K
}
Event: 923.369 GC heap before
{Heap before GC invocations=89 (full 43):
 garbage-first heap   total 99328K, used 35793K [0x00000000c0000000, 0x0000000100000000)
  region size 1024K, 1 young (1024K), 0 survivors (0K)
 Metaspace       used 61667K, committed 62144K, reserved 1114112K
  class space    used 7401K, committed 7616K, reserved 1048576K
}
Event: 923.428 GC heap after
{Heap after GC invocations=90 (full 44):
 garbage-first heap   total 99328K, used 35793K [0x00000000c0000000, 0x0000000100000000)
  region size 1024K, 0 young (0K), 0 survivors (0K)
 Metaspace       used 61667K, committed 62144K, reserved 1114112K
  class space    used 7401K, committed 7616K, reserved 1048576K
}
Event: 933.589 GC heap before
{Heap before GC invocations=90 (full 44):
 garbage-first heap   total 99328K, used 35793K [0x00000000c0000000, 0x0000000100000000)
  region size 1024K, 1 young (1024K), 0 survivors (0K)
 Metaspace       used 61667K, committed 62144K, reserved 1114112K
  class space    used 7401K, committed 7616K, reserved 1048576K
}
Event: 933.645 GC heap after
{Heap after GC invocations=91 (full 45):
 garbage-first heap   total 99328K, used 35793K [0x00000000c0000000, 0x0000000100000000)
  region size 1024K, 0 young (0K), 0 survivors (0K)
 Metaspace       used 61667K, committed 62144K, reserved 1114112K
  class space    used 7401K, committed 7616K, reserved 1048576K
}
Event: 943.926 GC heap before
{Heap before GC invocations=91 (full 45):
 garbage-first heap   total 99328K, used 35793K [0x00000000c0000000, 0x0000000100000000)
  region size 1024K, 1 young (1024K), 0 survivors (0K)
 Metaspace       used 61667K, committed 62144K, reserved 1114112K
  class space    used 7401K, committed 7616K, reserved 1048576K
}
Event: 944.002 GC heap after
{Heap after GC invocations=92 (full 46):
 garbage-first heap   total 99328K, used 35793K [0x00000000c0000000, 0x0000000100000000)
  region size 1024K, 0 young (0K), 0 survivors (0K)
 Metaspace       used 61667K, committed 62144K, reserved 1114112K
  class space    used 7401K, committed 7616K, reserved 1048576K
}
Event: 954.269 GC heap before
{Heap before GC invocations=92 (full 46):
 garbage-first heap   total 99328K, used 35793K [0x00000000c0000000, 0x0000000100000000)
  region size 1024K, 1 young (1024K), 0 survivors (0K)
 Metaspace       used 61667K, committed 62144K, reserved 1114112K
  class space    used 7401K, committed 7616K, reserved 1048576K
}
Event: 954.333 GC heap after
{Heap after GC invocations=93 (full 47):
 garbage-first heap   total 99328K, used 35793K [0x00000000c0000000, 0x0000000100000000)
  region size 1024K, 0 young (0K), 0 survivors (0K)
 Metaspace       used 61667K, committed 62144K, reserved 1114112K
  class space    used 7401K, committed 7616K, reserved 1048576K
}
Event: 964.885 GC heap before
{Heap before GC invocations=93 (full 47):
 garbage-first heap   total 99328K, used 35793K [0x00000000c0000000, 0x0000000100000000)
  region size 1024K, 1 young (1024K), 0 survivors (0K)
 Metaspace       used 61667K, committed 62144K, reserved 1114112K
  class space    used 7401K, committed 7616K, reserved 1048576K
}
Event: 964.957 GC heap after
{Heap after GC invocations=94 (full 48):
 garbage-first heap   total 99328K, used 35793K [0x00000000c0000000, 0x0000000100000000)
  region size 1024K, 0 young (0K), 0 survivors (0K)
 Metaspace       used 61667K, committed 62144K, reserved 1114112K
  class space    used 7401K, committed 7616K, reserved 1048576K
}
Event: 978.188 GC heap before
{Heap before GC invocations=94 (full 48):
 garbage-first heap   total 99328K, used 35793K [0x00000000c0000000, 0x0000000100000000)
  region size 1024K, 1 young (1024K), 0 survivors (0K)
 Metaspace       used 61667K, committed 62144K, reserved 1114112K
  class space    used 7401K, committed 7616K, reserved 1048576K
}
Event: 978.251 GC heap after
{Heap after GC invocations=95 (full 49):
 garbage-first heap   total 99328K, used 35765K [0x00000000c0000000, 0x0000000100000000)
  region size 1024K, 0 young (0K), 0 survivors (0K)
 Metaspace       used 61667K, committed 62144K, reserved 1114112K
  class space    used 7401K, committed 7616K, reserved 1048576K
}
Event: 991.169 GC heap before
{Heap before GC invocations=95 (full 49):
 garbage-first heap   total 99328K, used 35765K [0x00000000c0000000, 0x0000000100000000)
  region size 1024K, 1 young (1024K), 0 survivors (0K)
 Metaspace       used 61667K, committed 62144K, reserved 1114112K
  class space    used 7401K, committed 7616K, reserved 1048576K
}
Event: 991.261 GC heap after
{Heap after GC invocations=96 (full 50):
 garbage-first heap   total 99328K, used 35765K [0x00000000c0000000, 0x0000000100000000)
  region size 1024K, 0 young (0K), 0 survivors (0K)
 Metaspace       used 61667K, committed 62144K, reserved 1114112K
  class space    used 7401K, committed 7616K, reserved 1048576K
}
Event: 1001.482 GC heap before
{Heap before GC invocations=96 (full 50):
 garbage-first heap   total 99328K, used 35765K [0x00000000c0000000, 0x0000000100000000)
  region size 1024K, 1 young (1024K), 0 survivors (0K)
 Metaspace       used 61667K, committed 62144K, reserved 1114112K
  class space    used 7401K, committed 7616K, reserved 1048576K
}
Event: 1001.554 GC heap after
{Heap after GC invocations=97 (full 51):
 garbage-first heap   total 99328K, used 35765K [0x00000000c0000000, 0x0000000100000000)
  region size 1024K, 0 young (0K), 0 survivors (0K)
 Metaspace       used 61667K, committed 62144K, reserved 1114112K
  class space    used 7401K, committed 7616K, reserved 1048576K
}
Event: 1012.108 GC heap before
{Heap before GC invocations=97 (full 51):
 garbage-first heap   total 99328K, used 35765K [0x00000000c0000000, 0x0000000100000000)
  region size 1024K, 1 young (1024K), 0 survivors (0K)
 Metaspace       used 61667K, committed 62144K, reserved 1114112K
  class space    used 7401K, committed 7616K, reserved 1048576K
}
Event: 1012.175 GC heap after
{Heap after GC invocations=98 (full 52):
 garbage-first heap   total 99328K, used 35765K [0x00000000c0000000, 0x0000000100000000)
  region size 1024K, 0 young (0K), 0 survivors (0K)
 Metaspace       used 61667K, committed 62144K, reserved 1114112K
  class space    used 7401K, committed 7616K, reserved 1048576K
}

