# JRE version: OpenJDK Runtime Environment Temurin-17.0.9+9 (17.0.9+9) (build 17.0.9+9)
# Java VM: OpenJDK 64-Bit Server VM Temurin-17.0.9+9 (17.0.9+9, mixed mode, emulated-client, tiered, compressed oops, compressed class ptrs, g1 gc, windows-amd64)
GC Precious Log:
 CPUs: 4 total, 4 available
 Memory: 8103M
 Large Page Support: Disabled
 NUMA Support: Disabled
 Compressed Oops: Enabled (32-bit)
 Heap Region Size: 1M
 Heap Min Capacity: 8M
 Heap Initial Capacity: 128M
 Heap Max Capacity: 1G
 Pre-touch: Disabled
 Parallel Workers: 4
 Concurrent Workers: 1
 Concurrent Refinement Workers: 4
 Periodic GC: Disabled
Heap:
 garbage-first heap   total 118784K, used 39583K [0x00000000c0000000, 0x0000000100000000)
  region size 1024K, 1 young (1024K), 0 survivors (0K)
 Metaspace       used 60966K, committed 61760K, reserved 1114112K
  class space    used 7299K, committed 7616K, reserved 1048576K
GC Heap History (20 events):
Event: 4.605 GC heap before
{Heap before GC invocations=10 (full 0):
 garbage-first heap   total 65536K, used 46950K [0x00000000c0000000, 0x0000000100000000)
  region size 1024K, 21 young (21504K), 1 survivors (1024K)
 Metaspace       used 39556K, committed 40000K, reserved 1114112K
  class space    used 4950K, committed 5120K, reserved 1048576K
}
Event: 4.612 GC heap after
{Heap after GC invocations=11 (full 0):
 garbage-first heap   total 65536K, used 28055K [0x00000000c0000000, 0x0000000100000000)
  region size 1024K, 3 young (3072K), 3 survivors (3072K)
 Metaspace       used 39556K, committed 40000K, reserved 1114112K
  class space    used 4950K, committed 5120K, reserved 1048576K
}
Event: 5.157 GC heap before
{Heap before GC invocations=11 (full 0):
 garbage-first heap   total 65536K, used 47510K [0x00000000c0000000, 0x0000000100000000)
  region size 1024K, 23 young (23552K), 3 survivors (3072K)
 Metaspace       used 41814K, committed 42304K, reserved 1114112K
  class space    used 5295K, committed 5504K, reserved 1048576K
}
Event: 5.164 GC heap after
{Heap after GC invocations=12 (full 0):
 garbage-first heap   total 78848K, used 29823K [0x00000000c0000000, 0x0000000100000000)
  region size 1024K, 2 young (2048K), 2 survivors (2048K)
 Metaspace       used 41814K, committed 42304K, reserved 1114112K
  class space    used 5295K, committed 5504K, reserved 1048576K
}
Event: 5.589 GC heap before
{Heap before GC invocations=12 (full 0):
 garbage-first heap   total 78848K, used 59519K [0x00000000c0000000, 0x0000000100000000)
  region size 1024K, 30 young (30720K), 2 survivors (2048K)
 Metaspace       used 45821K, committed 46208K, reserved 1114112K
  class space    used 5583K, committed 5760K, reserved 1048576K
}
Event: 5.595 GC heap after
{Heap after GC invocations=13 (full 0):
 garbage-first heap   total 78848K, used 36864K [0x00000000c0000000, 0x0000000100000000)
  region size 1024K, 4 young (4096K), 4 survivors (4096K)
 Metaspace       used 45821K, committed 46208K, reserved 1114112K
  class space    used 5583K, committed 5760K, reserved 1048576K
}
Event: 5.837 GC heap before
{Heap before GC invocations=13 (full 0):
 garbage-first heap   total 78848K, used 57344K [0x00000000c0000000, 0x0000000100000000)
  region size 1024K, 25 young (25600K), 4 survivors (4096K)
 Metaspace       used 50113K, committed 50624K, reserved 1114112K
  class space    used 6004K, committed 6208K, reserved 1048576K
}
Event: 5.842 GC heap after
{Heap after GC invocations=14 (full 0):
 garbage-first heap   total 78848K, used 39375K [0x00000000c0000000, 0x0000000100000000)
  region size 1024K, 3 young (3072K), 3 survivors (3072K)
 Metaspace       used 50113K, committed 50624K, reserved 1114112K
  class space    used 6004K, committed 6208K, reserved 1048576K
}
Event: 6.021 GC heap before
{Heap before GC invocations=14 (full 0):
 garbage-first heap   total 78848K, used 58831K [0x00000000c0000000, 0x0000000100000000)
  region size 1024K, 23 young (23552K), 3 survivors (3072K)
 Metaspace       used 52492K, committed 52992K, reserved 1114112K
  class space    used 6280K, committed 6528K, reserved 1048576K
}
Event: 6.026 GC heap after
{Heap after GC invocations=15 (full 0):
 garbage-first heap   total 78848K, used 40744K [0x00000000c0000000, 0x0000000100000000)
  region size 1024K, 2 young (2048K), 2 survivors (2048K)
 Metaspace       used 52492K, committed 52992K, reserved 1114112K
  class space    used 6280K, committed 6528K, reserved 1048576K
}
Event: 6.213 GC heap before
{Heap before GC invocations=16 (full 0):
 garbage-first heap   total 92160K, used 59176K [0x00000000c0000000, 0x0000000100000000)
  region size 1024K, 21 young (21504K), 2 survivors (2048K)
 Metaspace       used 54835K, committed 55296K, reserved 1114112K
  class space    used 6595K, committed 6784K, reserved 1048576K
}
Event: 6.220 GC heap after
{Heap after GC invocations=17 (full 0):
 garbage-first heap   total 92160K, used 43234K [0x00000000c0000000, 0x0000000100000000)
  region size 1024K, 3 young (3072K), 3 survivors (3072K)
 Metaspace       used 54835K, committed 55296K, reserved 1114112K
  class space    used 6595K, committed 6784K, reserved 1048576K
}
Event: 6.558 GC heap before
{Heap before GC invocations=17 (full 0):
 garbage-first heap   total 92160K, used 64738K [0x00000000c0000000, 0x0000000100000000)
  region size 1024K, 26 young (26624K), 3 survivors (3072K)
 Metaspace       used 58564K, committed 59072K, reserved 1114112K
  class space    used 6997K, committed 7232K, reserved 1048576K
}
Event: 6.566 GC heap after
{Heap after GC invocations=18 (full 0):
 garbage-first heap   total 118784K, used 45842K [0x00000000c0000000, 0x0000000100000000)
  region size 1024K, 3 young (3072K), 3 survivors (3072K)
 Metaspace       used 58564K, committed 59072K, reserved 1114112K
  class space    used 6997K, committed 7232K, reserved 1048576K
}
Event: 104.615 GC heap before
{Heap before GC invocations=18 (full 0):
 garbage-first heap   total 118784K, used 92946K [0x00000000c0000000, 0x0000000100000000)
  region size 1024K, 42 young (43008K), 3 survivors (3072K)
 Metaspace       used 61224K, committed 61760K, reserved 1114112K
  class space    used 7359K, committed 7616K, reserved 1048576K
}
Event: 104.710 GC heap after
{Heap after GC invocations=19 (full 1):
 garbage-first heap   total 118784K, used 43975K [0x00000000c0000000, 0x0000000100000000)
  region size 1024K, 0 young (0K), 0 survivors (0K)
 Metaspace       used 61219K, committed 61760K, reserved 1114112K
  class space    used 7357K, committed 7616K, reserved 1048576K
}
Event: 114.915 GC heap before
{Heap before GC invocations=19 (full 1):
 garbage-first heap   total 118784K, used 43975K [0x00000000c0000000, 0x0000000100000000)
  region size 1024K, 1 young (1024K), 0 survivors (0K)
 Metaspace       used 61219K, committed 61760K, reserved 1114112K
  class space    used 7357K, committed 7616K, reserved 1048576K
}
Event: 114.998 GC heap after
{Heap after GC invocations=20 (full 2):
 garbage-first heap   total 118784K, used 39583K [0x00000000c0000000, 0x0000000100000000)
  region size 1024K, 0 young (0K), 0 survivors (0K)
 Metaspace       used 60966K, committed 61760K, reserved 1114112K
  class space    used 7299K, committed 7616K, reserved 1048576K
}
Event: 125.165 GC heap before
{Heap before GC invocations=20 (full 2):
 garbage-first heap   total 118784K, used 39583K [0x00000000c0000000, 0x0000000100000000)
  region size 1024K, 1 young (1024K), 0 survivors (0K)
 Metaspace       used 60966K, committed 61760K, reserved 1114112K
  class space    used 7299K, committed 7616K, reserved 1048576K
}
Event: 125.230 GC heap after
{Heap after GC invocations=21 (full 3):
 garbage-first heap   total 118784K, used 39583K [0x00000000c0000000, 0x0000000100000000)
  region size 1024K, 0 young (0K), 0 survivors (0K)
 Metaspace       used 60966K, committed 61760K, reserved 1114112K
  class space    used 7299K, committed 7616K, reserved 1048576K
}

