# JRE version: OpenJDK Runtime Environment Temurin-17.0.9+9 (17.0.9+9) (build 17.0.9+9)
# Java VM: OpenJDK 64-Bit Server VM Temurin-17.0.9+9 (17.0.9+9, mixed mode, emulated-client, tiered, compressed oops, compressed class ptrs, g1 gc, windows-amd64)
GC Precious Log:
 CPUs: 4 total, 4 available
 Memory: 8103M
 Large Page Support: Disabled
 NUMA Support: Disabled
 Compressed Oops: Enabled (32-bit)
 Heap Region Size: 1M
 Heap Min Capacity: 8M
 Heap Initial Capacity: 128M
 Heap Max Capacity: 1G
 Pre-touch: Disabled
 Parallel Workers: 4
 Concurrent Workers: 1
 Concurrent Refinement Workers: 4
 Periodic GC: Disabled
Heap:
 garbage-first heap   total 102400K, used 29600K [0x00000000c0000000, 0x0000000100000000)
  region size 1024K, 1 young (1024K), 0 survivors (0K)
 Metaspace       used 61654K, committed 62144K, reserved 1114112K
  class space    used 7424K, committed 7680K, reserved 1048576K
GC Heap History (20 events):
Event: 1237.730 GC heap before
{Heap before GC invocations=60 (full 4):
 garbage-first heap   total 122880K, used 53360K [0x00000000c0000000, 0x0000000100000000)
  region size 1024K, 6 young (6144K), 3 survivors (3072K)
 Metaspace       used 61623K, committed 62144K, reserved 1114112K
  class space    used 7418K, committed 7680K, reserved 1048576K
}
Event: 1237.735 GC heap after
{Heap after GC invocations=61 (full 4):
 garbage-first heap   total 122880K, used 44560K [0x00000000c0000000, 0x0000000100000000)
  region size 1024K, 1 young (1024K), 1 survivors (1024K)
 Metaspace       used 61623K, committed 62144K, reserved 1114112K
  class space    used 7418K, committed 7680K, reserved 1048576K
}
Event: 1308.630 GC heap before
{Heap before GC invocations=61 (full 4):
 garbage-first heap   total 122880K, used 95760K [0x00000000c0000000, 0x0000000100000000)
  region size 1024K, 52 young (53248K), 1 survivors (1024K)
 Metaspace       used 61640K, committed 62144K, reserved 1114112K
  class space    used 7422K, committed 7680K, reserved 1048576K
}
Event: 1308.685 GC heap after
{Heap after GC invocations=62 (full 5):
 garbage-first heap   total 122880K, used 35624K [0x00000000c0000000, 0x0000000100000000)
  region size 1024K, 0 young (0K), 0 survivors (0K)
 Metaspace       used 61640K, committed 62144K, reserved 1114112K
  class space    used 7422K, committed 7680K, reserved 1048576K
}
Event: 1399.185 GC heap before
{Heap before GC invocations=62 (full 5):
 garbage-first heap   total 122880K, used 95016K [0x00000000c0000000, 0x0000000100000000)
  region size 1024K, 58 young (59392K), 0 survivors (0K)
 Metaspace       used 61642K, committed 62144K, reserved 1114112K
  class space    used 7422K, committed 7680K, reserved 1048576K
}
Event: 1399.188 GC heap after
{Heap after GC invocations=63 (full 5):
 garbage-first heap   total 122880K, used 37024K [0x00000000c0000000, 0x0000000100000000)
  region size 1024K, 2 young (2048K), 2 survivors (2048K)
 Metaspace       used 61642K, committed 62144K, reserved 1114112K
  class space    used 7422K, committed 7680K, reserved 1048576K
}
Event: 1402.070 GC heap before
{Heap before GC invocations=63 (full 5):
 garbage-first heap   total 122880K, used 81056K [0x00000000c0000000, 0x0000000100000000)
  region size 1024K, 30 young (30720K), 2 survivors (2048K)
 Metaspace       used 61642K, committed 62144K, reserved 1114112K
  class space    used 7422K, committed 7680K, reserved 1048576K
}
Event: 1402.072 GC heap after
{Heap after GC invocations=64 (full 5):
 garbage-first heap   total 122880K, used 38937K [0x00000000c0000000, 0x0000000100000000)
  region size 1024K, 1 young (1024K), 1 survivors (1024K)
 Metaspace       used 61642K, committed 62144K, reserved 1114112K
  class space    used 7422K, committed 7680K, reserved 1048576K
}
Event: 1443.205 GC heap before
{Heap before GC invocations=64 (full 5):
 garbage-first heap   total 122880K, used 101401K [0x00000000c0000000, 0x0000000100000000)
  region size 1024K, 59 young (60416K), 1 survivors (1024K)
 Metaspace       used 61642K, committed 62144K, reserved 1114112K
  class space    used 7422K, committed 7680K, reserved 1048576K
}
Event: 1443.210 GC heap after
{Heap after GC invocations=65 (full 5):
 garbage-first heap   total 122880K, used 43430K [0x00000000c0000000, 0x0000000100000000)
  region size 1024K, 7 young (7168K), 7 survivors (7168K)
 Metaspace       used 61642K, committed 62144K, reserved 1114112K
  class space    used 7422K, committed 7680K, reserved 1048576K
}
Event: 1479.045 GC heap before
{Heap before GC invocations=65 (full 5):
 garbage-first heap   total 122880K, used 44454K [0x00000000c0000000, 0x0000000100000000)
  region size 1024K, 9 young (9216K), 7 survivors (7168K)
 Metaspace       used 61642K, committed 62144K, reserved 1114112K
  class space    used 7422K, committed 7680K, reserved 1048576K
}
Event: 1479.105 GC heap after
{Heap after GC invocations=66 (full 6):
 garbage-first heap   total 122880K, used 36361K [0x00000000c0000000, 0x0000000100000000)
  region size 1024K, 0 young (0K), 0 survivors (0K)
 Metaspace       used 61642K, committed 62144K, reserved 1114112K
  class space    used 7422K, committed 7680K, reserved 1048576K
}
Event: 1534.971 GC heap before
{Heap before GC invocations=66 (full 6):
 garbage-first heap   total 122880K, used 103945K [0x00000000c0000000, 0x0000000100000000)
  region size 1024K, 58 young (59392K), 0 survivors (0K)
 Metaspace       used 61650K, committed 62144K, reserved 1114112K
  class space    used 7424K, committed 7680K, reserved 1048576K
}
Event: 1534.973 GC heap after
{Heap after GC invocations=67 (full 6):
 garbage-first heap   total 122880K, used 37107K [0x00000000c0000000, 0x0000000100000000)
  region size 1024K, 1 young (1024K), 1 survivors (1024K)
 Metaspace       used 61650K, committed 62144K, reserved 1114112K
  class space    used 7424K, committed 7680K, reserved 1048576K
}
Event: 1538.952 GC heap before
{Heap before GC invocations=67 (full 6):
 garbage-first heap   total 122880K, used 114931K [0x00000000c0000000, 0x0000000100000000)
  region size 1024K, 60 young (61440K), 1 survivors (1024K)
 Metaspace       used 61651K, committed 62144K, reserved 1114112K
  class space    used 7424K, committed 7680K, reserved 1048576K
}
Event: 1538.958 GC heap after
{Heap after GC invocations=68 (full 6):
 garbage-first heap   total 122880K, used 39606K [0x00000000c0000000, 0x0000000100000000)
  region size 1024K, 4 young (4096K), 4 survivors (4096K)
 Metaspace       used 61651K, committed 62144K, reserved 1114112K
  class space    used 7424K, committed 7680K, reserved 1048576K
}
Event: 1619.506 GC heap before
{Heap before GC invocations=68 (full 6):
 garbage-first heap   total 122880K, used 114358K [0x00000000c0000000, 0x0000000100000000)
  region size 1024K, 60 young (61440K), 4 survivors (4096K)
 Metaspace       used 61654K, committed 62144K, reserved 1114112K
  class space    used 7424K, committed 7680K, reserved 1048576K
}
Event: 1619.560 GC heap after
{Heap after GC invocations=69 (full 7):
 garbage-first heap   total 119808K, used 34142K [0x00000000c0000000, 0x0000000100000000)
  region size 1024K, 0 young (0K), 0 survivors (0K)
 Metaspace       used 61654K, committed 62144K, reserved 1114112K
  class space    used 7424K, committed 7680K, reserved 1048576K
}
Event: 1629.892 GC heap before
{Heap before GC invocations=69 (full 7):
 garbage-first heap   total 119808K, used 34142K [0x00000000c0000000, 0x0000000100000000)
  region size 1024K, 1 young (1024K), 0 survivors (0K)
 Metaspace       used 61654K, committed 62144K, reserved 1114112K
  class space    used 7424K, committed 7680K, reserved 1048576K
}
Event: 1629.963 GC heap after
{Heap after GC invocations=70 (full 8):
 garbage-first heap   total 102400K, used 29600K [0x00000000c0000000, 0x0000000100000000)
  region size 1024K, 0 young (0K), 0 survivors (0K)
 Metaspace       used 61654K, committed 62144K, reserved 1114112K
  class space    used 7424K, committed 7680K, reserved 1048576K
}

