# JRE version: OpenJDK Runtime Environment Temurin-17.0.9+9 (17.0.9+9) (build 17.0.9+9)
# Java VM: OpenJDK 64-Bit Server VM Temurin-17.0.9+9 (17.0.9+9, mixed mode, emulated-client, tiered, compressed oops, compressed class ptrs, g1 gc, windows-amd64)
GC Precious Log:
 CPUs: 4 total, 4 available
 Memory: 8103M
 Large Page Support: Disabled
 NUMA Support: Disabled
 Compressed Oops: Enabled (32-bit)
 Heap Region Size: 1M
 Heap Min Capacity: 8M
 Heap Initial Capacity: 128M
 Heap Max Capacity: 1G
 Pre-touch: Disabled
 Parallel Workers: 4
 Concurrent Workers: 1
 Concurrent Refinement Workers: 4
 Periodic GC: Disabled
Heap:
 garbage-first heap   total 119808K, used 36933K [0x00000000c0000000, 0x0000000100000000)
  region size 1024K, 1 young (1024K), 0 survivors (0K)
 Metaspace       used 61964K, committed 62464K, reserved 1114112K
  class space    used 7466K, committed 7680K, reserved 1048576K
GC Heap History (20 events):
Event: 23145.690 GC heap before
{Heap before GC invocations=1556 (full 1422):
 garbage-first heap   total 119808K, used 36933K [0x00000000c0000000, 0x0000000100000000)
  region size 1024K, 1 young (1024K), 0 survivors (0K)
 Metaspace       used 61964K, committed 62464K, reserved 1114112K
  class space    used 7466K, committed 7680K, reserved 1048576K
}
Event: 23145.763 GC heap after
{Heap after GC invocations=1557 (full 1423):
 garbage-first heap   total 119808K, used 36933K [0x00000000c0000000, 0x0000000100000000)
  region size 1024K, 0 young (0K), 0 survivors (0K)
 Metaspace       used 61964K, committed 62464K, reserved 1114112K
  class space    used 7466K, committed 7680K, reserved 1048576K
}
Event: 23155.979 GC heap before
{Heap before GC invocations=1557 (full 1423):
 garbage-first heap   total 119808K, used 36933K [0x00000000c0000000, 0x0000000100000000)
  region size 1024K, 1 young (1024K), 0 survivors (0K)
 Metaspace       used 61964K, committed 62464K, reserved 1114112K
  class space    used 7466K, committed 7680K, reserved 1048576K
}
Event: 23156.056 GC heap after
{Heap after GC invocations=1558 (full 1424):
 garbage-first heap   total 119808K, used 36933K [0x00000000c0000000, 0x0000000100000000)
  region size 1024K, 0 young (0K), 0 survivors (0K)
 Metaspace       used 61964K, committed 62464K, reserved 1114112K
  class space    used 7466K, committed 7680K, reserved 1048576K
}
Event: 23166.257 GC heap before
{Heap before GC invocations=1558 (full 1424):
 garbage-first heap   total 119808K, used 36933K [0x00000000c0000000, 0x0000000100000000)
  region size 1024K, 1 young (1024K), 0 survivors (0K)
 Metaspace       used 61964K, committed 62464K, reserved 1114112K
  class space    used 7466K, committed 7680K, reserved 1048576K
}
Event: 23166.325 GC heap after
{Heap after GC invocations=1559 (full 1425):
 garbage-first heap   total 119808K, used 36933K [0x00000000c0000000, 0x0000000100000000)
  region size 1024K, 0 young (0K), 0 survivors (0K)
 Metaspace       used 61964K, committed 62464K, reserved 1114112K
  class space    used 7466K, committed 7680K, reserved 1048576K
}
Event: 23176.527 GC heap before
{Heap before GC invocations=1559 (full 1425):
 garbage-first heap   total 119808K, used 36933K [0x00000000c0000000, 0x0000000100000000)
  region size 1024K, 1 young (1024K), 0 survivors (0K)
 Metaspace       used 61964K, committed 62464K, reserved 1114112K
  class space    used 7466K, committed 7680K, reserved 1048576K
}
Event: 23176.596 GC heap after
{Heap after GC invocations=1560 (full 1426):
 garbage-first heap   total 119808K, used 36933K [0x00000000c0000000, 0x0000000100000000)
  region size 1024K, 0 young (0K), 0 survivors (0K)
 Metaspace       used 61964K, committed 62464K, reserved 1114112K
  class space    used 7466K, committed 7680K, reserved 1048576K
}
Event: 23186.832 GC heap before
{Heap before GC invocations=1560 (full 1426):
 garbage-first heap   total 119808K, used 36933K [0x00000000c0000000, 0x0000000100000000)
  region size 1024K, 1 young (1024K), 0 survivors (0K)
 Metaspace       used 61964K, committed 62464K, reserved 1114112K
  class space    used 7466K, committed 7680K, reserved 1048576K
}
Event: 23186.899 GC heap after
{Heap after GC invocations=1561 (full 1427):
 garbage-first heap   total 119808K, used 36933K [0x00000000c0000000, 0x0000000100000000)
  region size 1024K, 0 young (0K), 0 survivors (0K)
 Metaspace       used 61964K, committed 62464K, reserved 1114112K
  class space    used 7466K, committed 7680K, reserved 1048576K
}
Event: 23197.109 GC heap before
{Heap before GC invocations=1561 (full 1427):
 garbage-first heap   total 119808K, used 36933K [0x00000000c0000000, 0x0000000100000000)
  region size 1024K, 1 young (1024K), 0 survivors (0K)
 Metaspace       used 61964K, committed 62464K, reserved 1114112K
  class space    used 7466K, committed 7680K, reserved 1048576K
}
Event: 23197.176 GC heap after
{Heap after GC invocations=1562 (full 1428):
 garbage-first heap   total 119808K, used 36933K [0x00000000c0000000, 0x0000000100000000)
  region size 1024K, 0 young (0K), 0 survivors (0K)
 Metaspace       used 61964K, committed 62464K, reserved 1114112K
  class space    used 7466K, committed 7680K, reserved 1048576K
}
Event: 23207.369 GC heap before
{Heap before GC invocations=1562 (full 1428):
 garbage-first heap   total 119808K, used 36933K [0x00000000c0000000, 0x0000000100000000)
  region size 1024K, 1 young (1024K), 0 survivors (0K)
 Metaspace       used 61964K, committed 62464K, reserved 1114112K
  class space    used 7466K, committed 7680K, reserved 1048576K
}
Event: 23207.438 GC heap after
{Heap after GC invocations=1563 (full 1429):
 garbage-first heap   total 119808K, used 36933K [0x00000000c0000000, 0x0000000100000000)
  region size 1024K, 0 young (0K), 0 survivors (0K)
 Metaspace       used 61964K, committed 62464K, reserved 1114112K
  class space    used 7466K, committed 7680K, reserved 1048576K
}
Event: 23217.631 GC heap before
{Heap before GC invocations=1563 (full 1429):
 garbage-first heap   total 119808K, used 36933K [0x00000000c0000000, 0x0000000100000000)
  region size 1024K, 1 young (1024K), 0 survivors (0K)
 Metaspace       used 61964K, committed 62464K, reserved 1114112K
  class space    used 7466K, committed 7680K, reserved 1048576K
}
Event: 23217.698 GC heap after
{Heap after GC invocations=1564 (full 1430):
 garbage-first heap   total 119808K, used 36933K [0x00000000c0000000, 0x0000000100000000)
  region size 1024K, 0 young (0K), 0 survivors (0K)
 Metaspace       used 61964K, committed 62464K, reserved 1114112K
  class space    used 7466K, committed 7680K, reserved 1048576K
}
Event: 23227.889 GC heap before
{Heap before GC invocations=1564 (full 1430):
 garbage-first heap   total 119808K, used 36933K [0x00000000c0000000, 0x0000000100000000)
  region size 1024K, 1 young (1024K), 0 survivors (0K)
 Metaspace       used 61964K, committed 62464K, reserved 1114112K
  class space    used 7466K, committed 7680K, reserved 1048576K
}
Event: 23227.957 GC heap after
{Heap after GC invocations=1565 (full 1431):
 garbage-first heap   total 119808K, used 36933K [0x00000000c0000000, 0x0000000100000000)
  region size 1024K, 0 young (0K), 0 survivors (0K)
 Metaspace       used 61964K, committed 62464K, reserved 1114112K
  class space    used 7466K, committed 7680K, reserved 1048576K
}
Event: 23238.143 GC heap before
{Heap before GC invocations=1565 (full 1431):
 garbage-first heap   total 119808K, used 36933K [0x00000000c0000000, 0x0000000100000000)
  region size 1024K, 1 young (1024K), 0 survivors (0K)
 Metaspace       used 61964K, committed 62464K, reserved 1114112K
  class space    used 7466K, committed 7680K, reserved 1048576K
}
Event: 23238.210 GC heap after
{Heap after GC invocations=1566 (full 1432):
 garbage-first heap   total 119808K, used 36933K [0x00000000c0000000, 0x0000000100000000)
  region size 1024K, 0 young (0K), 0 survivors (0K)
 Metaspace       used 61964K, committed 62464K, reserved 1114112K
  class space    used 7466K, committed 7680K, reserved 1048576K
}

