# JRE version: OpenJDK Runtime Environment Temurin-17.0.9+9 (17.0.9+9) (build 17.0.9+9)
# Java VM: OpenJDK 64-Bit Server VM Temurin-17.0.9+9 (17.0.9+9, mixed mode, emulated-client, tiered, compressed oops, compressed class ptrs, g1 gc, windows-amd64)
GC Precious Log:
 CPUs: 4 total, 4 available
 Memory: 8103M
 Large Page Support: Disabled
 NUMA Support: Disabled
 Compressed Oops: Enabled (32-bit)
 Heap Region Size: 1M
 Heap Min Capacity: 8M
 Heap Initial Capacity: 128M
 Heap Max Capacity: 1G
 Pre-touch: Disabled
 Parallel Workers: 4
 Concurrent Workers: 1
 Concurrent Refinement Workers: 4
 Periodic GC: Disabled
Heap:
 garbage-first heap   total 102400K, used 48840K [0x00000000c0000000, 0x0000000100000000)
  region size 1024K, 2 young (2048K), 2 survivors (2048K)
 Metaspace       used 58420K, committed 58944K, reserved 1114112K
  class space    used 6957K, committed 7232K, reserved 1048576K
GC Heap History (20 events):
Event: 4.512 GC heap after
{Heap after GC invocations=7 (full 0):
 garbage-first heap   total 68608K, used 23470K [0x00000000c0000000, 0x0000000100000000)
  region size 1024K, 2 young (2048K), 2 survivors (2048K)
 Metaspace       used 32125K, committed 32448K, reserved 1114112K
  class space    used 3831K, committed 3968K, reserved 1048576K
}
Event: 5.674 GC heap before
{Heap before GC invocations=7 (full 0):
 garbage-first heap   total 68608K, used 47022K [0x00000000c0000000, 0x0000000100000000)
  region size 1024K, 26 young (26624K), 2 survivors (2048K)
 Metaspace       used 35395K, committed 35712K, reserved 1114112K
  class space    used 4317K, committed 4480K, reserved 1048576K
}
Event: 5.692 GC heap after
{Heap after GC invocations=8 (full 0):
 garbage-first heap   total 68608K, used 26199K [0x00000000c0000000, 0x0000000100000000)
  region size 1024K, 4 young (4096K), 4 survivors (4096K)
 Metaspace       used 35395K, committed 35712K, reserved 1114112K
  class space    used 4317K, committed 4480K, reserved 1048576K
}
Event: 5.776 GC heap before
{Heap before GC invocations=8 (full 0):
 garbage-first heap   total 68608K, used 27223K [0x00000000c0000000, 0x0000000100000000)
  region size 1024K, 6 young (6144K), 4 survivors (4096K)
 Metaspace       used 35845K, committed 36160K, reserved 1114112K
  class space    used 4375K, committed 4544K, reserved 1048576K
}
Event: 5.787 GC heap after
{Heap after GC invocations=9 (full 0):
 garbage-first heap   total 82944K, used 26988K [0x00000000c0000000, 0x0000000100000000)
  region size 1024K, 1 young (1024K), 1 survivors (1024K)
 Metaspace       used 35845K, committed 36160K, reserved 1114112K
  class space    used 4375K, committed 4544K, reserved 1048576K
}
Event: 7.380 GC heap before
{Heap before GC invocations=10 (full 0):
 garbage-first heap   total 82944K, used 63852K [0x00000000c0000000, 0x0000000100000000)
  region size 1024K, 35 young (35840K), 1 survivors (1024K)
 Metaspace       used 40727K, committed 41088K, reserved 1114112K
  class space    used 5173K, committed 5312K, reserved 1048576K
}
Event: 7.390 GC heap after
{Heap after GC invocations=11 (full 0):
 garbage-first heap   total 82944K, used 32728K [0x00000000c0000000, 0x0000000100000000)
  region size 1024K, 5 young (5120K), 5 survivors (5120K)
 Metaspace       used 40727K, committed 41088K, reserved 1114112K
  class space    used 5173K, committed 5312K, reserved 1048576K
}
Event: 8.134 GC heap before
{Heap before GC invocations=11 (full 0):
 garbage-first heap   total 82944K, used 60376K [0x00000000c0000000, 0x0000000100000000)
  region size 1024K, 32 young (32768K), 5 survivors (5120K)
 Metaspace       used 44572K, committed 45056K, reserved 1114112K
  class space    used 5456K, committed 5696K, reserved 1048576K
}
Event: 8.143 GC heap after
{Heap after GC invocations=12 (full 0):
 garbage-first heap   total 82944K, used 33768K [0x00000000c0000000, 0x0000000100000000)
  region size 1024K, 4 young (4096K), 4 survivors (4096K)
 Metaspace       used 44572K, committed 45056K, reserved 1114112K
  class space    used 5456K, committed 5696K, reserved 1048576K
}
Event: 8.470 GC heap before
{Heap before GC invocations=12 (full 0):
 garbage-first heap   total 82944K, used 60392K [0x00000000c0000000, 0x0000000100000000)
  region size 1024K, 30 young (30720K), 4 survivors (4096K)
 Metaspace       used 47195K, committed 47744K, reserved 1114112K
  class space    used 5738K, committed 6016K, reserved 1048576K
}
Event: 8.477 GC heap after
{Heap after GC invocations=13 (full 0):
 garbage-first heap   total 82944K, used 38747K [0x00000000c0000000, 0x0000000100000000)
  region size 1024K, 4 young (4096K), 4 survivors (4096K)
 Metaspace       used 47195K, committed 47744K, reserved 1114112K
  class space    used 5738K, committed 6016K, reserved 1048576K
}
Event: 8.813 GC heap before
{Heap before GC invocations=13 (full 0):
 garbage-first heap   total 82944K, used 62299K [0x00000000c0000000, 0x0000000100000000)
  region size 1024K, 27 young (27648K), 4 survivors (4096K)
 Metaspace       used 52008K, committed 52480K, reserved 1114112K
  class space    used 6182K, committed 6400K, reserved 1048576K
}
Event: 8.819 GC heap after
{Heap after GC invocations=14 (full 0):
 garbage-first heap   total 82944K, used 45019K [0x00000000c0000000, 0x0000000100000000)
  region size 1024K, 4 young (4096K), 4 survivors (4096K)
 Metaspace       used 52008K, committed 52480K, reserved 1114112K
  class space    used 6182K, committed 6400K, reserved 1048576K
}
Event: 9.153 GC heap before
{Heap before GC invocations=14 (full 0):
 garbage-first heap   total 82944K, used 62427K [0x00000000c0000000, 0x0000000100000000)
  region size 1024K, 22 young (22528K), 4 survivors (4096K)
 Metaspace       used 55382K, committed 55936K, reserved 1114112K
  class space    used 6626K, committed 6912K, reserved 1048576K
}
Event: 9.157 GC heap after
{Heap after GC invocations=15 (full 0):
 garbage-first heap   total 82944K, used 46740K [0x00000000c0000000, 0x0000000100000000)
  region size 1024K, 2 young (2048K), 2 survivors (2048K)
 Metaspace       used 55382K, committed 55936K, reserved 1114112K
  class space    used 6626K, committed 6912K, reserved 1048576K
}
Event: 9.351 GC heap before
{Heap before GC invocations=16 (full 0):
 garbage-first heap   total 102400K, used 64148K [0x00000000c0000000, 0x0000000100000000)
  region size 1024K, 19 young (19456K), 2 survivors (2048K)
 Metaspace       used 55863K, committed 56384K, reserved 1114112K
  class space    used 6699K, committed 6976K, reserved 1048576K
}
Event: 9.355 GC heap after
{Heap after GC invocations=17 (full 0):
 garbage-first heap   total 102400K, used 47834K [0x00000000c0000000, 0x0000000100000000)
  region size 1024K, 3 young (3072K), 3 survivors (3072K)
 Metaspace       used 55863K, committed 56384K, reserved 1114112K
  class space    used 6699K, committed 6976K, reserved 1048576K
}
Event: 9.393 GC heap before
{Heap before GC invocations=17 (full 0):
 garbage-first heap   total 102400K, used 49882K [0x00000000c0000000, 0x0000000100000000)
  region size 1024K, 5 young (5120K), 3 survivors (3072K)
 Metaspace       used 55893K, committed 56384K, reserved 1114112K
  class space    used 6704K, committed 6976K, reserved 1048576K
}
Event: 9.397 GC heap after
{Heap after GC invocations=18 (full 0):
 garbage-first heap   total 102400K, used 47265K [0x00000000c0000000, 0x0000000100000000)
  region size 1024K, 1 young (1024K), 1 survivors (1024K)
 Metaspace       used 55893K, committed 56384K, reserved 1114112K
  class space    used 6704K, committed 6976K, reserved 1048576K
}
Event: 9.952 GC heap before
{Heap before GC invocations=18 (full 0):
 garbage-first heap   total 102400K, used 63649K [0x00000000c0000000, 0x0000000100000000)
  region size 1024K, 19 young (19456K), 1 survivors (1024K)
 Metaspace       used 58420K, committed 58944K, reserved 1114112K
  class space    used 6957K, committed 7232K, reserved 1048576K
}

