# JRE version: OpenJDK Runtime Environment Temurin-17.0.9+9 (17.0.9+9) (build 17.0.9+9)
# Java VM: OpenJDK 64-Bit Server VM Temurin-17.0.9+9 (17.0.9+9, mixed mode, emulated-client, tiered, compressed oops, compressed class ptrs, g1 gc, windows-amd64)
GC Precious Log:
 CPUs: 4 total, 4 available
 Memory: 8103M
 Large Page Support: Disabled
 NUMA Support: Disabled
 Compressed Oops: Enabled (32-bit)
 Heap Region Size: 1M
 Heap Min Capacity: 8M
 Heap Initial Capacity: 128M
 Heap Max Capacity: 1G
 Pre-touch: Disabled
 Parallel Workers: 4
 Concurrent Workers: 1
 Concurrent Refinement Workers: 4
 Periodic GC: Disabled
Heap:
 garbage-first heap   total 82944K, used 32725K [0x00000000c0000000, 0x0000000100000000)
  region size 1024K, 1 young (1024K), 0 survivors (0K)
 Metaspace       used 59090K, committed 59776K, reserved 1114112K
  class space    used 7003K, committed 7296K, reserved 1048576K
GC Heap History (20 events):
Event: 1378.540 GC heap before
{Heap before GC invocations=143 (full 129):
 garbage-first heap   total 82944K, used 32725K [0x00000000c0000000, 0x0000000100000000)
  region size 1024K, 1 young (1024K), 0 survivors (0K)
 Metaspace       used 59090K, committed 59776K, reserved 1114112K
  class space    used 7003K, committed 7296K, reserved 1048576K
}
Event: 1378.590 GC heap after
{Heap after GC invocations=144 (full 130):
 garbage-first heap   total 82944K, used 32725K [0x00000000c0000000, 0x0000000100000000)
  region size 1024K, 0 young (0K), 0 survivors (0K)
 Metaspace       used 59090K, committed 59776K, reserved 1114112K
  class space    used 7003K, committed 7296K, reserved 1048576K
}
Event: 1388.738 GC heap before
{Heap before GC invocations=144 (full 130):
 garbage-first heap   total 82944K, used 32725K [0x00000000c0000000, 0x0000000100000000)
  region size 1024K, 1 young (1024K), 0 survivors (0K)
 Metaspace       used 59090K, committed 59776K, reserved 1114112K
  class space    used 7003K, committed 7296K, reserved 1048576K
}
Event: 1388.785 GC heap after
{Heap after GC invocations=145 (full 131):
 garbage-first heap   total 82944K, used 32725K [0x00000000c0000000, 0x0000000100000000)
  region size 1024K, 0 young (0K), 0 survivors (0K)
 Metaspace       used 59090K, committed 59776K, reserved 1114112K
  class space    used 7003K, committed 7296K, reserved 1048576K
}
Event: 1398.938 GC heap before
{Heap before GC invocations=145 (full 131):
 garbage-first heap   total 82944K, used 32725K [0x00000000c0000000, 0x0000000100000000)
  region size 1024K, 1 young (1024K), 0 survivors (0K)
 Metaspace       used 59090K, committed 59776K, reserved 1114112K
  class space    used 7003K, committed 7296K, reserved 1048576K
}
Event: 1398.984 GC heap after
{Heap after GC invocations=146 (full 132):
 garbage-first heap   total 82944K, used 32725K [0x00000000c0000000, 0x0000000100000000)
  region size 1024K, 0 young (0K), 0 survivors (0K)
 Metaspace       used 59090K, committed 59776K, reserved 1114112K
  class space    used 7003K, committed 7296K, reserved 1048576K
}
Event: 1409.145 GC heap before
{Heap before GC invocations=146 (full 132):
 garbage-first heap   total 82944K, used 32725K [0x00000000c0000000, 0x0000000100000000)
  region size 1024K, 1 young (1024K), 0 survivors (0K)
 Metaspace       used 59090K, committed 59776K, reserved 1114112K
  class space    used 7003K, committed 7296K, reserved 1048576K
}
Event: 1409.191 GC heap after
{Heap after GC invocations=147 (full 133):
 garbage-first heap   total 82944K, used 32725K [0x00000000c0000000, 0x0000000100000000)
  region size 1024K, 0 young (0K), 0 survivors (0K)
 Metaspace       used 59090K, committed 59776K, reserved 1114112K
  class space    used 7003K, committed 7296K, reserved 1048576K
}
Event: 1419.356 GC heap before
{Heap before GC invocations=147 (full 133):
 garbage-first heap   total 82944K, used 32725K [0x00000000c0000000, 0x0000000100000000)
  region size 1024K, 1 young (1024K), 0 survivors (0K)
 Metaspace       used 59090K, committed 59776K, reserved 1114112K
  class space    used 7003K, committed 7296K, reserved 1048576K
}
Event: 1419.403 GC heap after
{Heap after GC invocations=148 (full 134):
 garbage-first heap   total 82944K, used 32725K [0x00000000c0000000, 0x0000000100000000)
  region size 1024K, 0 young (0K), 0 survivors (0K)
 Metaspace       used 59090K, committed 59776K, reserved 1114112K
  class space    used 7003K, committed 7296K, reserved 1048576K
}
Event: 1429.553 GC heap before
{Heap before GC invocations=148 (full 134):
 garbage-first heap   total 82944K, used 32725K [0x00000000c0000000, 0x0000000100000000)
  region size 1024K, 1 young (1024K), 0 survivors (0K)
 Metaspace       used 59090K, committed 59776K, reserved 1114112K
  class space    used 7003K, committed 7296K, reserved 1048576K
}
Event: 1429.598 GC heap after
{Heap after GC invocations=149 (full 135):
 garbage-first heap   total 82944K, used 32725K [0x00000000c0000000, 0x0000000100000000)
  region size 1024K, 0 young (0K), 0 survivors (0K)
 Metaspace       used 59090K, committed 59776K, reserved 1114112K
  class space    used 7003K, committed 7296K, reserved 1048576K
}
Event: 1439.842 GC heap before
{Heap before GC invocations=149 (full 135):
 garbage-first heap   total 82944K, used 32725K [0x00000000c0000000, 0x0000000100000000)
  region size 1024K, 1 young (1024K), 0 survivors (0K)
 Metaspace       used 59090K, committed 59776K, reserved 1114112K
  class space    used 7003K, committed 7296K, reserved 1048576K
}
Event: 1439.899 GC heap after
{Heap after GC invocations=150 (full 136):
 garbage-first heap   total 82944K, used 32725K [0x00000000c0000000, 0x0000000100000000)
  region size 1024K, 0 young (0K), 0 survivors (0K)
 Metaspace       used 59090K, committed 59776K, reserved 1114112K
  class space    used 7003K, committed 7296K, reserved 1048576K
}
Event: 1450.058 GC heap before
{Heap before GC invocations=150 (full 136):
 garbage-first heap   total 82944K, used 32725K [0x00000000c0000000, 0x0000000100000000)
  region size 1024K, 1 young (1024K), 0 survivors (0K)
 Metaspace       used 59090K, committed 59776K, reserved 1114112K
  class space    used 7003K, committed 7296K, reserved 1048576K
}
Event: 1450.103 GC heap after
{Heap after GC invocations=151 (full 137):
 garbage-first heap   total 82944K, used 32725K [0x00000000c0000000, 0x0000000100000000)
  region size 1024K, 0 young (0K), 0 survivors (0K)
 Metaspace       used 59090K, committed 59776K, reserved 1114112K
  class space    used 7003K, committed 7296K, reserved 1048576K
}
Event: 1460.280 GC heap before
{Heap before GC invocations=151 (full 137):
 garbage-first heap   total 82944K, used 32725K [0x00000000c0000000, 0x0000000100000000)
  region size 1024K, 1 young (1024K), 0 survivors (0K)
 Metaspace       used 59090K, committed 59776K, reserved 1114112K
  class space    used 7003K, committed 7296K, reserved 1048576K
}
Event: 1460.332 GC heap after
{Heap after GC invocations=152 (full 138):
 garbage-first heap   total 82944K, used 32725K [0x00000000c0000000, 0x0000000100000000)
  region size 1024K, 0 young (0K), 0 survivors (0K)
 Metaspace       used 59090K, committed 59776K, reserved 1114112K
  class space    used 7003K, committed 7296K, reserved 1048576K
}
Event: 1470.547 GC heap before
{Heap before GC invocations=152 (full 138):
 garbage-first heap   total 82944K, used 32725K [0x00000000c0000000, 0x0000000100000000)
  region size 1024K, 1 young (1024K), 0 survivors (0K)
 Metaspace       used 59090K, committed 59776K, reserved 1114112K
  class space    used 7003K, committed 7296K, reserved 1048576K
}
Event: 1470.607 GC heap after
{Heap after GC invocations=153 (full 139):
 garbage-first heap   total 82944K, used 32725K [0x00000000c0000000, 0x0000000100000000)
  region size 1024K, 0 young (0K), 0 survivors (0K)
 Metaspace       used 59090K, committed 59776K, reserved 1114112K
  class space    used 7003K, committed 7296K, reserved 1048576K
}

