# JRE version: OpenJDK Runtime Environment Temurin-17.0.9+9 (17.0.9+9) (build 17.0.9+9)
# Java VM: OpenJDK 64-Bit Server VM Temurin-17.0.9+9 (17.0.9+9, mixed mode, emulated-client, tiered, compressed oops, compressed class ptrs, g1 gc, windows-amd64)
GC Precious Log:
 CPUs: 4 total, 4 available
 Memory: 8103M
 Large Page Support: Disabled
 NUMA Support: Disabled
 Compressed Oops: Enabled (32-bit)
 Heap Region Size: 1M
 Heap Min Capacity: 8M
 Heap Initial Capacity: 128M
 Heap Max Capacity: 1G
 Pre-touch: Disabled
 Parallel Workers: 4
 Concurrent Workers: 1
 Concurrent Refinement Workers: 4
 Periodic GC: Disabled
Heap:
 garbage-first heap   total 150528K, used 44284K [0x00000000c0000000, 0x0000000100000000)
  region size 1024K, 1 young (1024K), 0 survivors (0K)
 Metaspace       used 62555K, committed 63040K, reserved 1114112K
  class space    used 7534K, committed 7744K, reserved 1048576K
GC Heap History (20 events):
Event: 352.930 GC heap before
{Heap before GC invocations=46 (full 24):
 garbage-first heap   total 157696K, used 45986K [0x00000000c0000000, 0x0000000100000000)
  region size 1024K, 1 young (1024K), 0 survivors (0K)
 Metaspace       used 62584K, committed 63040K, reserved 1114112K
  class space    used 7542K, committed 7744K, reserved 1048576K
}
Event: 352.983 GC heap after
{Heap after GC invocations=47 (full 25):
 garbage-first heap   total 157696K, used 45986K [0x00000000c0000000, 0x0000000100000000)
  region size 1024K, 0 young (0K), 0 survivors (0K)
 Metaspace       used 62584K, committed 63040K, reserved 1114112K
  class space    used 7542K, committed 7744K, reserved 1048576K
}
Event: 363.166 GC heap before
{Heap before GC invocations=47 (full 25):
 garbage-first heap   total 157696K, used 45986K [0x00000000c0000000, 0x0000000100000000)
  region size 1024K, 1 young (1024K), 0 survivors (0K)
 Metaspace       used 62584K, committed 63040K, reserved 1114112K
  class space    used 7542K, committed 7744K, reserved 1048576K
}
Event: 363.220 GC heap after
{Heap after GC invocations=48 (full 26):
 garbage-first heap   total 157696K, used 45383K [0x00000000c0000000, 0x0000000100000000)
  region size 1024K, 0 young (0K), 0 survivors (0K)
 Metaspace       used 62584K, committed 63040K, reserved 1114112K
  class space    used 7542K, committed 7744K, reserved 1048576K
}
Event: 373.551 GC heap before
{Heap before GC invocations=48 (full 26):
 garbage-first heap   total 157696K, used 45383K [0x00000000c0000000, 0x0000000100000000)
  region size 1024K, 1 young (1024K), 0 survivors (0K)
 Metaspace       used 62584K, committed 63040K, reserved 1114112K
  class space    used 7542K, committed 7744K, reserved 1048576K
}
Event: 373.612 GC heap after
{Heap after GC invocations=49 (full 27):
 garbage-first heap   total 150528K, used 44284K [0x00000000c0000000, 0x0000000100000000)
  region size 1024K, 0 young (0K), 0 survivors (0K)
 Metaspace       used 62555K, committed 63040K, reserved 1114112K
  class space    used 7534K, committed 7744K, reserved 1048576K
}
Event: 383.768 GC heap before
{Heap before GC invocations=49 (full 27):
 garbage-first heap   total 150528K, used 44284K [0x00000000c0000000, 0x0000000100000000)
  region size 1024K, 1 young (1024K), 0 survivors (0K)
 Metaspace       used 62555K, committed 63040K, reserved 1114112K
  class space    used 7534K, committed 7744K, reserved 1048576K
}
Event: 383.819 GC heap after
{Heap after GC invocations=50 (full 28):
 garbage-first heap   total 150528K, used 44284K [0x00000000c0000000, 0x0000000100000000)
  region size 1024K, 0 young (0K), 0 survivors (0K)
 Metaspace       used 62555K, committed 63040K, reserved 1114112K
  class space    used 7534K, committed 7744K, reserved 1048576K
}
Event: 393.963 GC heap before
{Heap before GC invocations=50 (full 28):
 garbage-first heap   total 150528K, used 44284K [0x00000000c0000000, 0x0000000100000000)
  region size 1024K, 1 young (1024K), 0 survivors (0K)
 Metaspace       used 62555K, committed 63040K, reserved 1114112K
  class space    used 7534K, committed 7744K, reserved 1048576K
}
Event: 394.011 GC heap after
{Heap after GC invocations=51 (full 29):
 garbage-first heap   total 150528K, used 44284K [0x00000000c0000000, 0x0000000100000000)
  region size 1024K, 0 young (0K), 0 survivors (0K)
 Metaspace       used 62555K, committed 63040K, reserved 1114112K
  class space    used 7534K, committed 7744K, reserved 1048576K
}
Event: 404.275 GC heap before
{Heap before GC invocations=51 (full 29):
 garbage-first heap   total 150528K, used 44284K [0x00000000c0000000, 0x0000000100000000)
  region size 1024K, 1 young (1024K), 0 survivors (0K)
 Metaspace       used 62555K, committed 63040K, reserved 1114112K
  class space    used 7534K, committed 7744K, reserved 1048576K
}
Event: 404.335 GC heap after
{Heap after GC invocations=52 (full 30):
 garbage-first heap   total 150528K, used 44284K [0x00000000c0000000, 0x0000000100000000)
  region size 1024K, 0 young (0K), 0 survivors (0K)
 Metaspace       used 62555K, committed 63040K, reserved 1114112K
  class space    used 7534K, committed 7744K, reserved 1048576K
}
Event: 414.520 GC heap before
{Heap before GC invocations=52 (full 30):
 garbage-first heap   total 150528K, used 44284K [0x00000000c0000000, 0x0000000100000000)
  region size 1024K, 1 young (1024K), 0 survivors (0K)
 Metaspace       used 62555K, committed 63040K, reserved 1114112K
  class space    used 7534K, committed 7744K, reserved 1048576K
}
Event: 414.574 GC heap after
{Heap after GC invocations=53 (full 31):
 garbage-first heap   total 150528K, used 44284K [0x00000000c0000000, 0x0000000100000000)
  region size 1024K, 0 young (0K), 0 survivors (0K)
 Metaspace       used 62555K, committed 63040K, reserved 1114112K
  class space    used 7534K, committed 7744K, reserved 1048576K
}
Event: 424.770 GC heap before
{Heap before GC invocations=53 (full 31):
 garbage-first heap   total 150528K, used 44284K [0x00000000c0000000, 0x0000000100000000)
  region size 1024K, 1 young (1024K), 0 survivors (0K)
 Metaspace       used 62555K, committed 63040K, reserved 1114112K
  class space    used 7534K, committed 7744K, reserved 1048576K
}
Event: 424.823 GC heap after
{Heap after GC invocations=54 (full 32):
 garbage-first heap   total 150528K, used 44284K [0x00000000c0000000, 0x0000000100000000)
  region size 1024K, 0 young (0K), 0 survivors (0K)
 Metaspace       used 62555K, committed 63040K, reserved 1114112K
  class space    used 7534K, committed 7744K, reserved 1048576K
}
Event: 434.973 GC heap before
{Heap before GC invocations=54 (full 32):
 garbage-first heap   total 150528K, used 44284K [0x00000000c0000000, 0x0000000100000000)
  region size 1024K, 1 young (1024K), 0 survivors (0K)
 Metaspace       used 62555K, committed 63040K, reserved 1114112K
  class space    used 7534K, committed 7744K, reserved 1048576K
}
Event: 435.021 GC heap after
{Heap after GC invocations=55 (full 33):
 garbage-first heap   total 150528K, used 44284K [0x00000000c0000000, 0x0000000100000000)
  region size 1024K, 0 young (0K), 0 survivors (0K)
 Metaspace       used 62555K, committed 63040K, reserved 1114112K
  class space    used 7534K, committed 7744K, reserved 1048576K
}
Event: 445.192 GC heap before
{Heap before GC invocations=55 (full 33):
 garbage-first heap   total 150528K, used 44284K [0x00000000c0000000, 0x0000000100000000)
  region size 1024K, 1 young (1024K), 0 survivors (0K)
 Metaspace       used 62555K, committed 63040K, reserved 1114112K
  class space    used 7534K, committed 7744K, reserved 1048576K
}
Event: 445.241 GC heap after
{Heap after GC invocations=56 (full 34):
 garbage-first heap   total 150528K, used 44284K [0x00000000c0000000, 0x0000000100000000)
  region size 1024K, 0 young (0K), 0 survivors (0K)
 Metaspace       used 62555K, committed 63040K, reserved 1114112K
  class space    used 7534K, committed 7744K, reserved 1048576K
}

