# JRE version: OpenJDK Runtime Environment Temurin-17.0.9+9 (17.0.9+9) (build 17.0.9+9)
# Java VM: OpenJDK 64-Bit Server VM Temurin-17.0.9+9 (17.0.9+9, mixed mode, emulated-client, tiered, compressed oops, compressed class ptrs, g1 gc, windows-amd64)
GC Precious Log:
 CPUs: 4 total, 4 available
 Memory: 8103M
 Large Page Support: Disabled
 NUMA Support: Disabled
 Compressed Oops: Enabled (32-bit)
 Heap Region Size: 1M
 Heap Min Capacity: 8M
 Heap Initial Capacity: 128M
 Heap Max Capacity: 1G
 Pre-touch: Disabled
 Parallel Workers: 4
 Concurrent Workers: 1
 Concurrent Refinement Workers: 4
 Periodic GC: Disabled
Heap:
 garbage-first heap   total 131072K, used 48017K [0x00000000c0000000, 0x0000000100000000)
  region size 1024K, 1 young (1024K), 1 survivors (1024K)
 Metaspace       used 58325K, committed 58752K, reserved 1114112K
  class space    used 7018K, committed 7232K, reserved 1048576K
GC Heap History (20 events):
Event: 27.246 GC heap after
{Heap after GC invocations=14 (full 0):
 garbage-first heap   total 68608K, used 33376K [0x00000000c0000000, 0x0000000100000000)
  region size 1024K, 1 young (1024K), 1 survivors (1024K)
 Metaspace       used 46378K, committed 46848K, reserved 1114112K
  class space    used 5722K, committed 5952K, reserved 1048576K
}
Event: 27.679 GC heap before
{Heap before GC invocations=15 (full 0):
 garbage-first heap   total 75776K, used 61024K [0x00000000c0000000, 0x0000000100000000)
  region size 1024K, 20 young (20480K), 1 survivors (1024K)
 Metaspace       used 47836K, committed 48320K, reserved 1114112K
  class space    used 5855K, committed 6080K, reserved 1048576K
}
Event: 27.684 GC heap after
{Heap after GC invocations=16 (full 0):
 garbage-first heap   total 75776K, used 34843K [0x00000000c0000000, 0x0000000100000000)
  region size 1024K, 3 young (3072K), 3 survivors (3072K)
 Metaspace       used 47836K, committed 48320K, reserved 1114112K
  class space    used 5855K, committed 6080K, reserved 1048576K
}
Event: 27.727 GC heap before
{Heap before GC invocations=16 (full 0):
 garbage-first heap   total 75776K, used 37915K [0x00000000c0000000, 0x0000000100000000)
  region size 1024K, 6 young (6144K), 3 survivors (3072K)
 Metaspace       used 48075K, committed 48512K, reserved 1114112K
  class space    used 5869K, committed 6080K, reserved 1048576K
}
Event: 27.732 GC heap after
{Heap after GC invocations=17 (full 0):
 garbage-first heap   total 75776K, used 36707K [0x00000000c0000000, 0x0000000100000000)
  region size 1024K, 2 young (2048K), 2 survivors (2048K)
 Metaspace       used 48075K, committed 48512K, reserved 1114112K
  class space    used 5869K, committed 6080K, reserved 1048576K
}
Event: 28.410 GC heap before
{Heap before GC invocations=18 (full 0):
 garbage-first heap   total 75776K, used 57187K [0x00000000c0000000, 0x0000000100000000)
  region size 1024K, 22 young (22528K), 2 survivors (2048K)
 Metaspace       used 51435K, committed 51904K, reserved 1114112K
  class space    used 6273K, committed 6528K, reserved 1048576K
}
Event: 28.415 GC heap after
{Heap after GC invocations=19 (full 0):
 garbage-first heap   total 75776K, used 37296K [0x00000000c0000000, 0x0000000100000000)
  region size 1024K, 3 young (3072K), 3 survivors (3072K)
 Metaspace       used 51435K, committed 51904K, reserved 1114112K
  class space    used 6273K, committed 6528K, reserved 1048576K
}
Event: 28.445 GC heap before
{Heap before GC invocations=19 (full 0):
 garbage-first heap   total 75776K, used 38320K [0x00000000c0000000, 0x0000000100000000)
  region size 1024K, 4 young (4096K), 3 survivors (3072K)
 Metaspace       used 51734K, committed 52224K, reserved 1114112K
  class space    used 6304K, committed 6528K, reserved 1048576K
}
Event: 28.450 GC heap after
{Heap after GC invocations=20 (full 0):
 garbage-first heap   total 75776K, used 37670K [0x00000000c0000000, 0x0000000100000000)
  region size 1024K, 1 young (1024K), 1 survivors (1024K)
 Metaspace       used 51734K, committed 52224K, reserved 1114112K
  class space    used 6304K, committed 6528K, reserved 1048576K
}
Event: 28.652 GC heap before
{Heap before GC invocations=20 (full 0):
 garbage-first heap   total 75776K, used 42790K [0x00000000c0000000, 0x0000000100000000)
  region size 1024K, 8 young (8192K), 1 survivors (1024K)
 Metaspace       used 52338K, committed 52864K, reserved 1114112K
  class space    used 6388K, committed 6656K, reserved 1048576K
}
Event: 28.654 GC heap after
{Heap after GC invocations=21 (full 0):
 garbage-first heap   total 75776K, used 38117K [0x00000000c0000000, 0x0000000100000000)
  region size 1024K, 1 young (1024K), 1 survivors (1024K)
 Metaspace       used 52338K, committed 52864K, reserved 1114112K
  class space    used 6388K, committed 6656K, reserved 1048576K
}
Event: 29.554 GC heap before
{Heap before GC invocations=22 (full 0):
 garbage-first heap   total 76800K, used 60645K [0x00000000c0000000, 0x0000000100000000)
  region size 1024K, 22 young (22528K), 1 survivors (1024K)
 Metaspace       used 55816K, committed 56320K, reserved 1114112K
  class space    used 6671K, committed 6912K, reserved 1048576K
}
Event: 29.569 GC heap after
{Heap after GC invocations=23 (full 0):
 garbage-first heap   total 76800K, used 46183K [0x00000000c0000000, 0x0000000100000000)
  region size 1024K, 3 young (3072K), 3 survivors (3072K)
 Metaspace       used 55816K, committed 56320K, reserved 1114112K
  class space    used 6671K, committed 6912K, reserved 1048576K
}
Event: 29.683 GC heap before
{Heap before GC invocations=23 (full 0):
 garbage-first heap   total 76800K, used 47207K [0x00000000c0000000, 0x0000000100000000)
  region size 1024K, 4 young (4096K), 3 survivors (3072K)
 Metaspace       used 55997K, committed 56448K, reserved 1114112K
  class space    used 6698K, committed 6912K, reserved 1048576K
}
Event: 29.688 GC heap after
{Heap after GC invocations=24 (full 0):
 garbage-first heap   total 76800K, used 46216K [0x00000000c0000000, 0x0000000100000000)
  region size 1024K, 1 young (1024K), 1 survivors (1024K)
 Metaspace       used 55997K, committed 56448K, reserved 1114112K
  class space    used 6698K, committed 6912K, reserved 1048576K
}
Event: 30.482 GC heap before
{Heap before GC invocations=24 (full 0):
 garbage-first heap   total 76800K, used 59528K [0x00000000c0000000, 0x0000000100000000)
  region size 1024K, 15 young (15360K), 1 survivors (1024K)
 Metaspace       used 57744K, committed 58240K, reserved 1114112K
  class space    used 6934K, committed 7168K, reserved 1048576K
}
Event: 30.485 GC heap after
{Heap after GC invocations=25 (full 0):
 garbage-first heap   total 76800K, used 46851K [0x00000000c0000000, 0x0000000100000000)
  region size 1024K, 1 young (1024K), 1 survivors (1024K)
 Metaspace       used 57744K, committed 58240K, reserved 1114112K
  class space    used 6934K, committed 7168K, reserved 1048576K
}
Event: 30.794 GC heap before
{Heap before GC invocations=26 (full 0):
 garbage-first heap   total 89088K, used 61187K [0x00000000c0000000, 0x0000000100000000)
  region size 1024K, 16 young (16384K), 1 survivors (1024K)
 Metaspace       used 58011K, committed 58496K, reserved 1114112K
  class space    used 6974K, committed 7232K, reserved 1048576K
}
Event: 30.798 GC heap after
{Heap after GC invocations=27 (full 0):
 garbage-first heap   total 89088K, used 48119K [0x00000000c0000000, 0x0000000100000000)
  region size 1024K, 2 young (2048K), 2 survivors (2048K)
 Metaspace       used 58011K, committed 58496K, reserved 1114112K
  class space    used 6974K, committed 7232K, reserved 1048576K
}
Event: 31.065 GC heap before
{Heap before GC invocations=27 (full 0):
 garbage-first heap   total 89088K, used 49143K [0x00000000c0000000, 0x0000000100000000)
  region size 1024K, 4 young (4096K), 2 survivors (2048K)
 Metaspace       used 58325K, committed 58752K, reserved 1114112K
  class space    used 7018K, committed 7232K, reserved 1048576K
}

