# JRE version: OpenJDK Runtime Environment Temurin-17.0.9+9 (17.0.9+9) (build 17.0.9+9)
# Java VM: OpenJDK 64-Bit Server VM Temurin-17.0.9+9 (17.0.9+9, mixed mode, emulated-client, tiered, compressed oops, compressed class ptrs, g1 gc, windows-amd64)
GC Precious Log:
 CPUs: 4 total, 4 available
 Memory: 8103M
 Large Page Support: Disabled
 NUMA Support: Disabled
 Compressed Oops: Enabled (32-bit)
 Heap Region Size: 1M
 Heap Min Capacity: 8M
 Heap Initial Capacity: 128M
 Heap Max Capacity: 1G
 Pre-touch: Disabled
 Parallel Workers: 4
 Concurrent Workers: 1
 Concurrent Refinement Workers: 4
 Periodic GC: Disabled
Heap:
 garbage-first heap   total 131072K, used 27345K [0x00000000c0000000, 0x0000000100000000)
  region size 1024K, 15 young (15360K), 2 survivors (2048K)
 Metaspace       used 16643K, committed 16832K, reserved 1114112K
  class space    used 1910K, committed 2048K, reserved 1048576K
GC Heap History (6 events):
Event: 14.831 GC heap before
{Heap before GC invocations=0 (full 0):
 garbage-first heap   total 131072K, used 16384K [0x00000000c0000000, 0x0000000100000000)
  region size 1024K, 13 young (13312K), 0 survivors (0K)
 Metaspace       used 6522K, committed 6656K, reserved 1114112K
  class space    used 557K, committed 640K, reserved 1048576K
}
Event: 14.837 GC heap after
{Heap after GC invocations=1 (full 0):
 garbage-first heap   total 131072K, used 12080K [0x00000000c0000000, 0x0000000100000000)
  region size 1024K, 2 young (2048K), 2 survivors (2048K)
 Metaspace       used 6522K, committed 6656K, reserved 1114112K
  class space    used 557K, committed 640K, reserved 1048576K
}
Event: 16.119 GC heap before
{Heap before GC invocations=1 (full 0):
 garbage-first heap   total 131072K, used 19248K [0x00000000c0000000, 0x0000000100000000)
  region size 1024K, 10 young (10240K), 2 survivors (2048K)
 Metaspace       used 8594K, committed 8768K, reserved 1114112K
  class space    used 830K, committed 896K, reserved 1048576K
}
Event: 16.123 GC heap after
{Heap after GC invocations=2 (full 0):
 garbage-first heap   total 131072K, used 13732K [0x00000000c0000000, 0x0000000100000000)
  region size 1024K, 2 young (2048K), 2 survivors (2048K)
 Metaspace       used 8594K, committed 8768K, reserved 1114112K
  class space    used 830K, committed 896K, reserved 1048576K
}
Event: 16.694 GC heap before
{Heap before GC invocations=2 (full 0):
 garbage-first heap   total 131072K, used 29092K [0x00000000c0000000, 0x0000000100000000)
  region size 1024K, 17 young (17408K), 2 survivors (2048K)
 Metaspace       used 12943K, committed 13184K, reserved 1114112K
  class space    used 1456K, committed 1600K, reserved 1048576K
}
Event: 16.698 GC heap after
{Heap after GC invocations=3 (full 0):
 garbage-first heap   total 131072K, used 15057K [0x00000000c0000000, 0x0000000100000000)
  region size 1024K, 2 young (2048K), 2 survivors (2048K)
 Metaspace       used 12943K, committed 13184K, reserved 1114112K
  class space    used 1456K, committed 1600K, reserved 1048576K
}

