# JRE version: OpenJDK Runtime Environment Temurin-17.0.9+9 (17.0.9+9) (build 17.0.9+9)
# Java VM: OpenJDK 64-Bit Server VM Temurin-17.0.9+9 (17.0.9+9, mixed mode, emulated-client, tiered, compressed oops, compressed class ptrs, g1 gc, windows-amd64)
GC Precious Log:
 CPUs: 4 total, 4 available
 Memory: 8103M
 Large Page Support: Disabled
 NUMA Support: Disabled
 Compressed Oops: Enabled (32-bit)
 Heap Region Size: 1M
 Heap Min Capacity: 8M
 Heap Initial Capacity: 128M
 Heap Max Capacity: 1G
 Pre-touch: Disabled
 Parallel Workers: 4
 Concurrent Workers: 1
 Concurrent Refinement Workers: 4
 Periodic GC: Disabled
Heap:
 garbage-first heap   total 95232K, used 38912K [0x00000000c0000000, 0x0000000100000000)
  region size 1024K, 4 young (4096K), 0 survivors (0K)
 Metaspace       used 62156K, committed 62592K, reserved 1114112K
  class space    used 7503K, committed 7680K, reserved 1048576K
GC Heap History (20 events):
Event: 10438.619 GC heap before
{Heap before GC invocations=503 (full 411):
 garbage-first heap   total 95232K, used 35840K [0x00000000c0000000, 0x0000000100000000)
  region size 1024K, 1 young (1024K), 0 survivors (0K)
 Metaspace       used 62156K, committed 62592K, reserved 1114112K
  class space    used 7503K, committed 7680K, reserved 1048576K
}
Event: 10438.678 GC heap after
{Heap after GC invocations=504 (full 412):
 garbage-first heap   total 95232K, used 35840K [0x00000000c0000000, 0x0000000100000000)
  region size 1024K, 0 young (0K), 0 survivors (0K)
 Metaspace       used 62156K, committed 62592K, reserved 1114112K
  class space    used 7503K, committed 7680K, reserved 1048576K
}
Event: 10448.866 GC heap before
{Heap before GC invocations=504 (full 412):
 garbage-first heap   total 95232K, used 35840K [0x00000000c0000000, 0x0000000100000000)
  region size 1024K, 1 young (1024K), 0 survivors (0K)
 Metaspace       used 62156K, committed 62592K, reserved 1114112K
  class space    used 7503K, committed 7680K, reserved 1048576K
}
Event: 10448.915 GC heap after
{Heap after GC invocations=505 (full 413):
 garbage-first heap   total 95232K, used 35840K [0x00000000c0000000, 0x0000000100000000)
  region size 1024K, 0 young (0K), 0 survivors (0K)
 Metaspace       used 62156K, committed 62592K, reserved 1114112K
  class space    used 7503K, committed 7680K, reserved 1048576K
}
Event: 10459.102 GC heap before
{Heap before GC invocations=505 (full 413):
 garbage-first heap   total 95232K, used 35840K [0x00000000c0000000, 0x0000000100000000)
  region size 1024K, 1 young (1024K), 0 survivors (0K)
 Metaspace       used 62156K, committed 62592K, reserved 1114112K
  class space    used 7503K, committed 7680K, reserved 1048576K
}
Event: 10459.155 GC heap after
{Heap after GC invocations=506 (full 414):
 garbage-first heap   total 95232K, used 35840K [0x00000000c0000000, 0x0000000100000000)
  region size 1024K, 0 young (0K), 0 survivors (0K)
 Metaspace       used 62156K, committed 62592K, reserved 1114112K
  class space    used 7503K, committed 7680K, reserved 1048576K
}
Event: 10469.337 GC heap before
{Heap before GC invocations=506 (full 414):
 garbage-first heap   total 95232K, used 35840K [0x00000000c0000000, 0x0000000100000000)
  region size 1024K, 1 young (1024K), 0 survivors (0K)
 Metaspace       used 62156K, committed 62592K, reserved 1114112K
  class space    used 7503K, committed 7680K, reserved 1048576K
}
Event: 10469.391 GC heap after
{Heap after GC invocations=507 (full 415):
 garbage-first heap   total 95232K, used 35840K [0x00000000c0000000, 0x0000000100000000)
  region size 1024K, 0 young (0K), 0 survivors (0K)
 Metaspace       used 62156K, committed 62592K, reserved 1114112K
  class space    used 7503K, committed 7680K, reserved 1048576K
}
Event: 10479.566 GC heap before
{Heap before GC invocations=507 (full 415):
 garbage-first heap   total 95232K, used 35840K [0x00000000c0000000, 0x0000000100000000)
  region size 1024K, 1 young (1024K), 0 survivors (0K)
 Metaspace       used 62156K, committed 62592K, reserved 1114112K
  class space    used 7503K, committed 7680K, reserved 1048576K
}
Event: 10479.619 GC heap after
{Heap after GC invocations=508 (full 416):
 garbage-first heap   total 95232K, used 35840K [0x00000000c0000000, 0x0000000100000000)
  region size 1024K, 0 young (0K), 0 survivors (0K)
 Metaspace       used 62156K, committed 62592K, reserved 1114112K
  class space    used 7503K, committed 7680K, reserved 1048576K
}
Event: 10489.775 GC heap before
{Heap before GC invocations=508 (full 416):
 garbage-first heap   total 95232K, used 35840K [0x00000000c0000000, 0x0000000100000000)
  region size 1024K, 1 young (1024K), 0 survivors (0K)
 Metaspace       used 62156K, committed 62592K, reserved 1114112K
  class space    used 7503K, committed 7680K, reserved 1048576K
}
Event: 10489.836 GC heap after
{Heap after GC invocations=509 (full 417):
 garbage-first heap   total 95232K, used 35840K [0x00000000c0000000, 0x0000000100000000)
  region size 1024K, 0 young (0K), 0 survivors (0K)
 Metaspace       used 62156K, committed 62592K, reserved 1114112K
  class space    used 7503K, committed 7680K, reserved 1048576K
}
Event: 10500.017 GC heap before
{Heap before GC invocations=509 (full 417):
 garbage-first heap   total 95232K, used 35840K [0x00000000c0000000, 0x0000000100000000)
  region size 1024K, 1 young (1024K), 0 survivors (0K)
 Metaspace       used 62156K, committed 62592K, reserved 1114112K
  class space    used 7503K, committed 7680K, reserved 1048576K
}
Event: 10500.082 GC heap after
{Heap after GC invocations=510 (full 418):
 garbage-first heap   total 95232K, used 35840K [0x00000000c0000000, 0x0000000100000000)
  region size 1024K, 0 young (0K), 0 survivors (0K)
 Metaspace       used 62156K, committed 62592K, reserved 1114112K
  class space    used 7503K, committed 7680K, reserved 1048576K
}
Event: 10510.244 GC heap before
{Heap before GC invocations=510 (full 418):
 garbage-first heap   total 95232K, used 35840K [0x00000000c0000000, 0x0000000100000000)
  region size 1024K, 1 young (1024K), 0 survivors (0K)
 Metaspace       used 62156K, committed 62592K, reserved 1114112K
  class space    used 7503K, committed 7680K, reserved 1048576K
}
Event: 10510.299 GC heap after
{Heap after GC invocations=511 (full 419):
 garbage-first heap   total 95232K, used 35840K [0x00000000c0000000, 0x0000000100000000)
  region size 1024K, 0 young (0K), 0 survivors (0K)
 Metaspace       used 62156K, committed 62592K, reserved 1114112K
  class space    used 7503K, committed 7680K, reserved 1048576K
}
Event: 10520.528 GC heap before
{Heap before GC invocations=511 (full 419):
 garbage-first heap   total 95232K, used 35840K [0x00000000c0000000, 0x0000000100000000)
  region size 1024K, 1 young (1024K), 0 survivors (0K)
 Metaspace       used 62156K, committed 62592K, reserved 1114112K
  class space    used 7503K, committed 7680K, reserved 1048576K
}
Event: 10520.578 GC heap after
{Heap after GC invocations=512 (full 420):
 garbage-first heap   total 95232K, used 35840K [0x00000000c0000000, 0x0000000100000000)
  region size 1024K, 0 young (0K), 0 survivors (0K)
 Metaspace       used 62156K, committed 62592K, reserved 1114112K
  class space    used 7503K, committed 7680K, reserved 1048576K
}
Event: 10530.763 GC heap before
{Heap before GC invocations=512 (full 420):
 garbage-first heap   total 95232K, used 35840K [0x00000000c0000000, 0x0000000100000000)
  region size 1024K, 1 young (1024K), 0 survivors (0K)
 Metaspace       used 62156K, committed 62592K, reserved 1114112K
  class space    used 7503K, committed 7680K, reserved 1048576K
}
Event: 10530.817 GC heap after
{Heap after GC invocations=513 (full 421):
 garbage-first heap   total 95232K, used 35840K [0x00000000c0000000, 0x0000000100000000)
  region size 1024K, 0 young (0K), 0 survivors (0K)
 Metaspace       used 62156K, committed 62592K, reserved 1114112K
  class space    used 7503K, committed 7680K, reserved 1048576K
}

