# JRE version: OpenJDK Runtime Environment Temurin-17.0.9+9 (17.0.9+9) (build 17.0.9+9)
# Java VM: OpenJDK 64-Bit Server VM Temurin-17.0.9+9 (17.0.9+9, mixed mode, emulated-client, tiered, compressed oops, compressed class ptrs, g1 gc, windows-amd64)
GC Precious Log:
 CPUs: 4 total, 4 available
 Memory: 8103M
 Large Page Support: Disabled
 NUMA Support: Disabled
 Compressed Oops: Enabled (32-bit)
 Heap Region Size: 1M
 Heap Min Capacity: 8M
 Heap Initial Capacity: 128M
 Heap Max Capacity: 1G
 Pre-touch: Disabled
 Parallel Workers: 4
 Concurrent Workers: 1
 Concurrent Refinement Workers: 4
 Periodic GC: Disabled
Heap:
 garbage-first heap   total 121856K, used 42658K [0x00000000c0000000, 0x0000000100000000)
  region size 1024K, 1 young (1024K), 0 survivors (0K)
 Metaspace       used 61456K, committed 62016K, reserved 1114112K
  class space    used 7402K, committed 7616K, reserved 1048576K
GC Heap History (20 events):
Event: 156.448 GC heap before
{Heap before GC invocations=41 (full 5):
 garbage-first heap   total 121856K, used 43861K [0x00000000c0000000, 0x0000000100000000)
  region size 1024K, 1 young (1024K), 0 survivors (0K)
 Metaspace       used 61509K, committed 62016K, reserved 1114112K
  class space    used 7414K, committed 7616K, reserved 1048576K
}
Event: 156.546 GC heap after
{Heap after GC invocations=42 (full 6):
 garbage-first heap   total 121856K, used 42658K [0x00000000c0000000, 0x0000000100000000)
  region size 1024K, 0 young (0K), 0 survivors (0K)
 Metaspace       used 61456K, committed 62016K, reserved 1114112K
  class space    used 7402K, committed 7616K, reserved 1048576K
}
Event: 166.709 GC heap before
{Heap before GC invocations=42 (full 6):
 garbage-first heap   total 121856K, used 42658K [0x00000000c0000000, 0x0000000100000000)
  region size 1024K, 1 young (1024K), 0 survivors (0K)
 Metaspace       used 61456K, committed 62016K, reserved 1114112K
  class space    used 7402K, committed 7616K, reserved 1048576K
}
Event: 166.799 GC heap after
{Heap after GC invocations=43 (full 7):
 garbage-first heap   total 121856K, used 42658K [0x00000000c0000000, 0x0000000100000000)
  region size 1024K, 0 young (0K), 0 survivors (0K)
 Metaspace       used 61456K, committed 62016K, reserved 1114112K
  class space    used 7402K, committed 7616K, reserved 1048576K
}
Event: 176.964 GC heap before
{Heap before GC invocations=43 (full 7):
 garbage-first heap   total 121856K, used 42658K [0x00000000c0000000, 0x0000000100000000)
  region size 1024K, 1 young (1024K), 0 survivors (0K)
 Metaspace       used 61456K, committed 62016K, reserved 1114112K
  class space    used 7402K, committed 7616K, reserved 1048576K
}
Event: 177.051 GC heap after
{Heap after GC invocations=44 (full 8):
 garbage-first heap   total 121856K, used 42658K [0x00000000c0000000, 0x0000000100000000)
  region size 1024K, 0 young (0K), 0 survivors (0K)
 Metaspace       used 61456K, committed 62016K, reserved 1114112K
  class space    used 7402K, committed 7616K, reserved 1048576K
}
Event: 187.228 GC heap before
{Heap before GC invocations=44 (full 8):
 garbage-first heap   total 121856K, used 42658K [0x00000000c0000000, 0x0000000100000000)
  region size 1024K, 1 young (1024K), 0 survivors (0K)
 Metaspace       used 61456K, committed 62016K, reserved 1114112K
  class space    used 7402K, committed 7616K, reserved 1048576K
}
Event: 187.314 GC heap after
{Heap after GC invocations=45 (full 9):
 garbage-first heap   total 121856K, used 42658K [0x00000000c0000000, 0x0000000100000000)
  region size 1024K, 0 young (0K), 0 survivors (0K)
 Metaspace       used 61456K, committed 62016K, reserved 1114112K
  class space    used 7402K, committed 7616K, reserved 1048576K
}
Event: 197.518 GC heap before
{Heap before GC invocations=45 (full 9):
 garbage-first heap   total 121856K, used 42658K [0x00000000c0000000, 0x0000000100000000)
  region size 1024K, 1 young (1024K), 0 survivors (0K)
 Metaspace       used 61456K, committed 62016K, reserved 1114112K
  class space    used 7402K, committed 7616K, reserved 1048576K
}
Event: 197.608 GC heap after
{Heap after GC invocations=46 (full 10):
 garbage-first heap   total 121856K, used 42658K [0x00000000c0000000, 0x0000000100000000)
  region size 1024K, 0 young (0K), 0 survivors (0K)
 Metaspace       used 61456K, committed 62016K, reserved 1114112K
  class space    used 7402K, committed 7616K, reserved 1048576K
}
Event: 207.783 GC heap before
{Heap before GC invocations=46 (full 10):
 garbage-first heap   total 121856K, used 42658K [0x00000000c0000000, 0x0000000100000000)
  region size 1024K, 1 young (1024K), 0 survivors (0K)
 Metaspace       used 61456K, committed 62016K, reserved 1114112K
  class space    used 7402K, committed 7616K, reserved 1048576K
}
Event: 207.870 GC heap after
{Heap after GC invocations=47 (full 11):
 garbage-first heap   total 121856K, used 42658K [0x00000000c0000000, 0x0000000100000000)
  region size 1024K, 0 young (0K), 0 survivors (0K)
 Metaspace       used 61456K, committed 62016K, reserved 1114112K
  class space    used 7402K, committed 7616K, reserved 1048576K
}
Event: 218.052 GC heap before
{Heap before GC invocations=47 (full 11):
 garbage-first heap   total 121856K, used 42658K [0x00000000c0000000, 0x0000000100000000)
  region size 1024K, 1 young (1024K), 0 survivors (0K)
 Metaspace       used 61456K, committed 62016K, reserved 1114112K
  class space    used 7402K, committed 7616K, reserved 1048576K
}
Event: 218.140 GC heap after
{Heap after GC invocations=48 (full 12):
 garbage-first heap   total 121856K, used 42658K [0x00000000c0000000, 0x0000000100000000)
  region size 1024K, 0 young (0K), 0 survivors (0K)
 Metaspace       used 61456K, committed 62016K, reserved 1114112K
  class space    used 7402K, committed 7616K, reserved 1048576K
}
Event: 228.315 GC heap before
{Heap before GC invocations=48 (full 12):
 garbage-first heap   total 121856K, used 42658K [0x00000000c0000000, 0x0000000100000000)
  region size 1024K, 1 young (1024K), 0 survivors (0K)
 Metaspace       used 61456K, committed 62016K, reserved 1114112K
  class space    used 7402K, committed 7616K, reserved 1048576K
}
Event: 228.401 GC heap after
{Heap after GC invocations=49 (full 13):
 garbage-first heap   total 121856K, used 42658K [0x00000000c0000000, 0x0000000100000000)
  region size 1024K, 0 young (0K), 0 survivors (0K)
 Metaspace       used 61456K, committed 62016K, reserved 1114112K
  class space    used 7402K, committed 7616K, reserved 1048576K
}
Event: 238.603 GC heap before
{Heap before GC invocations=49 (full 13):
 garbage-first heap   total 121856K, used 42658K [0x00000000c0000000, 0x0000000100000000)
  region size 1024K, 1 young (1024K), 0 survivors (0K)
 Metaspace       used 61456K, committed 62016K, reserved 1114112K
  class space    used 7402K, committed 7616K, reserved 1048576K
}
Event: 238.693 GC heap after
{Heap after GC invocations=50 (full 14):
 garbage-first heap   total 121856K, used 42658K [0x00000000c0000000, 0x0000000100000000)
  region size 1024K, 0 young (0K), 0 survivors (0K)
 Metaspace       used 61456K, committed 62016K, reserved 1114112K
  class space    used 7402K, committed 7616K, reserved 1048576K
}
Event: 248.858 GC heap before
{Heap before GC invocations=50 (full 14):
 garbage-first heap   total 121856K, used 42658K [0x00000000c0000000, 0x0000000100000000)
  region size 1024K, 1 young (1024K), 0 survivors (0K)
 Metaspace       used 61456K, committed 62016K, reserved 1114112K
  class space    used 7402K, committed 7616K, reserved 1048576K
}
Event: 248.946 GC heap after
{Heap after GC invocations=51 (full 15):
 garbage-first heap   total 121856K, used 42658K [0x00000000c0000000, 0x0000000100000000)
  region size 1024K, 0 young (0K), 0 survivors (0K)
 Metaspace       used 61456K, committed 62016K, reserved 1114112K
  class space    used 7402K, committed 7616K, reserved 1048576K
}

