# JRE version: OpenJDK Runtime Environment Temurin-17.0.9+9 (17.0.9+9) (build 17.0.9+9)
# Java VM: OpenJDK 64-Bit Server VM Temurin-17.0.9+9 (17.0.9+9, mixed mode, emulated-client, tiered, compressed oops, compressed class ptrs, g1 gc, windows-amd64)
GC Precious Log:
 CPUs: 4 total, 4 available
 Memory: 8103M
 Large Page Support: Disabled
 NUMA Support: Disabled
 Compressed Oops: Enabled (32-bit)
 Heap Region Size: 1M
 Heap Min Capacity: 8M
 Heap Initial Capacity: 128M
 Heap Max Capacity: 1G
 Pre-touch: Disabled
 Parallel Workers: 4
 Concurrent Workers: 1
 Concurrent Refinement Workers: 4
 Periodic GC: Disabled
Heap:
 garbage-first heap   total 133120K, used 46290K [0x00000000c0000000, 0x0000000100000000)
  region size 1024K, 1 young (1024K), 0 survivors (0K)
 Metaspace       used 64447K, committed 65024K, reserved 1114112K
  class space    used 7865K, committed 8128K, reserved 1048576K
GC Heap History (20 events):
Event: 12494.568 GC heap before
{Heap before GC invocations=1077 (full 1018):
 garbage-first heap   total 133120K, used 45408K [0x00000000c0000000, 0x0000000100000000)
  region size 1024K, 1 young (1024K), 0 survivors (0K)
 Metaspace       used 64436K, committed 64960K, reserved 1114112K
  class space    used 7863K, committed 8128K, reserved 1048576K
}
Event: 12494.634 GC heap after
{Heap after GC invocations=1078 (full 1019):
 garbage-first heap   total 133120K, used 45408K [0x00000000c0000000, 0x0000000100000000)
  region size 1024K, 0 young (0K), 0 survivors (0K)
 Metaspace       used 64436K, committed 64960K, reserved 1114112K
  class space    used 7863K, committed 8128K, reserved 1048576K
}
Event: 12514.123 GC heap before
{Heap before GC invocations=1078 (full 1019):
 garbage-first heap   total 133120K, used 122208K [0x00000000c0000000, 0x0000000100000000)
  region size 1024K, 64 young (65536K), 0 survivors (0K)
 Metaspace       used 64454K, committed 64960K, reserved 1114112K
  class space    used 7866K, committed 8128K, reserved 1048576K
}
Event: 12514.136 GC heap after
{Heap after GC invocations=1079 (full 1019):
 garbage-first heap   total 133120K, used 51761K [0x00000000c0000000, 0x0000000100000000)
  region size 1024K, 6 young (6144K), 6 survivors (6144K)
 Metaspace       used 64454K, committed 64960K, reserved 1114112K
  class space    used 7866K, committed 8128K, reserved 1048576K
}
Event: 12554.825 GC heap before
{Heap before GC invocations=1079 (full 1019):
 garbage-first heap   total 133120K, used 106033K [0x00000000c0000000, 0x0000000100000000)
  region size 1024K, 50 young (51200K), 6 survivors (6144K)
 Metaspace       used 64454K, committed 64960K, reserved 1114112K
  class space    used 7866K, committed 8128K, reserved 1048576K
}
Event: 12554.895 GC heap after
{Heap after GC invocations=1080 (full 1020):
 garbage-first heap   total 133120K, used 46014K [0x00000000c0000000, 0x0000000100000000)
  region size 1024K, 0 young (0K), 0 survivors (0K)
 Metaspace       used 64363K, committed 64960K, reserved 1114112K
  class space    used 7851K, committed 8128K, reserved 1048576K
}
Event: 12565.060 GC heap before
{Heap before GC invocations=1080 (full 1020):
 garbage-first heap   total 133120K, used 46014K [0x00000000c0000000, 0x0000000100000000)
  region size 1024K, 1 young (1024K), 0 survivors (0K)
 Metaspace       used 64363K, committed 64960K, reserved 1114112K
  class space    used 7851K, committed 8128K, reserved 1048576K
}
Event: 12565.118 GC heap after
{Heap after GC invocations=1081 (full 1021):
 garbage-first heap   total 133120K, used 46014K [0x00000000c0000000, 0x0000000100000000)
  region size 1024K, 0 young (0K), 0 survivors (0K)
 Metaspace       used 64363K, committed 64960K, reserved 1114112K
  class space    used 7851K, committed 8128K, reserved 1048576K
}
Event: 12575.259 GC heap before
{Heap before GC invocations=1081 (full 1021):
 garbage-first heap   total 133120K, used 46014K [0x00000000c0000000, 0x0000000100000000)
  region size 1024K, 1 young (1024K), 0 survivors (0K)
 Metaspace       used 64363K, committed 64960K, reserved 1114112K
  class space    used 7851K, committed 8128K, reserved 1048576K
}
Event: 12575.319 GC heap after
{Heap after GC invocations=1082 (full 1022):
 garbage-first heap   total 133120K, used 46014K [0x00000000c0000000, 0x0000000100000000)
  region size 1024K, 0 young (0K), 0 survivors (0K)
 Metaspace       used 64353K, committed 64960K, reserved 1114112K
  class space    used 7849K, committed 8128K, reserved 1048576K
}
Event: 12585.460 GC heap before
{Heap before GC invocations=1082 (full 1022):
 garbage-first heap   total 133120K, used 46014K [0x00000000c0000000, 0x0000000100000000)
  region size 1024K, 1 young (1024K), 0 survivors (0K)
 Metaspace       used 64353K, committed 64960K, reserved 1114112K
  class space    used 7849K, committed 8128K, reserved 1048576K
}
Event: 12585.518 GC heap after
{Heap after GC invocations=1083 (full 1023):
 garbage-first heap   total 133120K, used 46014K [0x00000000c0000000, 0x0000000100000000)
  region size 1024K, 0 young (0K), 0 survivors (0K)
 Metaspace       used 64353K, committed 64960K, reserved 1114112K
  class space    used 7849K, committed 8128K, reserved 1048576K
}
Event: 12593.887 GC heap before
{Heap before GC invocations=1083 (full 1023):
 garbage-first heap   total 133120K, used 87998K [0x00000000c0000000, 0x0000000100000000)
  region size 1024K, 29 young (29696K), 0 survivors (0K)
 Metaspace       used 64356K, committed 64960K, reserved 1114112K
  class space    used 7850K, committed 8128K, reserved 1048576K
}
Event: 12593.894 GC heap after
{Heap after GC invocations=1084 (full 1023):
 garbage-first heap   total 133120K, used 49472K [0x00000000c0000000, 0x0000000100000000)
  region size 1024K, 2 young (2048K), 2 survivors (2048K)
 Metaspace       used 64356K, committed 64960K, reserved 1114112K
  class space    used 7850K, committed 8128K, reserved 1048576K
}
Event: 12665.708 GC heap before
{Heap before GC invocations=1084 (full 1023):
 garbage-first heap   total 133120K, used 87360K [0x00000000c0000000, 0x0000000100000000)
  region size 1024K, 34 young (34816K), 2 survivors (2048K)
 Metaspace       used 64460K, committed 65024K, reserved 1114112K
  class space    used 7867K, committed 8128K, reserved 1048576K
}
Event: 12665.772 GC heap after
{Heap after GC invocations=1085 (full 1024):
 garbage-first heap   total 133120K, used 46289K [0x00000000c0000000, 0x0000000100000000)
  region size 1024K, 0 young (0K), 0 survivors (0K)
 Metaspace       used 64460K, committed 65024K, reserved 1114112K
  class space    used 7867K, committed 8128K, reserved 1048576K
}
Event: 12676.103 GC heap before
{Heap before GC invocations=1085 (full 1024):
 garbage-first heap   total 133120K, used 46289K [0x00000000c0000000, 0x0000000100000000)
  region size 1024K, 1 young (1024K), 0 survivors (0K)
 Metaspace       used 64460K, committed 65024K, reserved 1114112K
  class space    used 7867K, committed 8128K, reserved 1048576K
}
Event: 12676.167 GC heap after
{Heap after GC invocations=1086 (full 1025):
 garbage-first heap   total 133120K, used 46290K [0x00000000c0000000, 0x0000000100000000)
  region size 1024K, 0 young (0K), 0 survivors (0K)
 Metaspace       used 64460K, committed 65024K, reserved 1114112K
  class space    used 7867K, committed 8128K, reserved 1048576K
}
Event: 12686.374 GC heap before
{Heap before GC invocations=1086 (full 1025):
 garbage-first heap   total 133120K, used 46290K [0x00000000c0000000, 0x0000000100000000)
  region size 1024K, 1 young (1024K), 0 survivors (0K)
 Metaspace       used 64460K, committed 65024K, reserved 1114112K
  class space    used 7867K, committed 8128K, reserved 1048576K
}
Event: 12686.445 GC heap after
{Heap after GC invocations=1087 (full 1026):
 garbage-first heap   total 133120K, used 46290K [0x00000000c0000000, 0x0000000100000000)
  region size 1024K, 0 young (0K), 0 survivors (0K)
 Metaspace       used 64447K, committed 65024K, reserved 1114112K
  class space    used 7865K, committed 8128K, reserved 1048576K
}

