# JRE version: OpenJDK Runtime Environment Temurin-17.0.9+9 (17.0.9+9) (build 17.0.9+9)
# Java VM: OpenJDK 64-Bit Server VM Temurin-17.0.9+9 (17.0.9+9, mixed mode, emulated-client, tiered, compressed oops, compressed class ptrs, g1 gc, windows-amd64)
GC Precious Log:
 CPUs: 4 total, 4 available
 Memory: 8103M
 Large Page Support: Disabled
 NUMA Support: Disabled
 Compressed Oops: Enabled (32-bit)
 Heap Region Size: 1M
 Heap Min Capacity: 8M
 Heap Initial Capacity: 128M
 Heap Max Capacity: 1G
 Pre-touch: Disabled
 Parallel Workers: 4
 Concurrent Workers: 1
 Concurrent Refinement Workers: 4
 Periodic GC: Disabled
Heap:
 garbage-first heap   total 82944K, used 34149K [0x00000000c0000000, 0x0000000100000000)
  region size 1024K, 1 young (1024K), 0 survivors (0K)
 Metaspace       used 60691K, committed 61184K, reserved 1114112K
  class space    used 7290K, committed 7488K, reserved 1048576K
GC Heap History (20 events):
Event: 12114.558 GC heap before
{Heap before GC invocations=896 (full 803):
 garbage-first heap   total 82944K, used 68408K [0x00000000c0000000, 0x0000000100000000)
  region size 1024K, 33 young (33792K), 2 survivors (2048K)
 Metaspace       used 60712K, committed 61184K, reserved 1114112K
  class space    used 7294K, committed 7488K, reserved 1048576K
}
Event: 12114.561 GC heap after
{Heap after GC invocations=897 (full 803):
 garbage-first heap   total 82944K, used 36682K [0x00000000c0000000, 0x0000000100000000)
  region size 1024K, 2 young (2048K), 2 survivors (2048K)
 Metaspace       used 60712K, committed 61184K, reserved 1114112K
  class space    used 7294K, committed 7488K, reserved 1048576K
}
Event: 12129.898 GC heap before
{Heap before GC invocations=897 (full 803):
 garbage-first heap   total 82944K, used 69450K [0x00000000c0000000, 0x0000000100000000)
  region size 1024K, 34 young (34816K), 2 survivors (2048K)
 Metaspace       used 60712K, committed 61184K, reserved 1114112K
  class space    used 7294K, committed 7488K, reserved 1048576K
}
Event: 12129.902 GC heap after
{Heap after GC invocations=898 (full 803):
 garbage-first heap   total 82944K, used 37167K [0x00000000c0000000, 0x0000000100000000)
  region size 1024K, 3 young (3072K), 3 survivors (3072K)
 Metaspace       used 60712K, committed 61184K, reserved 1114112K
  class space    used 7294K, committed 7488K, reserved 1048576K
}
Event: 12147.518 GC heap before
{Heap before GC invocations=898 (full 803):
 garbage-first heap   total 82944K, used 67887K [0x00000000c0000000, 0x0000000100000000)
  region size 1024K, 34 young (34816K), 3 survivors (3072K)
 Metaspace       used 60712K, committed 61184K, reserved 1114112K
  class space    used 7294K, committed 7488K, reserved 1048576K
}
Event: 12147.520 GC heap after
{Heap after GC invocations=899 (full 803):
 garbage-first heap   total 82944K, used 36479K [0x00000000c0000000, 0x0000000100000000)
  region size 1024K, 2 young (2048K), 2 survivors (2048K)
 Metaspace       used 60712K, committed 61184K, reserved 1114112K
  class space    used 7294K, committed 7488K, reserved 1048576K
}
Event: 12162.222 GC heap before
{Heap before GC invocations=899 (full 803):
 garbage-first heap   total 82944K, used 68223K [0x00000000c0000000, 0x0000000100000000)
  region size 1024K, 34 young (34816K), 2 survivors (2048K)
 Metaspace       used 60712K, committed 61184K, reserved 1114112K
  class space    used 7294K, committed 7488K, reserved 1048576K
}
Event: 12162.227 GC heap after
{Heap after GC invocations=900 (full 803):
 garbage-first heap   total 82944K, used 36679K [0x00000000c0000000, 0x0000000100000000)
  region size 1024K, 2 young (2048K), 2 survivors (2048K)
 Metaspace       used 60712K, committed 61184K, reserved 1114112K
  class space    used 7294K, committed 7488K, reserved 1048576K
}
Event: 12167.994 GC heap before
{Heap before GC invocations=900 (full 803):
 garbage-first heap   total 82944K, used 68423K [0x00000000c0000000, 0x0000000100000000)
  region size 1024K, 34 young (34816K), 2 survivors (2048K)
 Metaspace       used 60712K, committed 61184K, reserved 1114112K
  class space    used 7294K, committed 7488K, reserved 1048576K
}
Event: 12167.999 GC heap after
{Heap after GC invocations=901 (full 803):
 garbage-first heap   total 82944K, used 37164K [0x00000000c0000000, 0x0000000100000000)
  region size 1024K, 3 young (3072K), 3 survivors (3072K)
 Metaspace       used 60712K, committed 61184K, reserved 1114112K
  class space    used 7294K, committed 7488K, reserved 1048576K
}
Event: 12228.089 GC heap before
{Heap before GC invocations=901 (full 803):
 garbage-first heap   total 82944K, used 67884K [0x00000000c0000000, 0x0000000100000000)
  region size 1024K, 34 young (34816K), 3 survivors (3072K)
 Metaspace       used 60712K, committed 61184K, reserved 1114112K
  class space    used 7294K, committed 7488K, reserved 1048576K
}
Event: 12228.143 GC heap after
{Heap after GC invocations=902 (full 804):
 garbage-first heap   total 82944K, used 34232K [0x00000000c0000000, 0x0000000100000000)
  region size 1024K, 0 young (0K), 0 survivors (0K)
 Metaspace       used 60712K, committed 61184K, reserved 1114112K
  class space    used 7294K, committed 7488K, reserved 1048576K
}
Event: 12238.487 GC heap before
{Heap before GC invocations=902 (full 804):
 garbage-first heap   total 82944K, used 34232K [0x00000000c0000000, 0x0000000100000000)
  region size 1024K, 1 young (1024K), 0 survivors (0K)
 Metaspace       used 60712K, committed 61184K, reserved 1114112K
  class space    used 7294K, committed 7488K, reserved 1048576K
}
Event: 12238.565 GC heap after
{Heap after GC invocations=903 (full 805):
 garbage-first heap   total 82944K, used 34151K [0x00000000c0000000, 0x0000000100000000)
  region size 1024K, 0 young (0K), 0 survivors (0K)
 Metaspace       used 60691K, committed 61184K, reserved 1114112K
  class space    used 7290K, committed 7488K, reserved 1048576K
}
Event: 12248.807 GC heap before
{Heap before GC invocations=903 (full 805):
 garbage-first heap   total 82944K, used 34151K [0x00000000c0000000, 0x0000000100000000)
  region size 1024K, 1 young (1024K), 0 survivors (0K)
 Metaspace       used 60691K, committed 61184K, reserved 1114112K
  class space    used 7290K, committed 7488K, reserved 1048576K
}
Event: 12248.873 GC heap after
{Heap after GC invocations=904 (full 806):
 garbage-first heap   total 82944K, used 34151K [0x00000000c0000000, 0x0000000100000000)
  region size 1024K, 0 young (0K), 0 survivors (0K)
 Metaspace       used 60691K, committed 61184K, reserved 1114112K
  class space    used 7290K, committed 7488K, reserved 1048576K
}
Event: 12259.044 GC heap before
{Heap before GC invocations=904 (full 806):
 garbage-first heap   total 82944K, used 34151K [0x00000000c0000000, 0x0000000100000000)
  region size 1024K, 1 young (1024K), 0 survivors (0K)
 Metaspace       used 60691K, committed 61184K, reserved 1114112K
  class space    used 7290K, committed 7488K, reserved 1048576K
}
Event: 12259.113 GC heap after
{Heap after GC invocations=905 (full 807):
 garbage-first heap   total 82944K, used 34149K [0x00000000c0000000, 0x0000000100000000)
  region size 1024K, 0 young (0K), 0 survivors (0K)
 Metaspace       used 60691K, committed 61184K, reserved 1114112K
  class space    used 7290K, committed 7488K, reserved 1048576K
}
Event: 12269.337 GC heap before
{Heap before GC invocations=905 (full 807):
 garbage-first heap   total 82944K, used 34149K [0x00000000c0000000, 0x0000000100000000)
  region size 1024K, 1 young (1024K), 0 survivors (0K)
 Metaspace       used 60691K, committed 61184K, reserved 1114112K
  class space    used 7290K, committed 7488K, reserved 1048576K
}
Event: 12269.406 GC heap after
{Heap after GC invocations=906 (full 808):
 garbage-first heap   total 82944K, used 34149K [0x00000000c0000000, 0x0000000100000000)
  region size 1024K, 0 young (0K), 0 survivors (0K)
 Metaspace       used 60691K, committed 61184K, reserved 1114112K
  class space    used 7290K, committed 7488K, reserved 1048576K
}

