# JRE version: OpenJDK Runtime Environment Temurin-17.0.9+9 (17.0.9+9) (build 17.0.9+9)
# Java VM: OpenJDK 64-Bit Server VM Temurin-17.0.9+9 (17.0.9+9, mixed mode, emulated-client, tiered, compressed oops, compressed class ptrs, g1 gc, windows-amd64)
GC Precious Log:
 CPUs: 4 total, 4 available
 Memory: 8103M
 Large Page Support: Disabled
 NUMA Support: Disabled
 Compressed Oops: Enabled (32-bit)
 Heap Region Size: 1M
 Heap Min Capacity: 8M
 Heap Initial Capacity: 128M
 Heap Max Capacity: 1G
 Pre-touch: Disabled
 Parallel Workers: 4
 Concurrent Workers: 1
 Concurrent Refinement Workers: 4
 Periodic GC: Disabled
Heap:
 garbage-first heap   total 122880K, used 35558K [0x00000000c0000000, 0x0000000100000000)
  region size 1024K, 1 young (1024K), 0 survivors (0K)
 Metaspace       used 61282K, committed 61888K, reserved 1114112K
  class space    used 7365K, committed 7616K, reserved 1048576K
GC Heap History (20 events):
Event: 287.258 GC heap before
{Heap before GC invocations=48 (full 9):
 garbage-first heap   total 122880K, used 36525K [0x00000000c0000000, 0x0000000100000000)
  region size 1024K, 1 young (1024K), 0 survivors (0K)
 Metaspace       used 61239K, committed 61888K, reserved 1114112K
  class space    used 7357K, committed 7616K, reserved 1048576K
}
Event: 287.327 GC heap after
{Heap after GC invocations=49 (full 10):
 garbage-first heap   total 122880K, used 36525K [0x00000000c0000000, 0x0000000100000000)
  region size 1024K, 0 young (0K), 0 survivors (0K)
 Metaspace       used 61239K, committed 61888K, reserved 1114112K
  class space    used 7357K, committed 7616K, reserved 1048576K
}
Event: 297.561 GC heap before
{Heap before GC invocations=49 (full 10):
 garbage-first heap   total 122880K, used 36525K [0x00000000c0000000, 0x0000000100000000)
  region size 1024K, 1 young (1024K), 0 survivors (0K)
 Metaspace       used 61239K, committed 61888K, reserved 1114112K
  class space    used 7357K, committed 7616K, reserved 1048576K
}
Event: 297.643 GC heap after
{Heap after GC invocations=50 (full 11):
 garbage-first heap   total 122880K, used 36525K [0x00000000c0000000, 0x0000000100000000)
  region size 1024K, 0 young (0K), 0 survivors (0K)
 Metaspace       used 61239K, committed 61888K, reserved 1114112K
  class space    used 7357K, committed 7616K, reserved 1048576K
}
Event: 307.813 GC heap before
{Heap before GC invocations=50 (full 11):
 garbage-first heap   total 122880K, used 36525K [0x00000000c0000000, 0x0000000100000000)
  region size 1024K, 1 young (1024K), 0 survivors (0K)
 Metaspace       used 61239K, committed 61888K, reserved 1114112K
  class space    used 7357K, committed 7616K, reserved 1048576K
}
Event: 307.873 GC heap after
{Heap after GC invocations=51 (full 12):
 garbage-first heap   total 122880K, used 36525K [0x00000000c0000000, 0x0000000100000000)
  region size 1024K, 0 young (0K), 0 survivors (0K)
 Metaspace       used 61239K, committed 61888K, reserved 1114112K
  class space    used 7357K, committed 7616K, reserved 1048576K
}
Event: 318.061 GC heap before
{Heap before GC invocations=51 (full 12):
 garbage-first heap   total 122880K, used 36525K [0x00000000c0000000, 0x0000000100000000)
  region size 1024K, 1 young (1024K), 0 survivors (0K)
 Metaspace       used 61281K, committed 61888K, reserved 1114112K
  class space    used 7365K, committed 7616K, reserved 1048576K
}
Event: 318.156 GC heap after
{Heap after GC invocations=52 (full 13):
 garbage-first heap   total 122880K, used 36330K [0x00000000c0000000, 0x0000000100000000)
  region size 1024K, 0 young (0K), 0 survivors (0K)
 Metaspace       used 61281K, committed 61888K, reserved 1114112K
  class space    used 7365K, committed 7616K, reserved 1048576K
}
Event: 328.336 GC heap before
{Heap before GC invocations=52 (full 13):
 garbage-first heap   total 122880K, used 36330K [0x00000000c0000000, 0x0000000100000000)
  region size 1024K, 1 young (1024K), 0 survivors (0K)
 Metaspace       used 61282K, committed 61888K, reserved 1114112K
  class space    used 7365K, committed 7616K, reserved 1048576K
}
Event: 328.400 GC heap after
{Heap after GC invocations=53 (full 14):
 garbage-first heap   total 122880K, used 35390K [0x00000000c0000000, 0x0000000100000000)
  region size 1024K, 0 young (0K), 0 survivors (0K)
 Metaspace       used 61282K, committed 61888K, reserved 1114112K
  class space    used 7365K, committed 7616K, reserved 1048576K
}
Event: 338.656 GC heap before
{Heap before GC invocations=53 (full 14):
 garbage-first heap   total 122880K, used 35390K [0x00000000c0000000, 0x0000000100000000)
  region size 1024K, 1 young (1024K), 0 survivors (0K)
 Metaspace       used 61282K, committed 61888K, reserved 1114112K
  class space    used 7365K, committed 7616K, reserved 1048576K
}
Event: 338.727 GC heap after
{Heap after GC invocations=54 (full 15):
 garbage-first heap   total 122880K, used 35390K [0x00000000c0000000, 0x0000000100000000)
  region size 1024K, 0 young (0K), 0 survivors (0K)
 Metaspace       used 61282K, committed 61888K, reserved 1114112K
  class space    used 7365K, committed 7616K, reserved 1048576K
}
Event: 348.953 GC heap before
{Heap before GC invocations=54 (full 15):
 garbage-first heap   total 122880K, used 35390K [0x00000000c0000000, 0x0000000100000000)
  region size 1024K, 1 young (1024K), 0 survivors (0K)
 Metaspace       used 61282K, committed 61888K, reserved 1114112K
  class space    used 7365K, committed 7616K, reserved 1048576K
}
Event: 349.021 GC heap after
{Heap after GC invocations=55 (full 16):
 garbage-first heap   total 122880K, used 35390K [0x00000000c0000000, 0x0000000100000000)
  region size 1024K, 0 young (0K), 0 survivors (0K)
 Metaspace       used 61282K, committed 61888K, reserved 1114112K
  class space    used 7365K, committed 7616K, reserved 1048576K
}
Event: 359.384 GC heap before
{Heap before GC invocations=55 (full 16):
 garbage-first heap   total 122880K, used 35390K [0x00000000c0000000, 0x0000000100000000)
  region size 1024K, 1 young (1024K), 0 survivors (0K)
 Metaspace       used 61282K, committed 61888K, reserved 1114112K
  class space    used 7365K, committed 7616K, reserved 1048576K
}
Event: 359.441 GC heap after
{Heap after GC invocations=56 (full 17):
 garbage-first heap   total 122880K, used 35390K [0x00000000c0000000, 0x0000000100000000)
  region size 1024K, 0 young (0K), 0 survivors (0K)
 Metaspace       used 61282K, committed 61888K, reserved 1114112K
  class space    used 7365K, committed 7616K, reserved 1048576K
}
Event: 370.407 GC heap before
{Heap before GC invocations=56 (full 17):
 garbage-first heap   total 122880K, used 47678K [0x00000000c0000000, 0x0000000100000000)
  region size 1024K, 13 young (13312K), 0 survivors (0K)
 Metaspace       used 61282K, committed 61888K, reserved 1114112K
  class space    used 7365K, committed 7616K, reserved 1048576K
}
Event: 370.409 GC heap after
{Heap after GC invocations=57 (full 17):
 garbage-first heap   total 122880K, used 35681K [0x00000000c0000000, 0x0000000100000000)
  region size 1024K, 1 young (1024K), 1 survivors (1024K)
 Metaspace       used 61282K, committed 61888K, reserved 1114112K
  class space    used 7365K, committed 7616K, reserved 1048576K
}
Event: 409.836 GC heap before
{Heap before GC invocations=58 (full 17):
 garbage-first heap   total 122880K, used 89979K [0x00000000c0000000, 0x0000000100000000)
  region size 1024K, 47 young (48128K), 1 survivors (1024K)
 Metaspace       used 61282K, committed 61888K, reserved 1114112K
  class space    used 7365K, committed 7616K, reserved 1048576K
}
Event: 409.912 GC heap after
{Heap after GC invocations=59 (full 18):
 garbage-first heap   total 122880K, used 35558K [0x00000000c0000000, 0x0000000100000000)
  region size 1024K, 0 young (0K), 0 survivors (0K)
 Metaspace       used 61282K, committed 61888K, reserved 1114112K
  class space    used 7365K, committed 7616K, reserved 1048576K
}

