# JRE version: OpenJDK Runtime Environment Temurin-17.0.9+9 (17.0.9+9) (build 17.0.9+9)
# Java VM: OpenJDK 64-Bit Server VM Temurin-17.0.9+9 (17.0.9+9, mixed mode, emulated-client, tiered, compressed oops, compressed class ptrs, g1 gc, windows-amd64)
GC Precious Log:
 CPUs: 4 total, 4 available
 Memory: 8103M
 Large Page Support: Disabled
 NUMA Support: Disabled
 Compressed Oops: Enabled (32-bit)
 Heap Region Size: 1M
 Heap Min Capacity: 8M
 Heap Initial Capacity: 128M
 Heap Max Capacity: 1G
 Pre-touch: Disabled
 Parallel Workers: 4
 Concurrent Workers: 1
 Concurrent Refinement Workers: 4
 Periodic GC: Disabled
Heap:
 garbage-first heap   total 103424K, used 33792K [0x00000000c0000000, 0x0000000100000000)
  region size 1024K, 1 young (1024K), 0 survivors (0K)
 Metaspace       used 60600K, committed 61056K, reserved 1114112K
  class space    used 7256K, committed 7488K, reserved 1048576K
GC Heap History (20 events):
Event: 906.785 GC heap before
{Heap before GC invocations=95 (full 69):
 garbage-first heap   total 103424K, used 33792K [0x00000000c0000000, 0x0000000100000000)
  region size 1024K, 1 young (1024K), 0 survivors (0K)
 Metaspace       used 60600K, committed 61056K, reserved 1114112K
  class space    used 7256K, committed 7488K, reserved 1048576K
}
Event: 906.824 GC heap after
{Heap after GC invocations=96 (full 70):
 garbage-first heap   total 103424K, used 33792K [0x00000000c0000000, 0x0000000100000000)
  region size 1024K, 0 young (0K), 0 survivors (0K)
 Metaspace       used 60600K, committed 61056K, reserved 1114112K
  class space    used 7256K, committed 7488K, reserved 1048576K
}
Event: 917.018 GC heap before
{Heap before GC invocations=96 (full 70):
 garbage-first heap   total 103424K, used 33792K [0x00000000c0000000, 0x0000000100000000)
  region size 1024K, 1 young (1024K), 0 survivors (0K)
 Metaspace       used 60600K, committed 61056K, reserved 1114112K
  class space    used 7256K, committed 7488K, reserved 1048576K
}
Event: 917.060 GC heap after
{Heap after GC invocations=97 (full 71):
 garbage-first heap   total 103424K, used 33792K [0x00000000c0000000, 0x0000000100000000)
  region size 1024K, 0 young (0K), 0 survivors (0K)
 Metaspace       used 60600K, committed 61056K, reserved 1114112K
  class space    used 7256K, committed 7488K, reserved 1048576K
}
Event: 927.267 GC heap before
{Heap before GC invocations=97 (full 71):
 garbage-first heap   total 103424K, used 33792K [0x00000000c0000000, 0x0000000100000000)
  region size 1024K, 1 young (1024K), 0 survivors (0K)
 Metaspace       used 60600K, committed 61056K, reserved 1114112K
  class space    used 7256K, committed 7488K, reserved 1048576K
}
Event: 927.320 GC heap after
{Heap after GC invocations=98 (full 72):
 garbage-first heap   total 103424K, used 33792K [0x00000000c0000000, 0x0000000100000000)
  region size 1024K, 0 young (0K), 0 survivors (0K)
 Metaspace       used 60600K, committed 61056K, reserved 1114112K
  class space    used 7256K, committed 7488K, reserved 1048576K
}
Event: 937.557 GC heap before
{Heap before GC invocations=98 (full 72):
 garbage-first heap   total 103424K, used 33792K [0x00000000c0000000, 0x0000000100000000)
  region size 1024K, 1 young (1024K), 0 survivors (0K)
 Metaspace       used 60600K, committed 61056K, reserved 1114112K
  class space    used 7256K, committed 7488K, reserved 1048576K
}
Event: 937.615 GC heap after
{Heap after GC invocations=99 (full 73):
 garbage-first heap   total 103424K, used 33792K [0x00000000c0000000, 0x0000000100000000)
  region size 1024K, 0 young (0K), 0 survivors (0K)
 Metaspace       used 60600K, committed 61056K, reserved 1114112K
  class space    used 7256K, committed 7488K, reserved 1048576K
}
Event: 947.927 GC heap before
{Heap before GC invocations=99 (full 73):
 garbage-first heap   total 103424K, used 33792K [0x00000000c0000000, 0x0000000100000000)
  region size 1024K, 1 young (1024K), 0 survivors (0K)
 Metaspace       used 60600K, committed 61056K, reserved 1114112K
  class space    used 7256K, committed 7488K, reserved 1048576K
}
Event: 947.974 GC heap after
{Heap after GC invocations=100 (full 74):
 garbage-first heap   total 103424K, used 33792K [0x00000000c0000000, 0x0000000100000000)
  region size 1024K, 0 young (0K), 0 survivors (0K)
 Metaspace       used 60600K, committed 61056K, reserved 1114112K
  class space    used 7256K, committed 7488K, reserved 1048576K
}
Event: 958.138 GC heap before
{Heap before GC invocations=100 (full 74):
 garbage-first heap   total 103424K, used 33792K [0x00000000c0000000, 0x0000000100000000)
  region size 1024K, 1 young (1024K), 0 survivors (0K)
 Metaspace       used 60600K, committed 61056K, reserved 1114112K
  class space    used 7256K, committed 7488K, reserved 1048576K
}
Event: 958.184 GC heap after
{Heap after GC invocations=101 (full 75):
 garbage-first heap   total 103424K, used 33792K [0x00000000c0000000, 0x0000000100000000)
  region size 1024K, 0 young (0K), 0 survivors (0K)
 Metaspace       used 60600K, committed 61056K, reserved 1114112K
  class space    used 7256K, committed 7488K, reserved 1048576K
}
Event: 968.429 GC heap before
{Heap before GC invocations=101 (full 75):
 garbage-first heap   total 103424K, used 33792K [0x00000000c0000000, 0x0000000100000000)
  region size 1024K, 1 young (1024K), 0 survivors (0K)
 Metaspace       used 60600K, committed 61056K, reserved 1114112K
  class space    used 7256K, committed 7488K, reserved 1048576K
}
Event: 968.489 GC heap after
{Heap after GC invocations=102 (full 76):
 garbage-first heap   total 103424K, used 33792K [0x00000000c0000000, 0x0000000100000000)
  region size 1024K, 0 young (0K), 0 survivors (0K)
 Metaspace       used 60600K, committed 61056K, reserved 1114112K
  class space    used 7256K, committed 7488K, reserved 1048576K
}
Event: 978.848 GC heap before
{Heap before GC invocations=102 (full 76):
 garbage-first heap   total 103424K, used 33792K [0x00000000c0000000, 0x0000000100000000)
  region size 1024K, 1 young (1024K), 0 survivors (0K)
 Metaspace       used 60600K, committed 61056K, reserved 1114112K
  class space    used 7256K, committed 7488K, reserved 1048576K
}
Event: 978.903 GC heap after
{Heap after GC invocations=103 (full 77):
 garbage-first heap   total 103424K, used 33792K [0x00000000c0000000, 0x0000000100000000)
  region size 1024K, 0 young (0K), 0 survivors (0K)
 Metaspace       used 60600K, committed 61056K, reserved 1114112K
  class space    used 7256K, committed 7488K, reserved 1048576K
}
Event: 989.097 GC heap before
{Heap before GC invocations=103 (full 77):
 garbage-first heap   total 103424K, used 33792K [0x00000000c0000000, 0x0000000100000000)
  region size 1024K, 1 young (1024K), 0 survivors (0K)
 Metaspace       used 60600K, committed 61056K, reserved 1114112K
  class space    used 7256K, committed 7488K, reserved 1048576K
}
Event: 989.150 GC heap after
{Heap after GC invocations=104 (full 78):
 garbage-first heap   total 103424K, used 33792K [0x00000000c0000000, 0x0000000100000000)
  region size 1024K, 0 young (0K), 0 survivors (0K)
 Metaspace       used 60600K, committed 61056K, reserved 1114112K
  class space    used 7256K, committed 7488K, reserved 1048576K
}
Event: 999.440 GC heap before
{Heap before GC invocations=104 (full 78):
 garbage-first heap   total 103424K, used 33792K [0x00000000c0000000, 0x0000000100000000)
  region size 1024K, 1 young (1024K), 0 survivors (0K)
 Metaspace       used 60600K, committed 61056K, reserved 1114112K
  class space    used 7256K, committed 7488K, reserved 1048576K
}
Event: 999.510 GC heap after
{Heap after GC invocations=105 (full 79):
 garbage-first heap   total 103424K, used 33792K [0x00000000c0000000, 0x0000000100000000)
  region size 1024K, 0 young (0K), 0 survivors (0K)
 Metaspace       used 60600K, committed 61056K, reserved 1114112K
  class space    used 7256K, committed 7488K, reserved 1048576K
}

