# JRE version: OpenJDK Runtime Environment Temurin-17.0.9+9 (17.0.9+9) (build 17.0.9+9)
# Java VM: OpenJDK 64-Bit Server VM Temurin-17.0.9+9 (17.0.9+9, mixed mode, emulated-client, tiered, compressed oops, compressed class ptrs, g1 gc, windows-amd64)
GC Precious Log:
 CPUs: 4 total, 4 available
 Memory: 8103M
 Large Page Support: Disabled
 NUMA Support: Disabled
 Compressed Oops: Enabled (32-bit)
 Heap Region Size: 1M
 Heap Min Capacity: 8M
 Heap Initial Capacity: 128M
 Heap Max Capacity: 1G
 Pre-touch: Disabled
 Parallel Workers: 4
 Concurrent Workers: 1
 Concurrent Refinement Workers: 4
 Periodic GC: Disabled
Heap:
 garbage-first heap   total 120832K, used 36462K [0x00000000c0000000, 0x0000000100000000)
  region size 1024K, 1 young (1024K), 0 survivors (0K)
 Metaspace       used 61457K, committed 61888K, reserved 1114112K
  class space    used 7408K, committed 7616K, reserved 1048576K
GC Heap History (20 events):
Event: 1079.649 GC heap before
{Heap before GC invocations=92 (full 64):
 garbage-first heap   total 78848K, used 35871K [0x00000000c0000000, 0x0000000100000000)
  region size 1024K, 2 young (2048K), 0 survivors (0K)
 Metaspace       used 61157K, committed 61632K, reserved 1114112K
  class space    used 7349K, committed 7552K, reserved 1048576K
}
Event: 1079.650 GC heap after
{Heap after GC invocations=93 (full 64):
 garbage-first heap   total 78848K, used 35084K [0x00000000c0000000, 0x0000000100000000)
  region size 1024K, 1 young (1024K), 1 survivors (1024K)
 Metaspace       used 61157K, committed 61632K, reserved 1114112K
  class space    used 7349K, committed 7552K, reserved 1048576K
}
Event: 1084.945 GC heap before
{Heap before GC invocations=94 (full 64):
 garbage-first heap   total 86016K, used 66828K [0x00000000c0000000, 0x0000000100000000)
  region size 1024K, 24 young (24576K), 1 survivors (1024K)
 Metaspace       used 61350K, committed 61696K, reserved 1114112K
  class space    used 7387K, committed 7552K, reserved 1048576K
}
Event: 1084.950 GC heap after
{Heap after GC invocations=95 (full 64):
 garbage-first heap   total 86016K, used 36605K [0x00000000c0000000, 0x0000000100000000)
  region size 1024K, 3 young (3072K), 3 survivors (3072K)
 Metaspace       used 61350K, committed 61696K, reserved 1114112K
  class space    used 7387K, committed 7552K, reserved 1048576K
}
Event: 1085.478 GC heap before
{Heap before GC invocations=95 (full 64):
 garbage-first heap   total 86016K, used 66301K [0x00000000c0000000, 0x0000000100000000)
  region size 1024K, 29 young (29696K), 3 survivors (3072K)
 Metaspace       used 61435K, committed 61824K, reserved 1114112K
  class space    used 7404K, committed 7616K, reserved 1048576K
}
Event: 1085.486 GC heap after
{Heap after GC invocations=96 (full 64):
 garbage-first heap   total 86016K, used 36687K [0x00000000c0000000, 0x0000000100000000)
  region size 1024K, 1 young (1024K), 1 survivors (1024K)
 Metaspace       used 61435K, committed 61824K, reserved 1114112K
  class space    used 7404K, committed 7616K, reserved 1048576K
}
Event: 1085.552 GC heap before
{Heap before GC invocations=96 (full 64):
 garbage-first heap   total 86016K, used 56143K [0x00000000c0000000, 0x0000000100000000)
  region size 1024K, 20 young (20480K), 1 survivors (1024K)
 Metaspace       used 61435K, committed 61824K, reserved 1114112K
  class space    used 7404K, committed 7616K, reserved 1048576K
}
Event: 1085.558 GC heap after
{Heap after GC invocations=97 (full 64):
 garbage-first heap   total 86016K, used 38389K [0x00000000c0000000, 0x0000000100000000)
  region size 1024K, 2 young (2048K), 2 survivors (2048K)
 Metaspace       used 61435K, committed 61824K, reserved 1114112K
  class space    used 7404K, committed 7616K, reserved 1048576K
}
Event: 1131.517 GC heap before
{Heap before GC invocations=97 (full 64):
 garbage-first heap   total 86016K, used 67061K [0x00000000c0000000, 0x0000000100000000)
  region size 1024K, 29 young (29696K), 2 survivors (2048K)
 Metaspace       used 61457K, committed 61888K, reserved 1114112K
  class space    used 7408K, committed 7616K, reserved 1048576K
}
Event: 1131.519 GC heap after
{Heap after GC invocations=98 (full 64):
 garbage-first heap   total 86016K, used 36512K [0x00000000c0000000, 0x0000000100000000)
  region size 1024K, 1 young (1024K), 1 survivors (1024K)
 Metaspace       used 61457K, committed 61888K, reserved 1114112K
  class space    used 7408K, committed 7616K, reserved 1048576K
}
Event: 1131.941 GC heap before
{Heap before GC invocations=98 (full 64):
 garbage-first heap   total 86016K, used 66208K [0x00000000c0000000, 0x0000000100000000)
  region size 1024K, 31 young (31744K), 1 survivors (1024K)
 Metaspace       used 61457K, committed 61888K, reserved 1114112K
  class space    used 7408K, committed 7616K, reserved 1048576K
}
Event: 1131.945 GC heap after
{Heap after GC invocations=99 (full 64):
 garbage-first heap   total 86016K, used 37014K [0x00000000c0000000, 0x0000000100000000)
  region size 1024K, 2 young (2048K), 2 survivors (2048K)
 Metaspace       used 61457K, committed 61888K, reserved 1114112K
  class space    used 7408K, committed 7616K, reserved 1048576K
}
Event: 1131.995 GC heap before
{Heap before GC invocations=99 (full 64):
 garbage-first heap   total 86016K, used 50326K [0x00000000c0000000, 0x0000000100000000)
  region size 1024K, 14 young (14336K), 2 survivors (2048K)
 Metaspace       used 61457K, committed 61888K, reserved 1114112K
  class space    used 7408K, committed 7616K, reserved 1048576K
}
Event: 1131.998 GC heap after
{Heap after GC invocations=100 (full 64):
 garbage-first heap   total 86016K, used 38285K [0x00000000c0000000, 0x0000000100000000)
  region size 1024K, 2 young (2048K), 2 survivors (2048K)
 Metaspace       used 61457K, committed 61888K, reserved 1114112K
  class space    used 7408K, committed 7616K, reserved 1048576K
}
Event: 1132.225 GC heap before
{Heap before GC invocations=100 (full 64):
 garbage-first heap   total 86016K, used 59789K [0x00000000c0000000, 0x0000000100000000)
  region size 1024K, 24 young (24576K), 2 survivors (2048K)
 Metaspace       used 61457K, committed 61888K, reserved 1114112K
  class space    used 7408K, committed 7616K, reserved 1048576K
}
Event: 1132.228 GC heap after
{Heap after GC invocations=101 (full 64):
 garbage-first heap   total 86016K, used 37623K [0x00000000c0000000, 0x0000000100000000)
  region size 1024K, 2 young (2048K), 2 survivors (2048K)
 Metaspace       used 61457K, committed 61888K, reserved 1114112K
  class space    used 7408K, committed 7616K, reserved 1048576K
}
Event: 1132.244 GC heap before
{Heap before GC invocations=101 (full 64):
 garbage-first heap   total 86016K, used 39671K [0x00000000c0000000, 0x0000000100000000)
  region size 1024K, 3 young (3072K), 2 survivors (2048K)
 Metaspace       used 61457K, committed 61888K, reserved 1114112K
  class space    used 7408K, committed 7616K, reserved 1048576K
}
Event: 1132.247 GC heap after
{Heap after GC invocations=102 (full 64):
 garbage-first heap   total 120832K, used 38371K [0x00000000c0000000, 0x0000000100000000)
  region size 1024K, 2 young (2048K), 2 survivors (2048K)
 Metaspace       used 61457K, committed 61888K, reserved 1114112K
  class space    used 7408K, committed 7616K, reserved 1048576K
}
Event: 1165.281 GC heap before
{Heap before GC invocations=102 (full 64):
 garbage-first heap   total 120832K, used 66019K [0x00000000c0000000, 0x0000000100000000)
  region size 1024K, 26 young (26624K), 2 survivors (2048K)
 Metaspace       used 61457K, committed 61888K, reserved 1114112K
  class space    used 7408K, committed 7616K, reserved 1048576K
}
Event: 1165.340 GC heap after
{Heap after GC invocations=103 (full 65):
 garbage-first heap   total 120832K, used 36462K [0x00000000c0000000, 0x0000000100000000)
  region size 1024K, 0 young (0K), 0 survivors (0K)
 Metaspace       used 61457K, committed 61888K, reserved 1114112K
  class space    used 7408K, committed 7616K, reserved 1048576K
}

