# JRE version: OpenJDK Runtime Environment Temurin-17.0.9+9 (17.0.9+9) (build 17.0.9+9)
# Java VM: OpenJDK 64-Bit Server VM Temurin-17.0.9+9 (17.0.9+9, mixed mode, emulated-client, tiered, compressed oops, compressed class ptrs, g1 gc, windows-amd64)
GC Precious Log:
 CPUs: 4 total, 4 available
 Memory: 8103M
 Large Page Support: Disabled
 NUMA Support: Disabled
 Compressed Oops: Enabled (32-bit)
 Heap Region Size: 1M
 Heap Min Capacity: 8M
 Heap Initial Capacity: 128M
 Heap Max Capacity: 1G
 Pre-touch: Disabled
 Parallel Workers: 4
 Concurrent Workers: 1
 Concurrent Refinement Workers: 4
 Periodic GC: Disabled
Heap:
 garbage-first heap   total 128000K, used 46970K [0x00000000c0000000, 0x0000000100000000)
  region size 1024K, 1 young (1024K), 0 survivors (0K)
 Metaspace       used 64550K, committed 65088K, reserved 1114112K
  class space    used 7884K, committed 8128K, reserved 1048576K
GC Heap History (20 events):
Event: 6580.037 GC heap before
{Heap before GC invocations=339 (full 262):
 garbage-first heap   total 128000K, used 44668K [0x00000000c0000000, 0x0000000100000000)
  region size 1024K, 1 young (1024K), 0 survivors (0K)
 Metaspace       used 64550K, committed 65088K, reserved 1114112K
  class space    used 7884K, committed 8128K, reserved 1048576K
}
Event: 6580.110 GC heap after
{Heap after GC invocations=340 (full 263):
 garbage-first heap   total 128000K, used 44668K [0x00000000c0000000, 0x0000000100000000)
  region size 1024K, 0 young (0K), 0 survivors (0K)
 Metaspace       used 64550K, committed 65088K, reserved 1114112K
  class space    used 7884K, committed 8128K, reserved 1048576K
}
Event: 6590.345 GC heap before
{Heap before GC invocations=340 (full 263):
 garbage-first heap   total 128000K, used 44668K [0x00000000c0000000, 0x0000000100000000)
  region size 1024K, 1 young (1024K), 0 survivors (0K)
 Metaspace       used 64550K, committed 65088K, reserved 1114112K
  class space    used 7884K, committed 8128K, reserved 1048576K
}
Event: 6590.420 GC heap after
{Heap after GC invocations=341 (full 264):
 garbage-first heap   total 128000K, used 44668K [0x00000000c0000000, 0x0000000100000000)
  region size 1024K, 0 young (0K), 0 survivors (0K)
 Metaspace       used 64550K, committed 65088K, reserved 1114112K
  class space    used 7884K, committed 8128K, reserved 1048576K
}
Event: 6600.714 GC heap before
{Heap before GC invocations=341 (full 264):
 garbage-first heap   total 128000K, used 44668K [0x00000000c0000000, 0x0000000100000000)
  region size 1024K, 1 young (1024K), 0 survivors (0K)
 Metaspace       used 64550K, committed 65088K, reserved 1114112K
  class space    used 7884K, committed 8128K, reserved 1048576K
}
Event: 6600.789 GC heap after
{Heap after GC invocations=342 (full 265):
 garbage-first heap   total 128000K, used 44668K [0x00000000c0000000, 0x0000000100000000)
  region size 1024K, 0 young (0K), 0 survivors (0K)
 Metaspace       used 64550K, committed 65088K, reserved 1114112K
  class space    used 7884K, committed 8128K, reserved 1048576K
}
Event: 6611.091 GC heap before
{Heap before GC invocations=342 (full 265):
 garbage-first heap   total 128000K, used 44668K [0x00000000c0000000, 0x0000000100000000)
  region size 1024K, 1 young (1024K), 0 survivors (0K)
 Metaspace       used 64550K, committed 65088K, reserved 1114112K
  class space    used 7884K, committed 8128K, reserved 1048576K
}
Event: 6611.167 GC heap after
{Heap after GC invocations=343 (full 266):
 garbage-first heap   total 128000K, used 44668K [0x00000000c0000000, 0x0000000100000000)
  region size 1024K, 0 young (0K), 0 survivors (0K)
 Metaspace       used 64550K, committed 65088K, reserved 1114112K
  class space    used 7884K, committed 8128K, reserved 1048576K
}
Event: 6617.671 GC heap before
{Heap before GC invocations=343 (full 266):
 garbage-first heap   total 128000K, used 91772K [0x00000000c0000000, 0x0000000100000000)
  region size 1024K, 35 young (35840K), 0 survivors (0K)
 Metaspace       used 64550K, committed 65088K, reserved 1114112K
  class space    used 7884K, committed 8128K, reserved 1048576K
}
Event: 6617.678 GC heap after
{Heap after GC invocations=344 (full 266):
 garbage-first heap   total 128000K, used 49516K [0x00000000c0000000, 0x0000000100000000)
  region size 1024K, 3 young (3072K), 3 survivors (3072K)
 Metaspace       used 64550K, committed 65088K, reserved 1114112K
  class space    used 7884K, committed 8128K, reserved 1048576K
}
Event: 6618.993 GC heap before
{Heap before GC invocations=344 (full 266):
 garbage-first heap   total 128000K, used 84332K [0x00000000c0000000, 0x0000000100000000)
  region size 1024K, 26 young (26624K), 3 survivors (3072K)
 Metaspace       used 64550K, committed 65088K, reserved 1114112K
  class space    used 7884K, committed 8128K, reserved 1048576K
}
Event: 6618.997 GC heap after
{Heap after GC invocations=345 (full 266):
 garbage-first heap   total 128000K, used 49788K [0x00000000c0000000, 0x0000000100000000)
  region size 1024K, 2 young (2048K), 2 survivors (2048K)
 Metaspace       used 64550K, committed 65088K, reserved 1114112K
  class space    used 7884K, committed 8128K, reserved 1048576K
}
Event: 6636.299 GC heap before
{Heap before GC invocations=345 (full 266):
 garbage-first heap   total 128000K, used 108156K [0x00000000c0000000, 0x0000000100000000)
  region size 1024K, 56 young (57344K), 2 survivors (2048K)
 Metaspace       used 64550K, committed 65088K, reserved 1114112K
  class space    used 7884K, committed 8128K, reserved 1048576K
}
Event: 6636.313 GC heap after
{Heap after GC invocations=346 (full 266):
 garbage-first heap   total 128000K, used 51013K [0x00000000c0000000, 0x0000000100000000)
  region size 1024K, 7 young (7168K), 7 survivors (7168K)
 Metaspace       used 64550K, committed 65088K, reserved 1114112K
  class space    used 7884K, committed 8128K, reserved 1048576K
}
Event: 6705.503 GC heap before
{Heap before GC invocations=346 (full 266):
 garbage-first heap   total 128000K, used 111429K [0x00000000c0000000, 0x0000000100000000)
  region size 1024K, 54 young (55296K), 7 survivors (7168K)
 Metaspace       used 64550K, committed 65088K, reserved 1114112K
  class space    used 7884K, committed 8128K, reserved 1048576K
}
Event: 6705.524 GC heap after
{Heap after GC invocations=347 (full 266):
 garbage-first heap   total 128000K, used 51271K [0x00000000c0000000, 0x0000000100000000)
  region size 1024K, 2 young (2048K), 2 survivors (2048K)
 Metaspace       used 64550K, committed 65088K, reserved 1114112K
  class space    used 7884K, committed 8128K, reserved 1048576K
}
Event: 6708.011 GC heap before
{Heap before GC invocations=347 (full 266):
 garbage-first heap   total 128000K, used 84039K [0x00000000c0000000, 0x0000000100000000)
  region size 1024K, 25 young (25600K), 2 survivors (2048K)
 Metaspace       used 64550K, committed 65088K, reserved 1114112K
  class space    used 7884K, committed 8128K, reserved 1048576K
}
Event: 6708.017 GC heap after
{Heap after GC invocations=348 (full 266):
 garbage-first heap   total 128000K, used 51890K [0x00000000c0000000, 0x0000000100000000)
  region size 1024K, 1 young (1024K), 1 survivors (1024K)
 Metaspace       used 64550K, committed 65088K, reserved 1114112K
  class space    used 7884K, committed 8128K, reserved 1048576K
}
Event: 6742.456 GC heap before
{Heap before GC invocations=348 (full 266):
 garbage-first heap   total 128000K, used 80562K [0x00000000c0000000, 0x0000000100000000)
  region size 1024K, 22 young (22528K), 1 survivors (1024K)
 Metaspace       used 64550K, committed 65088K, reserved 1114112K
  class space    used 7884K, committed 8128K, reserved 1048576K
}
Event: 6742.538 GC heap after
{Heap after GC invocations=349 (full 267):
 garbage-first heap   total 128000K, used 46970K [0x00000000c0000000, 0x0000000100000000)
  region size 1024K, 0 young (0K), 0 survivors (0K)
 Metaspace       used 64550K, committed 65088K, reserved 1114112K
  class space    used 7884K, committed 8128K, reserved 1048576K
}

