# JRE version: OpenJDK Runtime Environment Temurin-17.0.9+9 (17.0.9+9) (build 17.0.9+9)
# Java VM: OpenJDK 64-Bit Server VM Temurin-17.0.9+9 (17.0.9+9, mixed mode, emulated-client, tiered, compressed oops, compressed class ptrs, g1 gc, windows-amd64)
GC Precious Log:
 CPUs: 4 total, 4 available
 Memory: 8103M
 Large Page Support: Disabled
 NUMA Support: Disabled
 Compressed Oops: Enabled (32-bit)
 Heap Region Size: 1M
 Heap Min Capacity: 8M
 Heap Initial Capacity: 128M
 Heap Max Capacity: 1G
 Pre-touch: Disabled
 Parallel Workers: 4
 Concurrent Workers: 1
 Concurrent Refinement Workers: 4
 Periodic GC: Disabled
Heap:
 garbage-first heap   total 83968K, used 34456K [0x00000000c0000000, 0x0000000100000000)
  region size 1024K, 1 young (1024K), 0 survivors (0K)
 Metaspace       used 58782K, committed 59520K, reserved 1114112K
  class space    used 6982K, committed 7296K, reserved 1048576K
GC Heap History (20 events):
Event: 90.934 GC heap before
{Heap before GC invocations=17 (full 0):
 garbage-first heap   total 83968K, used 56592K [0x00000000c0000000, 0x0000000100000000)
  region size 1024K, 20 young (20480K), 3 survivors (3072K)
 Metaspace       used 59005K, committed 59520K, reserved 1114112K
  class space    used 7034K, committed 7296K, reserved 1048576K
}
Event: 90.991 GC heap after
{Heap after GC invocations=18 (full 1):
 garbage-first heap   total 83968K, used 38701K [0x00000000c0000000, 0x0000000100000000)
  region size 1024K, 0 young (0K), 0 survivors (0K)
 Metaspace       used 59005K, committed 59520K, reserved 1114112K
  class space    used 7034K, committed 7296K, reserved 1048576K
}
Event: 101.210 GC heap before
{Heap before GC invocations=18 (full 1):
 garbage-first heap   total 83968K, used 38701K [0x00000000c0000000, 0x0000000100000000)
  region size 1024K, 1 young (1024K), 0 survivors (0K)
 Metaspace       used 59005K, committed 59520K, reserved 1114112K
  class space    used 7034K, committed 7296K, reserved 1048576K
}
Event: 101.280 GC heap after
{Heap after GC invocations=19 (full 2):
 garbage-first heap   total 83968K, used 34456K [0x00000000c0000000, 0x0000000100000000)
  region size 1024K, 0 young (0K), 0 survivors (0K)
 Metaspace       used 58761K, committed 59520K, reserved 1114112K
  class space    used 6979K, committed 7296K, reserved 1048576K
}
Event: 121.480 GC heap before
{Heap before GC invocations=19 (full 2):
 garbage-first heap   total 83968K, used 34456K [0x00000000c0000000, 0x0000000100000000)
  region size 1024K, 1 young (1024K), 0 survivors (0K)
 Metaspace       used 58782K, committed 59520K, reserved 1114112K
  class space    used 6982K, committed 7296K, reserved 1048576K
}
Event: 121.535 GC heap after
{Heap after GC invocations=20 (full 3):
 garbage-first heap   total 83968K, used 34468K [0x00000000c0000000, 0x0000000100000000)
  region size 1024K, 0 young (0K), 0 survivors (0K)
 Metaspace       used 58782K, committed 59520K, reserved 1114112K
  class space    used 6982K, committed 7296K, reserved 1048576K
}
Event: 131.717 GC heap before
{Heap before GC invocations=20 (full 3):
 garbage-first heap   total 83968K, used 34468K [0x00000000c0000000, 0x0000000100000000)
  region size 1024K, 1 young (1024K), 0 survivors (0K)
 Metaspace       used 58782K, committed 59520K, reserved 1114112K
  class space    used 6982K, committed 7296K, reserved 1048576K
}
Event: 131.775 GC heap after
{Heap after GC invocations=21 (full 4):
 garbage-first heap   total 83968K, used 34468K [0x00000000c0000000, 0x0000000100000000)
  region size 1024K, 0 young (0K), 0 survivors (0K)
 Metaspace       used 58782K, committed 59520K, reserved 1114112K
  class space    used 6982K, committed 7296K, reserved 1048576K
}
Event: 141.959 GC heap before
{Heap before GC invocations=21 (full 4):
 garbage-first heap   total 83968K, used 34468K [0x00000000c0000000, 0x0000000100000000)
  region size 1024K, 1 young (1024K), 0 survivors (0K)
 Metaspace       used 58782K, committed 59520K, reserved 1114112K
  class space    used 6982K, committed 7296K, reserved 1048576K
}
Event: 142.013 GC heap after
{Heap after GC invocations=22 (full 5):
 garbage-first heap   total 83968K, used 34468K [0x00000000c0000000, 0x0000000100000000)
  region size 1024K, 0 young (0K), 0 survivors (0K)
 Metaspace       used 58782K, committed 59520K, reserved 1114112K
  class space    used 6982K, committed 7296K, reserved 1048576K
}
Event: 152.197 GC heap before
{Heap before GC invocations=22 (full 5):
 garbage-first heap   total 83968K, used 34468K [0x00000000c0000000, 0x0000000100000000)
  region size 1024K, 1 young (1024K), 0 survivors (0K)
 Metaspace       used 58782K, committed 59520K, reserved 1114112K
  class space    used 6982K, committed 7296K, reserved 1048576K
}
Event: 152.252 GC heap after
{Heap after GC invocations=23 (full 6):
 garbage-first heap   total 83968K, used 34468K [0x00000000c0000000, 0x0000000100000000)
  region size 1024K, 0 young (0K), 0 survivors (0K)
 Metaspace       used 58782K, committed 59520K, reserved 1114112K
  class space    used 6982K, committed 7296K, reserved 1048576K
}
Event: 162.431 GC heap before
{Heap before GC invocations=23 (full 6):
 garbage-first heap   total 83968K, used 34468K [0x00000000c0000000, 0x0000000100000000)
  region size 1024K, 1 young (1024K), 0 survivors (0K)
 Metaspace       used 58782K, committed 59520K, reserved 1114112K
  class space    used 6982K, committed 7296K, reserved 1048576K
}
Event: 162.482 GC heap after
{Heap after GC invocations=24 (full 7):
 garbage-first heap   total 83968K, used 34456K [0x00000000c0000000, 0x0000000100000000)
  region size 1024K, 0 young (0K), 0 survivors (0K)
 Metaspace       used 58782K, committed 59520K, reserved 1114112K
  class space    used 6982K, committed 7296K, reserved 1048576K
}
Event: 172.663 GC heap before
{Heap before GC invocations=24 (full 7):
 garbage-first heap   total 83968K, used 34456K [0x00000000c0000000, 0x0000000100000000)
  region size 1024K, 1 young (1024K), 0 survivors (0K)
 Metaspace       used 58782K, committed 59520K, reserved 1114112K
  class space    used 6982K, committed 7296K, reserved 1048576K
}
Event: 172.715 GC heap after
{Heap after GC invocations=25 (full 8):
 garbage-first heap   total 83968K, used 34456K [0x00000000c0000000, 0x0000000100000000)
  region size 1024K, 0 young (0K), 0 survivors (0K)
 Metaspace       used 58782K, committed 59520K, reserved 1114112K
  class space    used 6982K, committed 7296K, reserved 1048576K
}
Event: 182.896 GC heap before
{Heap before GC invocations=25 (full 8):
 garbage-first heap   total 83968K, used 34456K [0x00000000c0000000, 0x0000000100000000)
  region size 1024K, 1 young (1024K), 0 survivors (0K)
 Metaspace       used 58782K, committed 59520K, reserved 1114112K
  class space    used 6982K, committed 7296K, reserved 1048576K
}
Event: 182.953 GC heap after
{Heap after GC invocations=26 (full 9):
 garbage-first heap   total 83968K, used 34456K [0x00000000c0000000, 0x0000000100000000)
  region size 1024K, 0 young (0K), 0 survivors (0K)
 Metaspace       used 58782K, committed 59520K, reserved 1114112K
  class space    used 6982K, committed 7296K, reserved 1048576K
}
Event: 193.136 GC heap before
{Heap before GC invocations=26 (full 9):
 garbage-first heap   total 83968K, used 34456K [0x00000000c0000000, 0x0000000100000000)
  region size 1024K, 1 young (1024K), 0 survivors (0K)
 Metaspace       used 58782K, committed 59520K, reserved 1114112K
  class space    used 6982K, committed 7296K, reserved 1048576K
}
Event: 193.193 GC heap after
{Heap after GC invocations=27 (full 10):
 garbage-first heap   total 83968K, used 34456K [0x00000000c0000000, 0x0000000100000000)
  region size 1024K, 0 young (0K), 0 survivors (0K)
 Metaspace       used 58782K, committed 59520K, reserved 1114112K
  class space    used 6982K, committed 7296K, reserved 1048576K
}

