# JRE version: OpenJDK Runtime Environment Temurin-17.0.9+9 (17.0.9+9) (build 17.0.9+9)
# Java VM: OpenJDK 64-Bit Server VM Temurin-17.0.9+9 (17.0.9+9, mixed mode, emulated-client, tiered, compressed oops, compressed class ptrs, g1 gc, windows-amd64)
GC Precious Log:
 CPUs: 4 total, 4 available
 Memory: 8103M
 Large Page Support: Disabled
 NUMA Support: Disabled
 Compressed Oops: Enabled (32-bit)
 Heap Region Size: 1M
 Heap Min Capacity: 8M
 Heap Initial Capacity: 128M
 Heap Max Capacity: 1G
 Pre-touch: Disabled
 Parallel Workers: 4
 Concurrent Workers: 1
 Concurrent Refinement Workers: 4
 Periodic GC: Disabled
Heap:
 garbage-first heap   total 97280K, used 42120K [0x00000000c0000000, 0x0000000100000000)
  region size 1024K, 1 young (1024K), 0 survivors (0K)
 Metaspace       used 62205K, committed 62720K, reserved 1114112K
  class space    used 7467K, committed 7680K, reserved 1048576K
GC Heap History (20 events):
Event: 8.801 GC heap before
{Heap before GC invocations=15 (full 0):
 garbage-first heap   total 78848K, used 60494K [0x00000000c0000000, 0x0000000100000000)
  region size 1024K, 28 young (28672K), 3 survivors (3072K)
 Metaspace       used 47118K, committed 47616K, reserved 1114112K
  class space    used 5743K, committed 5952K, reserved 1048576K
}
Event: 8.809 GC heap after
{Heap after GC invocations=16 (full 0):
 garbage-first heap   total 97280K, used 36279K [0x00000000c0000000, 0x0000000100000000)
  region size 1024K, 3 young (3072K), 3 survivors (3072K)
 Metaspace       used 47118K, committed 47616K, reserved 1114112K
  class space    used 5743K, committed 5952K, reserved 1048576K
}
Event: 9.981 GC heap before
{Heap before GC invocations=16 (full 0):
 garbage-first heap   total 97280K, used 74167K [0x00000000c0000000, 0x0000000100000000)
  region size 1024K, 39 young (39936K), 3 survivors (3072K)
 Metaspace       used 55204K, committed 55680K, reserved 1114112K
  class space    used 6633K, committed 6848K, reserved 1048576K
}
Event: 9.989 GC heap after
{Heap after GC invocations=17 (full 0):
 garbage-first heap   total 97280K, used 45959K [0x00000000c0000000, 0x0000000100000000)
  region size 1024K, 5 young (5120K), 5 survivors (5120K)
 Metaspace       used 55204K, committed 55680K, reserved 1114112K
  class space    used 6633K, committed 6848K, reserved 1048576K
}
Event: 10.463 GC heap before
{Heap before GC invocations=17 (full 0):
 garbage-first heap   total 97280K, used 71559K [0x00000000c0000000, 0x0000000100000000)
  region size 1024K, 31 young (31744K), 5 survivors (5120K)
 Metaspace       used 56993K, committed 57536K, reserved 1114112K
  class space    used 6856K, committed 7104K, reserved 1048576K
}
Event: 10.470 GC heap after
{Heap after GC invocations=18 (full 0):
 garbage-first heap   total 97280K, used 48482K [0x00000000c0000000, 0x0000000100000000)
  region size 1024K, 3 young (3072K), 3 survivors (3072K)
 Metaspace       used 56993K, committed 57536K, reserved 1114112K
  class space    used 6856K, committed 7104K, reserved 1048576K
}
Event: 46.663 GC heap before
{Heap before GC invocations=18 (full 0):
 garbage-first heap   total 97280K, used 67938K [0x00000000c0000000, 0x0000000100000000)
  region size 1024K, 24 young (24576K), 3 survivors (3072K)
 Metaspace       used 60480K, committed 61056K, reserved 1114112K
  class space    used 7230K, committed 7488K, reserved 1048576K
}
Event: 46.730 GC heap after
{Heap after GC invocations=19 (full 1):
 garbage-first heap   total 97280K, used 44499K [0x00000000c0000000, 0x0000000100000000)
  region size 1024K, 0 young (0K), 0 survivors (0K)
 Metaspace       used 60480K, committed 61056K, reserved 1114112K
  class space    used 7230K, committed 7488K, reserved 1048576K
}
Event: 56.941 GC heap before
{Heap before GC invocations=19 (full 1):
 garbage-first heap   total 97280K, used 44499K [0x00000000c0000000, 0x0000000100000000)
  region size 1024K, 1 young (1024K), 0 survivors (0K)
 Metaspace       used 60480K, committed 61056K, reserved 1114112K
  class space    used 7230K, committed 7488K, reserved 1048576K
}
Event: 57.024 GC heap after
{Heap after GC invocations=20 (full 2):
 garbage-first heap   total 97280K, used 44507K [0x00000000c0000000, 0x0000000100000000)
  region size 1024K, 0 young (0K), 0 survivors (0K)
 Metaspace       used 60480K, committed 61056K, reserved 1114112K
  class space    used 7230K, committed 7488K, reserved 1048576K
}
Event: 67.181 GC heap before
{Heap before GC invocations=20 (full 2):
 garbage-first heap   total 97280K, used 44507K [0x00000000c0000000, 0x0000000100000000)
  region size 1024K, 1 young (1024K), 0 survivors (0K)
 Metaspace       used 60480K, committed 61056K, reserved 1114112K
  class space    used 7230K, committed 7488K, reserved 1048576K
}
Event: 67.254 GC heap after
{Heap after GC invocations=21 (full 3):
 garbage-first heap   total 97280K, used 43279K [0x00000000c0000000, 0x0000000100000000)
  region size 1024K, 0 young (0K), 0 survivors (0K)
 Metaspace       used 60408K, committed 61056K, reserved 1114112K
  class space    used 7212K, committed 7488K, reserved 1048576K
}
Event: 77.449 GC heap before
{Heap before GC invocations=21 (full 3):
 garbage-first heap   total 97280K, used 43279K [0x00000000c0000000, 0x0000000100000000)
  region size 1024K, 1 young (1024K), 0 survivors (0K)
 Metaspace       used 60408K, committed 61056K, reserved 1114112K
  class space    used 7212K, committed 7488K, reserved 1048576K
}
Event: 77.534 GC heap after
{Heap after GC invocations=22 (full 4):
 garbage-first heap   total 97280K, used 40350K [0x00000000c0000000, 0x0000000100000000)
  region size 1024K, 0 young (0K), 0 survivors (0K)
 Metaspace       used 60233K, committed 61056K, reserved 1114112K
  class space    used 7174K, committed 7488K, reserved 1048576K
}
Event: 117.853 GC heap before
{Heap before GC invocations=22 (full 4):
 garbage-first heap   total 97280K, used 57758K [0x00000000c0000000, 0x0000000100000000)
  region size 1024K, 19 young (19456K), 0 survivors (0K)
 Metaspace       used 62216K, committed 62720K, reserved 1114112K
  class space    used 7469K, committed 7680K, reserved 1048576K
}
Event: 117.937 GC heap after
{Heap after GC invocations=23 (full 5):
 garbage-first heap   total 97280K, used 42130K [0x00000000c0000000, 0x0000000100000000)
  region size 1024K, 0 young (0K), 0 survivors (0K)
 Metaspace       used 62203K, committed 62720K, reserved 1114112K
  class space    used 7466K, committed 7680K, reserved 1048576K
}
Event: 128.120 GC heap before
{Heap before GC invocations=23 (full 5):
 garbage-first heap   total 97280K, used 42130K [0x00000000c0000000, 0x0000000100000000)
  region size 1024K, 1 young (1024K), 0 survivors (0K)
 Metaspace       used 62205K, committed 62720K, reserved 1114112K
  class space    used 7467K, committed 7680K, reserved 1048576K
}
Event: 128.187 GC heap after
{Heap after GC invocations=24 (full 6):
 garbage-first heap   total 97280K, used 42121K [0x00000000c0000000, 0x0000000100000000)
  region size 1024K, 0 young (0K), 0 survivors (0K)
 Metaspace       used 62205K, committed 62720K, reserved 1114112K
  class space    used 7467K, committed 7680K, reserved 1048576K
}
Event: 138.431 GC heap before
{Heap before GC invocations=24 (full 6):
 garbage-first heap   total 97280K, used 42121K [0x00000000c0000000, 0x0000000100000000)
  region size 1024K, 1 young (1024K), 0 survivors (0K)
 Metaspace       used 62205K, committed 62720K, reserved 1114112K
  class space    used 7467K, committed 7680K, reserved 1048576K
}
Event: 138.500 GC heap after
{Heap after GC invocations=25 (full 7):
 garbage-first heap   total 97280K, used 42120K [0x00000000c0000000, 0x0000000100000000)
  region size 1024K, 0 young (0K), 0 survivors (0K)
 Metaspace       used 62205K, committed 62720K, reserved 1114112K
  class space    used 7467K, committed 7680K, reserved 1048576K
}

