# JRE version: OpenJDK Runtime Environment Temurin-17.0.9+9 (17.0.9+9) (build 17.0.9+9)
# Java VM: OpenJDK 64-Bit Server VM Temurin-17.0.9+9 (17.0.9+9, mixed mode, emulated-client, tiered, compressed oops, compressed class ptrs, g1 gc, windows-amd64)
GC Precious Log:
 CPUs: 4 total, 4 available
 Memory: 8103M
 Large Page Support: Disabled
 NUMA Support: Disabled
 Compressed Oops: Enabled (32-bit)
 Heap Region Size: 1M
 Heap Min Capacity: 8M
 Heap Initial Capacity: 128M
 Heap Max Capacity: 1G
 Pre-touch: Disabled
 Parallel Workers: 4
 Concurrent Workers: 1
 Concurrent Refinement Workers: 4
 Periodic GC: Disabled
Heap:
 garbage-first heap   total 126976K, used 37761K [0x00000000c0000000, 0x0000000100000000)
  region size 1024K, 1 young (1024K), 0 survivors (0K)
 Metaspace       used 61632K, committed 62080K, reserved 1114112K
  class space    used 7421K, committed 7616K, reserved 1048576K
GC Heap History (20 events):
Event: 1293.715 GC heap before
{Heap before GC invocations=117 (full 71):
 garbage-first heap   total 126976K, used 38974K [0x00000000c0000000, 0x0000000100000000)
  region size 1024K, 1 young (1024K), 0 survivors (0K)
 Metaspace       used 61653K, committed 62080K, reserved 1114112K
  class space    used 7425K, committed 7616K, reserved 1048576K
}
Event: 1293.766 GC heap after
{Heap after GC invocations=118 (full 72):
 garbage-first heap   total 126976K, used 37803K [0x00000000c0000000, 0x0000000100000000)
  region size 1024K, 0 young (0K), 0 survivors (0K)
 Metaspace       used 61653K, committed 62080K, reserved 1114112K
  class space    used 7425K, committed 7616K, reserved 1048576K
}
Event: 1303.942 GC heap before
{Heap before GC invocations=118 (full 72):
 garbage-first heap   total 126976K, used 37803K [0x00000000c0000000, 0x0000000100000000)
  region size 1024K, 1 young (1024K), 0 survivors (0K)
 Metaspace       used 61653K, committed 62080K, reserved 1114112K
  class space    used 7425K, committed 7616K, reserved 1048576K
}
Event: 1303.987 GC heap after
{Heap after GC invocations=119 (full 73):
 garbage-first heap   total 126976K, used 37803K [0x00000000c0000000, 0x0000000100000000)
  region size 1024K, 0 young (0K), 0 survivors (0K)
 Metaspace       used 61653K, committed 62080K, reserved 1114112K
  class space    used 7425K, committed 7616K, reserved 1048576K
}
Event: 1314.225 GC heap before
{Heap before GC invocations=119 (full 73):
 garbage-first heap   total 126976K, used 37803K [0x00000000c0000000, 0x0000000100000000)
  region size 1024K, 1 young (1024K), 0 survivors (0K)
 Metaspace       used 61653K, committed 62080K, reserved 1114112K
  class space    used 7425K, committed 7616K, reserved 1048576K
}
Event: 1314.345 GC heap after
{Heap after GC invocations=120 (full 74):
 garbage-first heap   total 126976K, used 37800K [0x00000000c0000000, 0x0000000100000000)
  region size 1024K, 0 young (0K), 0 survivors (0K)
 Metaspace       used 61653K, committed 62080K, reserved 1114112K
  class space    used 7425K, committed 7616K, reserved 1048576K
}
Event: 1324.510 GC heap before
{Heap before GC invocations=120 (full 74):
 garbage-first heap   total 126976K, used 37800K [0x00000000c0000000, 0x0000000100000000)
  region size 1024K, 1 young (1024K), 0 survivors (0K)
 Metaspace       used 61653K, committed 62080K, reserved 1114112K
  class space    used 7425K, committed 7616K, reserved 1048576K
}
Event: 1324.563 GC heap after
{Heap after GC invocations=121 (full 75):
 garbage-first heap   total 126976K, used 37800K [0x00000000c0000000, 0x0000000100000000)
  region size 1024K, 0 young (0K), 0 survivors (0K)
 Metaspace       used 61653K, committed 62080K, reserved 1114112K
  class space    used 7425K, committed 7616K, reserved 1048576K
}
Event: 1334.707 GC heap before
{Heap before GC invocations=121 (full 75):
 garbage-first heap   total 126976K, used 37800K [0x00000000c0000000, 0x0000000100000000)
  region size 1024K, 1 young (1024K), 0 survivors (0K)
 Metaspace       used 61653K, committed 62080K, reserved 1114112K
  class space    used 7425K, committed 7616K, reserved 1048576K
}
Event: 1334.756 GC heap after
{Heap after GC invocations=122 (full 76):
 garbage-first heap   total 126976K, used 37800K [0x00000000c0000000, 0x0000000100000000)
  region size 1024K, 0 young (0K), 0 survivors (0K)
 Metaspace       used 61653K, committed 62080K, reserved 1114112K
  class space    used 7425K, committed 7616K, reserved 1048576K
}
Event: 1344.945 GC heap before
{Heap before GC invocations=122 (full 76):
 garbage-first heap   total 126976K, used 37800K [0x00000000c0000000, 0x0000000100000000)
  region size 1024K, 1 young (1024K), 0 survivors (0K)
 Metaspace       used 61653K, committed 62080K, reserved 1114112K
  class space    used 7425K, committed 7616K, reserved 1048576K
}
Event: 1345.006 GC heap after
{Heap after GC invocations=123 (full 77):
 garbage-first heap   total 126976K, used 37761K [0x00000000c0000000, 0x0000000100000000)
  region size 1024K, 0 young (0K), 0 survivors (0K)
 Metaspace       used 61632K, committed 62080K, reserved 1114112K
  class space    used 7421K, committed 7616K, reserved 1048576K
}
Event: 1355.165 GC heap before
{Heap before GC invocations=123 (full 77):
 garbage-first heap   total 126976K, used 37761K [0x00000000c0000000, 0x0000000100000000)
  region size 1024K, 1 young (1024K), 0 survivors (0K)
 Metaspace       used 61632K, committed 62080K, reserved 1114112K
  class space    used 7421K, committed 7616K, reserved 1048576K
}
Event: 1355.216 GC heap after
{Heap after GC invocations=124 (full 78):
 garbage-first heap   total 126976K, used 37761K [0x00000000c0000000, 0x0000000100000000)
  region size 1024K, 0 young (0K), 0 survivors (0K)
 Metaspace       used 61632K, committed 62080K, reserved 1114112K
  class space    used 7421K, committed 7616K, reserved 1048576K
}
Event: 1365.397 GC heap before
{Heap before GC invocations=124 (full 78):
 garbage-first heap   total 126976K, used 37761K [0x00000000c0000000, 0x0000000100000000)
  region size 1024K, 1 young (1024K), 0 survivors (0K)
 Metaspace       used 61632K, committed 62080K, reserved 1114112K
  class space    used 7421K, committed 7616K, reserved 1048576K
}
Event: 1365.461 GC heap after
{Heap after GC invocations=125 (full 79):
 garbage-first heap   total 126976K, used 37761K [0x00000000c0000000, 0x0000000100000000)
  region size 1024K, 0 young (0K), 0 survivors (0K)
 Metaspace       used 61632K, committed 62080K, reserved 1114112K
  class space    used 7421K, committed 7616K, reserved 1048576K
}
Event: 1375.628 GC heap before
{Heap before GC invocations=125 (full 79):
 garbage-first heap   total 126976K, used 37761K [0x00000000c0000000, 0x0000000100000000)
  region size 1024K, 1 young (1024K), 0 survivors (0K)
 Metaspace       used 61632K, committed 62080K, reserved 1114112K
  class space    used 7421K, committed 7616K, reserved 1048576K
}
Event: 1375.670 GC heap after
{Heap after GC invocations=126 (full 80):
 garbage-first heap   total 126976K, used 37761K [0x00000000c0000000, 0x0000000100000000)
  region size 1024K, 0 young (0K), 0 survivors (0K)
 Metaspace       used 61632K, committed 62080K, reserved 1114112K
  class space    used 7421K, committed 7616K, reserved 1048576K
}
Event: 1385.929 GC heap before
{Heap before GC invocations=126 (full 80):
 garbage-first heap   total 126976K, used 37761K [0x00000000c0000000, 0x0000000100000000)
  region size 1024K, 1 young (1024K), 0 survivors (0K)
 Metaspace       used 61632K, committed 62080K, reserved 1114112K
  class space    used 7421K, committed 7616K, reserved 1048576K
}
Event: 1386.001 GC heap after
{Heap after GC invocations=127 (full 81):
 garbage-first heap   total 126976K, used 37761K [0x00000000c0000000, 0x0000000100000000)
  region size 1024K, 0 young (0K), 0 survivors (0K)
 Metaspace       used 61632K, committed 62080K, reserved 1114112K
  class space    used 7421K, committed 7616K, reserved 1048576K
}

