# JRE version: OpenJDK Runtime Environment Temurin-17.0.9+9 (17.0.9+9) (build 17.0.9+9)
# Java VM: OpenJDK 64-Bit Server VM Temurin-17.0.9+9 (17.0.9+9, mixed mode, emulated-client, tiered, compressed oops, compressed class ptrs, g1 gc, windows-amd64)
GC Precious Log:
 CPUs: 4 total, 4 available
 Memory: 8103M
 Large Page Support: Disabled
 NUMA Support: Disabled
 Compressed Oops: Enabled (32-bit)
 Heap Region Size: 1M
 Heap Min Capacity: 8M
 Heap Initial Capacity: 128M
 Heap Max Capacity: 1G
 Pre-touch: Disabled
 Parallel Workers: 4
 Concurrent Workers: 1
 Concurrent Refinement Workers: 4
 Periodic GC: Disabled
Heap:
 garbage-first heap   total 83968K, used 33981K [0x00000000c0000000, 0x0000000100000000)
  region size 1024K, 1 young (1024K), 0 survivors (0K)
 Metaspace       used 61174K, committed 61632K, reserved 1114112K
  class space    used 7346K, committed 7552K, reserved 1048576K
GC Heap History (20 events):
Event: 1764.492 GC heap before
{Heap before GC invocations=178 (full 154):
 garbage-first heap   total 83968K, used 33981K [0x00000000c0000000, 0x0000000100000000)
  region size 1024K, 1 young (1024K), 0 survivors (0K)
 Metaspace       used 61174K, committed 61632K, reserved 1114112K
  class space    used 7346K, committed 7552K, reserved 1048576K
}
Event: 1764.569 GC heap after
{Heap after GC invocations=179 (full 155):
 garbage-first heap   total 83968K, used 33981K [0x00000000c0000000, 0x0000000100000000)
  region size 1024K, 0 young (0K), 0 survivors (0K)
 Metaspace       used 61174K, committed 61632K, reserved 1114112K
  class space    used 7346K, committed 7552K, reserved 1048576K
}
Event: 1774.774 GC heap before
{Heap before GC invocations=179 (full 155):
 garbage-first heap   total 83968K, used 33981K [0x00000000c0000000, 0x0000000100000000)
  region size 1024K, 1 young (1024K), 0 survivors (0K)
 Metaspace       used 61174K, committed 61632K, reserved 1114112K
  class space    used 7346K, committed 7552K, reserved 1048576K
}
Event: 1774.845 GC heap after
{Heap after GC invocations=180 (full 156):
 garbage-first heap   total 83968K, used 33981K [0x00000000c0000000, 0x0000000100000000)
  region size 1024K, 0 young (0K), 0 survivors (0K)
 Metaspace       used 61174K, committed 61632K, reserved 1114112K
  class space    used 7346K, committed 7552K, reserved 1048576K
}
Event: 1785.090 GC heap before
{Heap before GC invocations=180 (full 156):
 garbage-first heap   total 83968K, used 33981K [0x00000000c0000000, 0x0000000100000000)
  region size 1024K, 1 young (1024K), 0 survivors (0K)
 Metaspace       used 61174K, committed 61632K, reserved 1114112K
  class space    used 7346K, committed 7552K, reserved 1048576K
}
Event: 1785.156 GC heap after
{Heap after GC invocations=181 (full 157):
 garbage-first heap   total 83968K, used 33981K [0x00000000c0000000, 0x0000000100000000)
  region size 1024K, 0 young (0K), 0 survivors (0K)
 Metaspace       used 61174K, committed 61632K, reserved 1114112K
  class space    used 7346K, committed 7552K, reserved 1048576K
}
Event: 1795.361 GC heap before
{Heap before GC invocations=181 (full 157):
 garbage-first heap   total 83968K, used 33981K [0x00000000c0000000, 0x0000000100000000)
  region size 1024K, 1 young (1024K), 0 survivors (0K)
 Metaspace       used 61174K, committed 61632K, reserved 1114112K
  class space    used 7346K, committed 7552K, reserved 1048576K
}
Event: 1795.430 GC heap after
{Heap after GC invocations=182 (full 158):
 garbage-first heap   total 83968K, used 33981K [0x00000000c0000000, 0x0000000100000000)
  region size 1024K, 0 young (0K), 0 survivors (0K)
 Metaspace       used 61174K, committed 61632K, reserved 1114112K
  class space    used 7346K, committed 7552K, reserved 1048576K
}
Event: 1805.709 GC heap before
{Heap before GC invocations=182 (full 158):
 garbage-first heap   total 83968K, used 33981K [0x00000000c0000000, 0x0000000100000000)
  region size 1024K, 1 young (1024K), 0 survivors (0K)
 Metaspace       used 61174K, committed 61632K, reserved 1114112K
  class space    used 7346K, committed 7552K, reserved 1048576K
}
Event: 1805.770 GC heap after
{Heap after GC invocations=183 (full 159):
 garbage-first heap   total 83968K, used 33981K [0x00000000c0000000, 0x0000000100000000)
  region size 1024K, 0 young (0K), 0 survivors (0K)
 Metaspace       used 61174K, committed 61632K, reserved 1114112K
  class space    used 7346K, committed 7552K, reserved 1048576K
}
Event: 1815.965 GC heap before
{Heap before GC invocations=183 (full 159):
 garbage-first heap   total 83968K, used 33981K [0x00000000c0000000, 0x0000000100000000)
  region size 1024K, 1 young (1024K), 0 survivors (0K)
 Metaspace       used 61174K, committed 61632K, reserved 1114112K
  class space    used 7346K, committed 7552K, reserved 1048576K
}
Event: 1816.033 GC heap after
{Heap after GC invocations=184 (full 160):
 garbage-first heap   total 83968K, used 33981K [0x00000000c0000000, 0x0000000100000000)
  region size 1024K, 0 young (0K), 0 survivors (0K)
 Metaspace       used 61174K, committed 61632K, reserved 1114112K
  class space    used 7346K, committed 7552K, reserved 1048576K
}
Event: 1826.248 GC heap before
{Heap before GC invocations=184 (full 160):
 garbage-first heap   total 83968K, used 33981K [0x00000000c0000000, 0x0000000100000000)
  region size 1024K, 1 young (1024K), 0 survivors (0K)
 Metaspace       used 61174K, committed 61632K, reserved 1114112K
  class space    used 7346K, committed 7552K, reserved 1048576K
}
Event: 1826.314 GC heap after
{Heap after GC invocations=185 (full 161):
 garbage-first heap   total 83968K, used 33981K [0x00000000c0000000, 0x0000000100000000)
  region size 1024K, 0 young (0K), 0 survivors (0K)
 Metaspace       used 61174K, committed 61632K, reserved 1114112K
  class space    used 7346K, committed 7552K, reserved 1048576K
}
Event: 1836.576 GC heap before
{Heap before GC invocations=185 (full 161):
 garbage-first heap   total 83968K, used 33981K [0x00000000c0000000, 0x0000000100000000)
  region size 1024K, 1 young (1024K), 0 survivors (0K)
 Metaspace       used 61174K, committed 61632K, reserved 1114112K
  class space    used 7346K, committed 7552K, reserved 1048576K
}
Event: 1836.654 GC heap after
{Heap after GC invocations=186 (full 162):
 garbage-first heap   total 83968K, used 33981K [0x00000000c0000000, 0x0000000100000000)
  region size 1024K, 0 young (0K), 0 survivors (0K)
 Metaspace       used 61174K, committed 61632K, reserved 1114112K
  class space    used 7346K, committed 7552K, reserved 1048576K
}
Event: 1846.882 GC heap before
{Heap before GC invocations=186 (full 162):
 garbage-first heap   total 83968K, used 33981K [0x00000000c0000000, 0x0000000100000000)
  region size 1024K, 1 young (1024K), 0 survivors (0K)
 Metaspace       used 61174K, committed 61632K, reserved 1114112K
  class space    used 7346K, committed 7552K, reserved 1048576K
}
Event: 1846.951 GC heap after
{Heap after GC invocations=187 (full 163):
 garbage-first heap   total 83968K, used 33981K [0x00000000c0000000, 0x0000000100000000)
  region size 1024K, 0 young (0K), 0 survivors (0K)
 Metaspace       used 61174K, committed 61632K, reserved 1114112K
  class space    used 7346K, committed 7552K, reserved 1048576K
}
Event: 1857.144 GC heap before
{Heap before GC invocations=187 (full 163):
 garbage-first heap   total 83968K, used 33981K [0x00000000c0000000, 0x0000000100000000)
  region size 1024K, 1 young (1024K), 0 survivors (0K)
 Metaspace       used 61174K, committed 61632K, reserved 1114112K
  class space    used 7346K, committed 7552K, reserved 1048576K
}
Event: 1857.203 GC heap after
{Heap after GC invocations=188 (full 164):
 garbage-first heap   total 83968K, used 33981K [0x00000000c0000000, 0x0000000100000000)
  region size 1024K, 0 young (0K), 0 survivors (0K)
 Metaspace       used 61174K, committed 61632K, reserved 1114112K
  class space    used 7346K, committed 7552K, reserved 1048576K
}

